-- Found ament_cmake: 2.5.5 (/opt/ros/jazzy/share/ament_cmake/cmake)
-- Found Python3: /usr/bin/python3 (found version "3.12.3") found components: Interpreter 
-- Found rosidl_default_generators: 1.6.0 (/opt/ros/jazzy/share/rosidl_default_generators/cmake)
-- Using all available rosidl_typesupport_c: rosidl_typesupport_fastrtps_c;rosidl_typesupport_introspection_c
-- Using all available rosidl_typesupport_cpp: rosidl_typesupport_fastrtps_cpp;rosidl_typesupport_introspection_cpp
-- Found rosidl_adapter: 4.6.7 (/opt/ros/jazzy/share/rosidl_adapter/cmake)
-- Found geometry_msgs: 5.3.6 (/opt/ros/jazzy/share/geometry_msgs/cmake)
-- Found ament_cmake_ros: 0.12.0 (/opt/ros/jazzy/share/ament_cmake_ros/cmake)
-- Using all available rosidl_typesupport_c: rosidl_typesupport_fastrtps_c;rosidl_typesupport_introspection_c
-- Using all available rosidl_typesupport_cpp: rosidl_typesupport_fastrtps_cpp;rosidl_typesupport_introspection_cpp
-- Found python_cmake_module: 0.11.1 (/opt/ros/jazzy/share/python_cmake_module/cmake)
-- Found Python3: /usr/bin/python3 (found version "3.12.3") found components: Interpreter Development NumPy Development.Module Development.Embed 
-- Configuring done (1.6s)
-- Generating done (0.0s)
-- Build files have been written to: /home/ianclark54/ur5e_ws/build/ur5e_waypoint_mover
[  1%] Built target ur5e_waypoint_mover__rosidl_generator_type_description
[  1%] Built target ament_cmake_python_copy_ur5e_waypoint_mover
[  3%] Built target ur5e_waypoint_mover__cpp
[ 25%] Built target ur5e_waypoint_mover__rosidl_generator_c
[ 34%] Built target ur5e_waypoint_mover__rosidl_typesupport_introspection_c
[ 60%] Built target ur5e_waypoint_mover__rosidl_typesupport_c
[ 62%] Built target ur5e_waypoint_mover__rosidl_typesupport_fastrtps_c
[ 60%] Built target ur5e_waypoint_mover__rosidl_typesupport_cpp
[ 71%] Built target ur5e_waypoint_mover__rosidl_typesupport_fastrtps_cpp
[ 81%] Built target ur5e_waypoint_mover__rosidl_typesupport_introspection_cpp
[ 81%] Built target ur5e_waypoint_mover
[ 82%] Built target ur5e_waypoint_mover__py
[ 90%] Built target ur5e_waypoint_mover__rosidl_generator_py
[ 93%] Built target ur5e_waypoint_mover_s__rosidl_typesupport_c
[ 98%] Built target ur5e_waypoint_mover_s__rosidl_typesupport_introspection_c
[100%] Built target ur5e_waypoint_mover_s__rosidl_typesupport_fastrtps_c
running egg_info
writing ur5e_waypoint_mover.egg-info/PKG-INFO
writing dependency_links to ur5e_waypoint_mover.egg-info/dependency_links.txt
writing top-level names to ur5e_waypoint_mover.egg-info/top_level.txt
reading manifest file 'ur5e_waypoint_mover.egg-info/SOURCES.txt'
writing manifest file 'ur5e_waypoint_mover.egg-info/SOURCES.txt'
[100%] Built target ament_cmake_python_build_ur5e_waypoint_mover_egg
-- Install configuration: ""
-- Up-to-date: /home/ianclark54/ur5e_ws/install/ur5e_waypoint_mover/share/ament_index/resource_index/rosidl_interfaces/ur5e_waypoint_mover
-- Up-to-date: /home/ianclark54/ur5e_ws/install/ur5e_waypoint_mover/share/ur5e_waypoint_mover/srv/AddWaypoint.json
-- Up-to-date: /home/ianclark54/ur5e_ws/install/ur5e_waypoint_mover/share/ur5e_waypoint_mover/srv/MoveToPoint.json
-- Up-to-date: /home/ianclark54/ur5e_ws/install/ur5e_waypoint_mover/share/ur5e_waypoint_mover/srv/ExecuteWaypoints.json
-- Up-to-date: /home/ianclark54/ur5e_ws/install/ur5e_waypoint_mover/share/ur5e_waypoint_mover/srv/ListWaypoints.json
-- Up-to-date: /home/ianclark54/ur5e_ws/install/ur5e_waypoint_mover/include/ur5e_waypoint_mover/ur5e_waypoint_mover
-- Up-to-date: /home/ianclark54/ur5e_ws/install/ur5e_waypoint_mover/include/ur5e_waypoint_mover/ur5e_waypoint_mover/msg
-- Up-to-date: /home/ianclark54/ur5e_ws/install/ur5e_waypoint_mover/include/ur5e_waypoint_mover/ur5e_waypoint_mover/msg/rosidl_generator_c__visibility_control.h
-- Up-to-date: /home/ianclark54/ur5e_ws/install/ur5e_waypoint_mover/include/ur5e_waypoint_mover/ur5e_waypoint_mover/srv
-- Up-to-date: /home/ianclark54/ur5e_ws/install/ur5e_waypoint_mover/include/ur5e_waypoint_mover/ur5e_waypoint_mover/srv/add_waypoint.h
-- Up-to-date: /home/ianclark54/ur5e_ws/install/ur5e_waypoint_mover/include/ur5e_waypoint_mover/ur5e_waypoint_mover/srv/detail
-- Up-to-date: /home/ianclark54/ur5e_ws/install/ur5e_waypoint_mover/include/ur5e_waypoint_mover/ur5e_waypoint_mover/srv/detail/list_waypoints__functions.c
-- Up-to-date: /home/ianclark54/ur5e_ws/install/ur5e_waypoint_mover/include/ur5e_waypoint_mover/ur5e_waypoint_mover/srv/detail/move_to_point__functions.h
-- Up-to-date: /home/ianclark54/ur5e_ws/install/ur5e_waypoint_mover/include/ur5e_waypoint_mover/ur5e_waypoint_mover/srv/detail/move_to_point__type_support.h
-- Up-to-date: /home/ianclark54/ur5e_ws/install/ur5e_waypoint_mover/include/ur5e_waypoint_mover/ur5e_waypoint_mover/srv/detail/execute_waypoints__description.c
-- Installing: /home/ianclark54/ur5e_ws/install/ur5e_waypoint_mover/include/ur5e_waypoint_mover/ur5e_waypoint_mover/srv/detail/execute_waypoints__type_support.c
-- Up-to-date: /home/ianclark54/ur5e_ws/install/ur5e_waypoint_mover/include/ur5e_waypoint_mover/ur5e_waypoint_mover/srv/detail/add_waypoint__description.c
-- Up-to-date: /home/ianclark54/ur5e_ws/install/ur5e_waypoint_mover/include/ur5e_waypoint_mover/ur5e_waypoint_mover/srv/detail/execute_waypoints__functions.c
-- Up-to-date: /home/ianclark54/ur5e_ws/install/ur5e_waypoint_mover/include/ur5e_waypoint_mover/ur5e_waypoint_mover/srv/detail/list_waypoints__struct.h
-- Up-to-date: /home/ianclark54/ur5e_ws/install/ur5e_waypoint_mover/include/ur5e_waypoint_mover/ur5e_waypoint_mover/srv/detail/execute_waypoints__functions.h
-- Installing: /home/ianclark54/ur5e_ws/install/ur5e_waypoint_mover/include/ur5e_waypoint_mover/ur5e_waypoint_mover/srv/detail/list_waypoints__type_support.c
-- Installing: /home/ianclark54/ur5e_ws/install/ur5e_waypoint_mover/include/ur5e_waypoint_mover/ur5e_waypoint_mover/srv/detail/move_to_point__type_support.c
-- Up-to-date: /home/ianclark54/ur5e_ws/install/ur5e_waypoint_mover/include/ur5e_waypoint_mover/ur5e_waypoint_mover/srv/detail/list_waypoints__type_support.h
-- Up-to-date: /home/ianclark54/ur5e_ws/install/ur5e_waypoint_mover/include/ur5e_waypoint_mover/ur5e_waypoint_mover/srv/detail/move_to_point__description.c
-- Up-to-date: /home/ianclark54/ur5e_ws/install/ur5e_waypoint_mover/include/ur5e_waypoint_mover/ur5e_waypoint_mover/srv/detail/move_to_point__struct.h
-- Installing: /home/ianclark54/ur5e_ws/install/ur5e_waypoint_mover/include/ur5e_waypoint_mover/ur5e_waypoint_mover/srv/detail/add_waypoint__type_support.c
-- Up-to-date: /home/ianclark54/ur5e_ws/install/ur5e_waypoint_mover/include/ur5e_waypoint_mover/ur5e_waypoint_mover/srv/detail/list_waypoints__description.c
-- Up-to-date: /home/ianclark54/ur5e_ws/install/ur5e_waypoint_mover/include/ur5e_waypoint_mover/ur5e_waypoint_mover/srv/detail/add_waypoint__struct.h
-- Up-to-date: /home/ianclark54/ur5e_ws/install/ur5e_waypoint_mover/include/ur5e_waypoint_mover/ur5e_waypoint_mover/srv/detail/list_waypoints__functions.h
-- Up-to-date: /home/ianclark54/ur5e_ws/install/ur5e_waypoint_mover/include/ur5e_waypoint_mover/ur5e_waypoint_mover/srv/detail/add_waypoint__functions.h
-- Up-to-date: /home/ianclark54/ur5e_ws/install/ur5e_waypoint_mover/include/ur5e_waypoint_mover/ur5e_waypoint_mover/srv/detail/execute_waypoints__type_support.h
-- Up-to-date: /home/ianclark54/ur5e_ws/install/ur5e_waypoint_mover/include/ur5e_waypoint_mover/ur5e_waypoint_mover/srv/detail/add_waypoint__type_support.h
-- Up-to-date: /home/ianclark54/ur5e_ws/install/ur5e_waypoint_mover/include/ur5e_waypoint_mover/ur5e_waypoint_mover/srv/detail/move_to_point__functions.c
-- Up-to-date: /home/ianclark54/ur5e_ws/install/ur5e_waypoint_mover/include/ur5e_waypoint_mover/ur5e_waypoint_mover/srv/detail/add_waypoint__functions.c
-- Up-to-date: /home/ianclark54/ur5e_ws/install/ur5e_waypoint_mover/include/ur5e_waypoint_mover/ur5e_waypoint_mover/srv/detail/execute_waypoints__struct.h
-- Up-to-date: /home/ianclark54/ur5e_ws/install/ur5e_waypoint_mover/include/ur5e_waypoint_mover/ur5e_waypoint_mover/srv/move_to_point.h
-- Up-to-date: /home/ianclark54/ur5e_ws/install/ur5e_waypoint_mover/include/ur5e_waypoint_mover/ur5e_waypoint_mover/srv/list_waypoints.h
-- Up-to-date: /home/ianclark54/ur5e_ws/install/ur5e_waypoint_mover/include/ur5e_waypoint_mover/ur5e_waypoint_mover/srv/execute_waypoints.h
-- Up-to-date: /home/ianclark54/ur5e_ws/install/ur5e_waypoint_mover/share/ur5e_waypoint_mover/environment/library_path.sh
-- Up-to-date: /home/ianclark54/ur5e_ws/install/ur5e_waypoint_mover/share/ur5e_waypoint_mover/environment/library_path.dsv
-- Up-to-date: /home/ianclark54/ur5e_ws/install/ur5e_waypoint_mover/lib/libur5e_waypoint_mover__rosidl_generator_c.so
-- Up-to-date: /home/ianclark54/ur5e_ws/install/ur5e_waypoint_mover/include/ur5e_waypoint_mover/ur5e_waypoint_mover
-- Up-to-date: /home/ianclark54/ur5e_ws/install/ur5e_waypoint_mover/include/ur5e_waypoint_mover/ur5e_waypoint_mover/msg
-- Up-to-date: /home/ianclark54/ur5e_ws/install/ur5e_waypoint_mover/include/ur5e_waypoint_mover/ur5e_waypoint_mover/msg/rosidl_typesupport_fastrtps_c__visibility_control.h
-- Up-to-date: /home/ianclark54/ur5e_ws/install/ur5e_waypoint_mover/include/ur5e_waypoint_mover/ur5e_waypoint_mover/srv
-- Up-to-date: /home/ianclark54/ur5e_ws/install/ur5e_waypoint_mover/include/ur5e_waypoint_mover/ur5e_waypoint_mover/srv/detail
-- Up-to-date: /home/ianclark54/ur5e_ws/install/ur5e_waypoint_mover/include/ur5e_waypoint_mover/ur5e_waypoint_mover/srv/detail/execute_waypoints__rosidl_typesupport_fastrtps_c.h
-- Up-to-date: /home/ianclark54/ur5e_ws/install/ur5e_waypoint_mover/include/ur5e_waypoint_mover/ur5e_waypoint_mover/srv/detail/list_waypoints__rosidl_typesupport_fastrtps_c.h
-- Up-to-date: /home/ianclark54/ur5e_ws/install/ur5e_waypoint_mover/include/ur5e_waypoint_mover/ur5e_waypoint_mover/srv/detail/add_waypoint__rosidl_typesupport_fastrtps_c.h
-- Up-to-date: /home/ianclark54/ur5e_ws/install/ur5e_waypoint_mover/include/ur5e_waypoint_mover/ur5e_waypoint_mover/srv/detail/move_to_point__rosidl_typesupport_fastrtps_c.h
-- Up-to-date: /home/ianclark54/ur5e_ws/install/ur5e_waypoint_mover/lib/libur5e_waypoint_mover__rosidl_typesupport_fastrtps_c.so
-- Up-to-date: /home/ianclark54/ur5e_ws/install/ur5e_waypoint_mover/include/ur5e_waypoint_mover/ur5e_waypoint_mover
-- Up-to-date: /home/ianclark54/ur5e_ws/install/ur5e_waypoint_mover/include/ur5e_waypoint_mover/ur5e_waypoint_mover/msg
-- Up-to-date: /home/ianclark54/ur5e_ws/install/ur5e_waypoint_mover/include/ur5e_waypoint_mover/ur5e_waypoint_mover/msg/rosidl_typesupport_introspection_c__visibility_control.h
-- Up-to-date: /home/ianclark54/ur5e_ws/install/ur5e_waypoint_mover/include/ur5e_waypoint_mover/ur5e_waypoint_mover/srv
-- Up-to-date: /home/ianclark54/ur5e_ws/install/ur5e_waypoint_mover/include/ur5e_waypoint_mover/ur5e_waypoint_mover/srv/detail
-- Up-to-date: /home/ianclark54/ur5e_ws/install/ur5e_waypoint_mover/include/ur5e_waypoint_mover/ur5e_waypoint_mover/srv/detail/execute_waypoints__rosidl_typesupport_introspection_c.h
-- Installing: /home/ianclark54/ur5e_ws/install/ur5e_waypoint_mover/include/ur5e_waypoint_mover/ur5e_waypoint_mover/srv/detail/execute_waypoints__type_support.c
-- Up-to-date: /home/ianclark54/ur5e_ws/install/ur5e_waypoint_mover/include/ur5e_waypoint_mover/ur5e_waypoint_mover/srv/detail/move_to_point__rosidl_typesupport_introspection_c.h
-- Installing: /home/ianclark54/ur5e_ws/install/ur5e_waypoint_mover/include/ur5e_waypoint_mover/ur5e_waypoint_mover/srv/detail/list_waypoints__type_support.c
-- Installing: /home/ianclark54/ur5e_ws/install/ur5e_waypoint_mover/include/ur5e_waypoint_mover/ur5e_waypoint_mover/srv/detail/move_to_point__type_support.c
-- Installing: /home/ianclark54/ur5e_ws/install/ur5e_waypoint_mover/include/ur5e_waypoint_mover/ur5e_waypoint_mover/srv/detail/add_waypoint__type_support.c
-- Up-to-date: /home/ianclark54/ur5e_ws/install/ur5e_waypoint_mover/include/ur5e_waypoint_mover/ur5e_waypoint_mover/srv/detail/list_waypoints__rosidl_typesupport_introspection_c.h
-- Up-to-date: /home/ianclark54/ur5e_ws/install/ur5e_waypoint_mover/include/ur5e_waypoint_mover/ur5e_waypoint_mover/srv/detail/add_waypoint__rosidl_typesupport_introspection_c.h
-- Up-to-date: /home/ianclark54/ur5e_ws/install/ur5e_waypoint_mover/lib/libur5e_waypoint_mover__rosidl_typesupport_introspection_c.so
-- Up-to-date: /home/ianclark54/ur5e_ws/install/ur5e_waypoint_mover/lib/libur5e_waypoint_mover__rosidl_typesupport_c.so
-- Up-to-date: /home/ianclark54/ur5e_ws/install/ur5e_waypoint_mover/include/ur5e_waypoint_mover/ur5e_waypoint_mover
-- Up-to-date: /home/ianclark54/ur5e_ws/install/ur5e_waypoint_mover/include/ur5e_waypoint_mover/ur5e_waypoint_mover/msg
-- Up-to-date: /home/ianclark54/ur5e_ws/install/ur5e_waypoint_mover/include/ur5e_waypoint_mover/ur5e_waypoint_mover/msg/rosidl_generator_cpp__visibility_control.hpp
-- Up-to-date: /home/ianclark54/ur5e_ws/install/ur5e_waypoint_mover/include/ur5e_waypoint_mover/ur5e_waypoint_mover/srv
-- Up-to-date: /home/ianclark54/ur5e_ws/install/ur5e_waypoint_mover/include/ur5e_waypoint_mover/ur5e_waypoint_mover/srv/execute_waypoints.hpp
-- Up-to-date: /home/ianclark54/ur5e_ws/install/ur5e_waypoint_mover/include/ur5e_waypoint_mover/ur5e_waypoint_mover/srv/list_waypoints.hpp
-- Up-to-date: /home/ianclark54/ur5e_ws/install/ur5e_waypoint_mover/include/ur5e_waypoint_mover/ur5e_waypoint_mover/srv/move_to_point.hpp
-- Up-to-date: /home/ianclark54/ur5e_ws/install/ur5e_waypoint_mover/include/ur5e_waypoint_mover/ur5e_waypoint_mover/srv/detail
-- Up-to-date: /home/ianclark54/ur5e_ws/install/ur5e_waypoint_mover/include/ur5e_waypoint_mover/ur5e_waypoint_mover/srv/detail/move_to_point__builder.hpp
-- Up-to-date: /home/ianclark54/ur5e_ws/install/ur5e_waypoint_mover/include/ur5e_waypoint_mover/ur5e_waypoint_mover/srv/detail/move_to_point__traits.hpp
-- Up-to-date: /home/ianclark54/ur5e_ws/install/ur5e_waypoint_mover/include/ur5e_waypoint_mover/ur5e_waypoint_mover/srv/detail/move_to_point__type_support.hpp
-- Up-to-date: /home/ianclark54/ur5e_ws/install/ur5e_waypoint_mover/include/ur5e_waypoint_mover/ur5e_waypoint_mover/srv/detail/add_waypoint__struct.hpp
-- Up-to-date: /home/ianclark54/ur5e_ws/install/ur5e_waypoint_mover/include/ur5e_waypoint_mover/ur5e_waypoint_mover/srv/detail/list_waypoints__builder.hpp
-- Up-to-date: /home/ianclark54/ur5e_ws/install/ur5e_waypoint_mover/include/ur5e_waypoint_mover/ur5e_waypoint_mover/srv/detail/execute_waypoints__traits.hpp
-- Up-to-date: /home/ianclark54/ur5e_ws/install/ur5e_waypoint_mover/include/ur5e_waypoint_mover/ur5e_waypoint_mover/srv/detail/list_waypoints__struct.hpp
-- Up-to-date: /home/ianclark54/ur5e_ws/install/ur5e_waypoint_mover/include/ur5e_waypoint_mover/ur5e_waypoint_mover/srv/detail/move_to_point__struct.hpp
-- Up-to-date: /home/ianclark54/ur5e_ws/install/ur5e_waypoint_mover/include/ur5e_waypoint_mover/ur5e_waypoint_mover/srv/detail/list_waypoints__type_support.hpp
-- Up-to-date: /home/ianclark54/ur5e_ws/install/ur5e_waypoint_mover/include/ur5e_waypoint_mover/ur5e_waypoint_mover/srv/detail/list_waypoints__traits.hpp
-- Up-to-date: /home/ianclark54/ur5e_ws/install/ur5e_waypoint_mover/include/ur5e_waypoint_mover/ur5e_waypoint_mover/srv/detail/execute_waypoints__struct.hpp
-- Up-to-date: /home/ianclark54/ur5e_ws/install/ur5e_waypoint_mover/include/ur5e_waypoint_mover/ur5e_waypoint_mover/srv/detail/add_waypoint__traits.hpp
-- Up-to-date: /home/ianclark54/ur5e_ws/install/ur5e_waypoint_mover/include/ur5e_waypoint_mover/ur5e_waypoint_mover/srv/detail/add_waypoint__type_support.hpp
-- Up-to-date: /home/ianclark54/ur5e_ws/install/ur5e_waypoint_mover/include/ur5e_waypoint_mover/ur5e_waypoint_mover/srv/detail/execute_waypoints__builder.hpp
-- Up-to-date: /home/ianclark54/ur5e_ws/install/ur5e_waypoint_mover/include/ur5e_waypoint_mover/ur5e_waypoint_mover/srv/detail/add_waypoint__builder.hpp
-- Up-to-date: /home/ianclark54/ur5e_ws/install/ur5e_waypoint_mover/include/ur5e_waypoint_mover/ur5e_waypoint_mover/srv/detail/execute_waypoints__type_support.hpp
-- Up-to-date: /home/ianclark54/ur5e_ws/install/ur5e_waypoint_mover/include/ur5e_waypoint_mover/ur5e_waypoint_mover/srv/add_waypoint.hpp
-- Up-to-date: /home/ianclark54/ur5e_ws/install/ur5e_waypoint_mover/include/ur5e_waypoint_mover/ur5e_waypoint_mover
-- Up-to-date: /home/ianclark54/ur5e_ws/install/ur5e_waypoint_mover/include/ur5e_waypoint_mover/ur5e_waypoint_mover/msg
-- Up-to-date: /home/ianclark54/ur5e_ws/install/ur5e_waypoint_mover/include/ur5e_waypoint_mover/ur5e_waypoint_mover/msg/rosidl_typesupport_fastrtps_cpp__visibility_control.h
-- Up-to-date: /home/ianclark54/ur5e_ws/install/ur5e_waypoint_mover/include/ur5e_waypoint_mover/ur5e_waypoint_mover/srv
-- Up-to-date: /home/ianclark54/ur5e_ws/install/ur5e_waypoint_mover/include/ur5e_waypoint_mover/ur5e_waypoint_mover/srv/detail
-- Up-to-date: /home/ianclark54/ur5e_ws/install/ur5e_waypoint_mover/include/ur5e_waypoint_mover/ur5e_waypoint_mover/srv/detail/move_to_point__rosidl_typesupport_fastrtps_cpp.hpp
-- Up-to-date: /home/ianclark54/ur5e_ws/install/ur5e_waypoint_mover/include/ur5e_waypoint_mover/ur5e_waypoint_mover/srv/detail/add_waypoint__rosidl_typesupport_fastrtps_cpp.hpp
-- Up-to-date: /home/ianclark54/ur5e_ws/install/ur5e_waypoint_mover/include/ur5e_waypoint_mover/ur5e_waypoint_mover/srv/detail/dds_fastrtps
-- Up-to-date: /home/ianclark54/ur5e_ws/install/ur5e_waypoint_mover/include/ur5e_waypoint_mover/ur5e_waypoint_mover/srv/detail/execute_waypoints__rosidl_typesupport_fastrtps_cpp.hpp
-- Up-to-date: /home/ianclark54/ur5e_ws/install/ur5e_waypoint_mover/include/ur5e_waypoint_mover/ur5e_waypoint_mover/srv/detail/list_waypoints__rosidl_typesupport_fastrtps_cpp.hpp
-- Up-to-date: /home/ianclark54/ur5e_ws/install/ur5e_waypoint_mover/lib/libur5e_waypoint_mover__rosidl_typesupport_fastrtps_cpp.so
-- Up-to-date: /home/ianclark54/ur5e_ws/install/ur5e_waypoint_mover/include/ur5e_waypoint_mover/ur5e_waypoint_mover
-- Up-to-date: /home/ianclark54/ur5e_ws/install/ur5e_waypoint_mover/include/ur5e_waypoint_mover/ur5e_waypoint_mover/srv
-- Up-to-date: /home/ianclark54/ur5e_ws/install/ur5e_waypoint_mover/include/ur5e_waypoint_mover/ur5e_waypoint_mover/srv/detail
-- Up-to-date: /home/ianclark54/ur5e_ws/install/ur5e_waypoint_mover/include/ur5e_waypoint_mover/ur5e_waypoint_mover/srv/detail/add_waypoint__type_support.cpp
-- Up-to-date: /home/ianclark54/ur5e_ws/install/ur5e_waypoint_mover/include/ur5e_waypoint_mover/ur5e_waypoint_mover/srv/detail/execute_waypoints__rosidl_typesupport_introspection_cpp.hpp
-- Up-to-date: /home/ianclark54/ur5e_ws/install/ur5e_waypoint_mover/include/ur5e_waypoint_mover/ur5e_waypoint_mover/srv/detail/move_to_point__type_support.cpp
-- Up-to-date: /home/ianclark54/ur5e_ws/install/ur5e_waypoint_mover/include/ur5e_waypoint_mover/ur5e_waypoint_mover/srv/detail/execute_waypoints__type_support.cpp
-- Up-to-date: /home/ianclark54/ur5e_ws/install/ur5e_waypoint_mover/include/ur5e_waypoint_mover/ur5e_waypoint_mover/srv/detail/add_waypoint__rosidl_typesupport_introspection_cpp.hpp
-- Up-to-date: /home/ianclark54/ur5e_ws/install/ur5e_waypoint_mover/include/ur5e_waypoint_mover/ur5e_waypoint_mover/srv/detail/list_waypoints__type_support.cpp
-- Up-to-date: /home/ianclark54/ur5e_ws/install/ur5e_waypoint_mover/include/ur5e_waypoint_mover/ur5e_waypoint_mover/srv/detail/list_waypoints__rosidl_typesupport_introspection_cpp.hpp
-- Up-to-date: /home/ianclark54/ur5e_ws/install/ur5e_waypoint_mover/include/ur5e_waypoint_mover/ur5e_waypoint_mover/srv/detail/move_to_point__rosidl_typesupport_introspection_cpp.hpp
-- Up-to-date: /home/ianclark54/ur5e_ws/install/ur5e_waypoint_mover/lib/libur5e_waypoint_mover__rosidl_typesupport_introspection_cpp.so
-- Up-to-date: /home/ianclark54/ur5e_ws/install/ur5e_waypoint_mover/lib/libur5e_waypoint_mover__rosidl_typesupport_cpp.so
-- Up-to-date: /home/ianclark54/ur5e_ws/install/ur5e_waypoint_mover/share/ur5e_waypoint_mover/environment/pythonpath.sh
-- Up-to-date: /home/ianclark54/ur5e_ws/install/ur5e_waypoint_mover/share/ur5e_waypoint_mover/environment/pythonpath.dsv
-- Up-to-date: /home/ianclark54/ur5e_ws/install/ur5e_waypoint_mover/lib/python3.12/site-packages/ur5e_waypoint_mover-1.0.0-py3.12.egg-info
-- Installing: /home/ianclark54/ur5e_ws/install/ur5e_waypoint_mover/lib/python3.12/site-packages/ur5e_waypoint_mover-1.0.0-py3.12.egg-info/top_level.txt
-- Installing: /home/ianclark54/ur5e_ws/install/ur5e_waypoint_mover/lib/python3.12/site-packages/ur5e_waypoint_mover-1.0.0-py3.12.egg-info/SOURCES.txt
-- Installing: /home/ianclark54/ur5e_ws/install/ur5e_waypoint_mover/lib/python3.12/site-packages/ur5e_waypoint_mover-1.0.0-py3.12.egg-info/dependency_links.txt
-- Installing: /home/ianclark54/ur5e_ws/install/ur5e_waypoint_mover/lib/python3.12/site-packages/ur5e_waypoint_mover-1.0.0-py3.12.egg-info/PKG-INFO
-- Up-to-date: /home/ianclark54/ur5e_ws/install/ur5e_waypoint_mover/lib/python3.12/site-packages/ur5e_waypoint_mover
-- Installing: /home/ianclark54/ur5e_ws/install/ur5e_waypoint_mover/lib/python3.12/site-packages/ur5e_waypoint_mover/__init__.py
-- Up-to-date: /home/ianclark54/ur5e_ws/install/ur5e_waypoint_mover/lib/python3.12/site-packages/ur5e_waypoint_mover/ur5e_waypoint_mover_s__rosidl_typesupport_introspection_c.so
-- Up-to-date: /home/ianclark54/ur5e_ws/install/ur5e_waypoint_mover/lib/python3.12/site-packages/ur5e_waypoint_mover/_ur5e_waypoint_mover_s.ep.rosidl_typesupport_fastrtps_c.c
-- Up-to-date: /home/ianclark54/ur5e_ws/install/ur5e_waypoint_mover/lib/python3.12/site-packages/ur5e_waypoint_mover/ur5e_waypoint_mover_s__rosidl_typesupport_c.so
-- Up-to-date: /home/ianclark54/ur5e_ws/install/ur5e_waypoint_mover/lib/python3.12/site-packages/ur5e_waypoint_mover/ur5e_waypoint_mover_s__rosidl_typesupport_fastrtps_c.so
-- Up-to-date: /home/ianclark54/ur5e_ws/install/ur5e_waypoint_mover/lib/python3.12/site-packages/ur5e_waypoint_mover/_ur5e_waypoint_mover_s.ep.rosidl_typesupport_introspection_c.c
-- Up-to-date: /home/ianclark54/ur5e_ws/install/ur5e_waypoint_mover/lib/python3.12/site-packages/ur5e_waypoint_mover/_ur5e_waypoint_mover_s.ep.rosidl_typesupport_c.c
-- Up-to-date: /home/ianclark54/ur5e_ws/install/ur5e_waypoint_mover/lib/python3.12/site-packages/ur5e_waypoint_mover/srv
-- Up-to-date: /home/ianclark54/ur5e_ws/install/ur5e_waypoint_mover/lib/python3.12/site-packages/ur5e_waypoint_mover/srv/__init__.py
-- Up-to-date: /home/ianclark54/ur5e_ws/install/ur5e_waypoint_mover/lib/python3.12/site-packages/ur5e_waypoint_mover/srv/_move_to_point_s.c
-- Up-to-date: /home/ianclark54/ur5e_ws/install/ur5e_waypoint_mover/lib/python3.12/site-packages/ur5e_waypoint_mover/srv/_execute_waypoints.py
-- Up-to-date: /home/ianclark54/ur5e_ws/install/ur5e_waypoint_mover/lib/python3.12/site-packages/ur5e_waypoint_mover/srv/_list_waypoints.py
-- Up-to-date: /home/ianclark54/ur5e_ws/install/ur5e_waypoint_mover/lib/python3.12/site-packages/ur5e_waypoint_mover/srv/_execute_waypoints_s.c
-- Up-to-date: /home/ianclark54/ur5e_ws/install/ur5e_waypoint_mover/lib/python3.12/site-packages/ur5e_waypoint_mover/srv/_add_waypoint.py
-- Up-to-date: /home/ianclark54/ur5e_ws/install/ur5e_waypoint_mover/lib/python3.12/site-packages/ur5e_waypoint_mover/srv/_move_to_point.py
-- Up-to-date: /home/ianclark54/ur5e_ws/install/ur5e_waypoint_mover/lib/python3.12/site-packages/ur5e_waypoint_mover/srv/_add_waypoint_s.c
-- Up-to-date: /home/ianclark54/ur5e_ws/install/ur5e_waypoint_mover/lib/python3.12/site-packages/ur5e_waypoint_mover/srv/_list_waypoints_s.c
Listing '/home/ianclark54/ur5e_ws/install/ur5e_waypoint_mover/lib/python3.12/site-packages/ur5e_waypoint_mover'...
Compiling '/home/ianclark54/ur5e_ws/install/ur5e_waypoint_mover/lib/python3.12/site-packages/ur5e_waypoint_mover/__init__.py'...
Listing '/home/ianclark54/ur5e_ws/install/ur5e_waypoint_mover/lib/python3.12/site-packages/ur5e_waypoint_mover/srv'...
-- Up-to-date: /home/ianclark54/ur5e_ws/install/ur5e_waypoint_mover/lib/python3.12/site-packages/ur5e_waypoint_mover/ur5e_waypoint_mover_s__rosidl_typesupport_fastrtps_c.so
-- Up-to-date: /home/ianclark54/ur5e_ws/install/ur5e_waypoint_mover/lib/python3.12/site-packages/ur5e_waypoint_mover/ur5e_waypoint_mover_s__rosidl_typesupport_introspection_c.so
-- Up-to-date: /home/ianclark54/ur5e_ws/install/ur5e_waypoint_mover/lib/python3.12/site-packages/ur5e_waypoint_mover/ur5e_waypoint_mover_s__rosidl_typesupport_c.so
-- Up-to-date: /home/ianclark54/ur5e_ws/install/ur5e_waypoint_mover/lib/libur5e_waypoint_mover__rosidl_generator_py.so
-- Up-to-date: /home/ianclark54/ur5e_ws/install/ur5e_waypoint_mover/share/ur5e_waypoint_mover/srv/AddWaypoint.idl
-- Up-to-date: /home/ianclark54/ur5e_ws/install/ur5e_waypoint_mover/share/ur5e_waypoint_mover/srv/MoveToPoint.idl
-- Up-to-date: /home/ianclark54/ur5e_ws/install/ur5e_waypoint_mover/share/ur5e_waypoint_mover/srv/ExecuteWaypoints.idl
-- Up-to-date: /home/ianclark54/ur5e_ws/install/ur5e_waypoint_mover/share/ur5e_waypoint_mover/srv/ListWaypoints.idl
-- Installing: /home/ianclark54/ur5e_ws/install/ur5e_waypoint_mover/share/ur5e_waypoint_mover/srv/AddWaypoint.srv
-- Installing: /home/ianclark54/ur5e_ws/install/ur5e_waypoint_mover/share/ur5e_waypoint_mover/srv/MoveToPoint.srv
-- Installing: /home/ianclark54/ur5e_ws/install/ur5e_waypoint_mover/share/ur5e_waypoint_mover/srv/ExecuteWaypoints.srv
-- Installing: /home/ianclark54/ur5e_ws/install/ur5e_waypoint_mover/share/ur5e_waypoint_mover/srv/ListWaypoints.srv
-- Installing: /home/ianclark54/ur5e_ws/install/ur5e_waypoint_mover/lib/ur5e_waypoint_mover/motion_planner_node.py
-- Installing: /home/ianclark54/ur5e_ws/install/ur5e_waypoint_mover/lib/ur5e_waypoint_mover/move_to_point_client.py
-- Up-to-date: /home/ianclark54/ur5e_ws/install/ur5e_waypoint_mover/share/ur5e_waypoint_mover/config
-- Installing: /home/ianclark54/ur5e_ws/install/ur5e_waypoint_mover/share/ur5e_waypoint_mover/config/waypoints.yaml
-- Up-to-date: /home/ianclark54/ur5e_ws/install/ur5e_waypoint_mover/share/ur5e_waypoint_mover/launch
-- Installing: /home/ianclark54/ur5e_ws/install/ur5e_waypoint_mover/share/ur5e_waypoint_mover/launch/motion_planner.launch.py
-- Up-to-date: /home/ianclark54/ur5e_ws/install/ur5e_waypoint_mover/share/ament_index/resource_index/package_run_dependencies/ur5e_waypoint_mover
-- Up-to-date: /home/ianclark54/ur5e_ws/install/ur5e_waypoint_mover/share/ament_index/resource_index/parent_prefix_path/ur5e_waypoint_mover
-- Up-to-date: /home/ianclark54/ur5e_ws/install/ur5e_waypoint_mover/share/ur5e_waypoint_mover/environment/ament_prefix_path.sh
-- Up-to-date: /home/ianclark54/ur5e_ws/install/ur5e_waypoint_mover/share/ur5e_waypoint_mover/environment/ament_prefix_path.dsv
-- Up-to-date: /home/ianclark54/ur5e_ws/install/ur5e_waypoint_mover/share/ur5e_waypoint_mover/environment/path.sh
-- Up-to-date: /home/ianclark54/ur5e_ws/install/ur5e_waypoint_mover/share/ur5e_waypoint_mover/environment/path.dsv
-- Up-to-date: /home/ianclark54/ur5e_ws/install/ur5e_waypoint_mover/share/ur5e_waypoint_mover/local_setup.bash
-- Up-to-date: /home/ianclark54/ur5e_ws/install/ur5e_waypoint_mover/share/ur5e_waypoint_mover/local_setup.sh
-- Up-to-date: /home/ianclark54/ur5e_ws/install/ur5e_waypoint_mover/share/ur5e_waypoint_mover/local_setup.zsh
-- Up-to-date: /home/ianclark54/ur5e_ws/install/ur5e_waypoint_mover/share/ur5e_waypoint_mover/local_setup.dsv
-- Installing: /home/ianclark54/ur5e_ws/install/ur5e_waypoint_mover/share/ur5e_waypoint_mover/package.dsv
-- Up-to-date: /home/ianclark54/ur5e_ws/install/ur5e_waypoint_mover/share/ament_index/resource_index/packages/ur5e_waypoint_mover
-- Up-to-date: /home/ianclark54/ur5e_ws/install/ur5e_waypoint_mover/share/ur5e_waypoint_mover/cmake/export_ur5e_waypoint_mover__rosidl_generator_cExport.cmake
-- Up-to-date: /home/ianclark54/ur5e_ws/install/ur5e_waypoint_mover/share/ur5e_waypoint_mover/cmake/export_ur5e_waypoint_mover__rosidl_generator_cExport-noconfig.cmake
-- Up-to-date: /home/ianclark54/ur5e_ws/install/ur5e_waypoint_mover/share/ur5e_waypoint_mover/cmake/export_ur5e_waypoint_mover__rosidl_typesupport_fastrtps_cExport.cmake
-- Up-to-date: /home/ianclark54/ur5e_ws/install/ur5e_waypoint_mover/share/ur5e_waypoint_mover/cmake/export_ur5e_waypoint_mover__rosidl_typesupport_fastrtps_cExport-noconfig.cmake
-- Up-to-date: /home/ianclark54/ur5e_ws/install/ur5e_waypoint_mover/share/ur5e_waypoint_mover/cmake/ur5e_waypoint_mover__rosidl_typesupport_introspection_cExport.cmake
-- Up-to-date: /home/ianclark54/ur5e_ws/install/ur5e_waypoint_mover/share/ur5e_waypoint_mover/cmake/ur5e_waypoint_mover__rosidl_typesupport_introspection_cExport-noconfig.cmake
-- Up-to-date: /home/ianclark54/ur5e_ws/install/ur5e_waypoint_mover/share/ur5e_waypoint_mover/cmake/ur5e_waypoint_mover__rosidl_typesupport_cExport.cmake
-- Up-to-date: /home/ianclark54/ur5e_ws/install/ur5e_waypoint_mover/share/ur5e_waypoint_mover/cmake/ur5e_waypoint_mover__rosidl_typesupport_cExport-noconfig.cmake
-- Up-to-date: /home/ianclark54/ur5e_ws/install/ur5e_waypoint_mover/share/ur5e_waypoint_mover/cmake/export_ur5e_waypoint_mover__rosidl_generator_cppExport.cmake
-- Up-to-date: /home/ianclark54/ur5e_ws/install/ur5e_waypoint_mover/share/ur5e_waypoint_mover/cmake/export_ur5e_waypoint_mover__rosidl_typesupport_fastrtps_cppExport.cmake
-- Up-to-date: /home/ianclark54/ur5e_ws/install/ur5e_waypoint_mover/share/ur5e_waypoint_mover/cmake/export_ur5e_waypoint_mover__rosidl_typesupport_fastrtps_cppExport-noconfig.cmake
-- Up-to-date: /home/ianclark54/ur5e_ws/install/ur5e_waypoint_mover/share/ur5e_waypoint_mover/cmake/ur5e_waypoint_mover__rosidl_typesupport_introspection_cppExport.cmake
-- Up-to-date: /home/ianclark54/ur5e_ws/install/ur5e_waypoint_mover/share/ur5e_waypoint_mover/cmake/ur5e_waypoint_mover__rosidl_typesupport_introspection_cppExport-noconfig.cmake
-- Up-to-date: /home/ianclark54/ur5e_ws/install/ur5e_waypoint_mover/share/ur5e_waypoint_mover/cmake/ur5e_waypoint_mover__rosidl_typesupport_cppExport.cmake
-- Up-to-date: /home/ianclark54/ur5e_ws/install/ur5e_waypoint_mover/share/ur5e_waypoint_mover/cmake/ur5e_waypoint_mover__rosidl_typesupport_cppExport-noconfig.cmake
-- Up-to-date: /home/ianclark54/ur5e_ws/install/ur5e_waypoint_mover/share/ur5e_waypoint_mover/cmake/export_ur5e_waypoint_mover__rosidl_generator_pyExport.cmake
-- Up-to-date: /home/ianclark54/ur5e_ws/install/ur5e_waypoint_mover/share/ur5e_waypoint_mover/cmake/export_ur5e_waypoint_mover__rosidl_generator_pyExport-noconfig.cmake
-- Up-to-date: /home/ianclark54/ur5e_ws/install/ur5e_waypoint_mover/share/ur5e_waypoint_mover/cmake/rosidl_cmake-extras.cmake
-- Up-to-date: /home/ianclark54/ur5e_ws/install/ur5e_waypoint_mover/share/ur5e_waypoint_mover/cmake/ament_cmake_export_dependencies-extras.cmake
-- Up-to-date: /home/ianclark54/ur5e_ws/install/ur5e_waypoint_mover/share/ur5e_waypoint_mover/cmake/ament_cmake_export_include_directories-extras.cmake
-- Up-to-date: /home/ianclark54/ur5e_ws/install/ur5e_waypoint_mover/share/ur5e_waypoint_mover/cmake/ament_cmake_export_libraries-extras.cmake
-- Up-to-date: /home/ianclark54/ur5e_ws/install/ur5e_waypoint_mover/share/ur5e_waypoint_mover/cmake/ament_cmake_export_targets-extras.cmake
-- Up-to-date: /home/ianclark54/ur5e_ws/install/ur5e_waypoint_mover/share/ur5e_waypoint_mover/cmake/rosidl_cmake_export_typesupport_targets-extras.cmake
-- Up-to-date: /home/ianclark54/ur5e_ws/install/ur5e_waypoint_mover/share/ur5e_waypoint_mover/cmake/rosidl_cmake_export_typesupport_libraries-extras.cmake
-- Up-to-date: /home/ianclark54/ur5e_ws/install/ur5e_waypoint_mover/share/ur5e_waypoint_mover/cmake/ur5e_waypoint_moverConfig.cmake
-- Up-to-date: /home/ianclark54/ur5e_ws/install/ur5e_waypoint_mover/share/ur5e_waypoint_mover/cmake/ur5e_waypoint_moverConfig-version.cmake
-- Installing: /home/ianclark54/ur5e_ws/install/ur5e_waypoint_mover/share/ur5e_waypoint_mover/package.xml
