[0.017s] Invoking command in '/home/ianclark54/ur5e_ws/build/ur5e_waypoint_mover': CMAKE_PREFIX_PATH=${CMAKE_PREFIX_PATH}:/opt/ros/jazzy /usr/bin/cmake /home/ianclark54/ur5e_ws/src/ur5e_waypoint_mover -DCMAKE_INSTALL_PREFIX=/home/ianclark54/ur5e_ws/install/ur5e_waypoint_mover
[0.291s] -- The C compiler identification is GNU 13.3.0
[0.950s] -- The CXX compiler identification is GNU 13.3.0
[1.461s] -- Detecting C compiler ABI info
[1.742s] -- Detecting C compiler ABI info - done
[1.748s] -- Check for working C compiler: /usr/bin/cc - skipped
[1.749s] -- Detecting C compile features
[1.750s] -- Detecting C compile features - done
[1.837s] -- Detecting CXX compiler ABI info
[2.082s] -- Detecting CXX compiler ABI info - done
[2.092s] -- Check for working CXX compiler: /usr/bin/c++ - skipped
[2.092s] -- Detecting CXX compile features
[2.092s] -- Detecting CXX compile features - done
[2.102s] -- Found ament_cmake: 2.5.5 (/opt/ros/jazzy/share/ament_cmake/cmake)
[2.256s] -- Found Python3: /usr/bin/python3 (found version "3.12.3") found components: Interpreter 
[2.412s] -- Found rosidl_default_generators: 1.6.0 (/opt/ros/jazzy/share/rosidl_default_generators/cmake)
[2.422s] -- Using all available rosidl_typesupport_c: rosidl_typesupport_fastrtps_c;rosidl_typesupport_introspection_c
[2.605s] -- Using all available rosidl_typesupport_cpp: rosidl_typesupport_fastrtps_cpp;rosidl_typesupport_introspection_cpp
[2.671s] -- Found rosidl_adapter: 4.6.7 (/opt/ros/jazzy/share/rosidl_adapter/cmake)
[2.677s] -- Found geometry_msgs: 5.3.6 (/opt/ros/jazzy/share/geometry_msgs/cmake)
[3.437s] -- Found ament_cmake_ros: 0.12.0 (/opt/ros/jazzy/share/ament_cmake_ros/cmake)
[3.961s] -- Using all available rosidl_typesupport_c: rosidl_typesupport_fastrtps_c;rosidl_typesupport_introspection_c
[4.659s] -- Using all available rosidl_typesupport_cpp: rosidl_typesupport_fastrtps_cpp;rosidl_typesupport_introspection_cpp
[4.664s] -- Found python_cmake_module: 0.11.1 (/opt/ros/jazzy/share/python_cmake_module/cmake)
[4.809s] -- Found PythonExtra: /usr/bin/python3  
[5.293s] -- Found Python3: /usr/bin/python3 (found version "3.12.3") found components: Interpreter Development NumPy Development.Module Development.Embed 
[5.366s] -- Configuring done (5.3s)
[5.449s] -- Generating done (0.1s)
[5.461s] -- Build files have been written to: /home/ianclark54/ur5e_ws/build/ur5e_waypoint_mover
[5.477s] Invoked command in '/home/ianclark54/ur5e_ws/build/ur5e_waypoint_mover' returned '0': CMAKE_PREFIX_PATH=${CMAKE_PREFIX_PATH}:/opt/ros/jazzy /usr/bin/cmake /home/ianclark54/ur5e_ws/src/ur5e_waypoint_mover -DCMAKE_INSTALL_PREFIX=/home/ianclark54/ur5e_ws/install/ur5e_waypoint_mover
[5.478s] Invoking command in '/home/ianclark54/ur5e_ws/build/ur5e_waypoint_mover': CMAKE_PREFIX_PATH=${CMAKE_PREFIX_PATH}:/opt/ros/jazzy /usr/bin/cmake --build /home/ianclark54/ur5e_ws/build/ur5e_waypoint_mover -- -j16 -l16
[5.546s] [  1%] [34m[1mGenerating type hashes for ROS interfaces[0m
[5.564s] [  1%] Built target ament_cmake_python_copy_ur5e_waypoint_mover
[5.794s] running egg_info
[5.794s] creating ur5e_waypoint_mover.egg-info
[5.811s] writing ur5e_waypoint_mover.egg-info/PKG-INFO
[5.811s] writing dependency_links to ur5e_waypoint_mover.egg-info/dependency_links.txt
[5.811s] writing top-level names to ur5e_waypoint_mover.egg-info/top_level.txt
[5.811s] writing manifest file 'ur5e_waypoint_mover.egg-info/SOURCES.txt'
[5.823s] [  1%] Built target ur5e_waypoint_mover__rosidl_generator_type_description
[5.834s] [  3%] [34m[1mGenerating C code for ROS interfaces[0m
[5.850s] [  4%] [34m[1mGenerating C++ code for ROS interfaces[0m
[5.861s] reading manifest file 'ur5e_waypoint_mover.egg-info/SOURCES.txt'
[5.862s] writing manifest file 'ur5e_waypoint_mover.egg-info/SOURCES.txt'
[5.891s] [  4%] Built target ament_cmake_python_build_ur5e_waypoint_mover_egg
[6.312s] [  4%] Built target ur5e_waypoint_mover__cpp
[6.368s] [  6%] [32mBuilding C object CMakeFiles/ur5e_waypoint_mover__rosidl_generator_c.dir/rosidl_generator_c/ur5e_waypoint_mover/srv/detail/move_to_point__type_support.c.o[0m
[6.369s] [  9%] [32mBuilding C object CMakeFiles/ur5e_waypoint_mover__rosidl_generator_c.dir/rosidl_generator_c/ur5e_waypoint_mover/srv/detail/move_to_point__description.c.o[0m
[6.369s] [  9%] [32mBuilding C object CMakeFiles/ur5e_waypoint_mover__rosidl_generator_c.dir/rosidl_generator_c/ur5e_waypoint_mover/srv/detail/add_waypoint__functions.c.o[0m
[6.369s] [ 14%] [32mBuilding C object CMakeFiles/ur5e_waypoint_mover__rosidl_generator_c.dir/rosidl_generator_c/ur5e_waypoint_mover/srv/detail/execute_waypoints__type_support.c.o[0m
[6.369s] [ 14%] [32mBuilding C object CMakeFiles/ur5e_waypoint_mover__rosidl_generator_c.dir/rosidl_generator_c/ur5e_waypoint_mover/srv/detail/list_waypoints__type_support.c.o[0m
[6.374s] [ 14%] [32mBuilding C object CMakeFiles/ur5e_waypoint_mover__rosidl_generator_c.dir/rosidl_generator_c/ur5e_waypoint_mover/srv/detail/add_waypoint__description.c.o[0m
[6.374s] [ 17%] [32mBuilding C object CMakeFiles/ur5e_waypoint_mover__rosidl_generator_c.dir/rosidl_generator_c/ur5e_waypoint_mover/srv/detail/list_waypoints__description.c.o[0m
[6.374s] [ 18%] [32mBuilding C object CMakeFiles/ur5e_waypoint_mover__rosidl_generator_c.dir/rosidl_generator_c/ur5e_waypoint_mover/srv/detail/list_waypoints__functions.c.o[0m
[6.374s] [ 20%] [32mBuilding C object CMakeFiles/ur5e_waypoint_mover__rosidl_generator_c.dir/rosidl_generator_c/ur5e_waypoint_mover/srv/detail/execute_waypoints__description.c.o[0m
[6.374s] [ 21%] [32mBuilding C object CMakeFiles/ur5e_waypoint_mover__rosidl_generator_c.dir/rosidl_generator_c/ur5e_waypoint_mover/srv/detail/move_to_point__functions.c.o[0m
[6.374s] [ 23%] [32mBuilding C object CMakeFiles/ur5e_waypoint_mover__rosidl_generator_c.dir/rosidl_generator_c/ur5e_waypoint_mover/srv/detail/execute_waypoints__functions.c.o[0m
[6.377s] [ 23%] [32mBuilding C object CMakeFiles/ur5e_waypoint_mover__rosidl_generator_c.dir/rosidl_generator_c/ur5e_waypoint_mover/srv/detail/add_waypoint__type_support.c.o[0m
[6.495s] [ 25%] [32m[1mLinking C shared library libur5e_waypoint_mover__rosidl_generator_c.so[0m
[6.629s] [ 25%] Built target ur5e_waypoint_mover__rosidl_generator_c
[6.645s] [ 26%] [34m[1mGenerating C++ type support for eProsima Fast-RTPS[0m
[6.650s] [ 32%] [34m[1mGenerating C introspection for ROS interfaces[0m
[6.650s] [ 32%] [34m[1mGenerating C++ introspection for ROS interfaces[0m
[6.650s] [ 32%] [34m[1mGenerating C type support for eProsima Fast-RTPS[0m
[6.650s] [ 32%] [34m[1mGenerating C type support dispatch for ROS interfaces[0m
[6.650s] [ 34%] [34m[1mGenerating C++ type support dispatch for ROS interfaces[0m
[6.996s] gmake[2]: Warning: File 'rosidl_typesupport_cpp/ur5e_waypoint_mover/srv/add_waypoint__type_support.cpp' has modification time 0.67 s in the future
[7.000s] gmake[2]: Warning: File 'rosidl_typesupport_c/ur5e_waypoint_mover/srv/add_waypoint__type_support.cpp' has modification time 0.66 s in the future
[7.010s] [ 35%] [32mBuilding CXX object CMakeFiles/ur5e_waypoint_mover__rosidl_typesupport_cpp.dir/rosidl_typesupport_cpp/ur5e_waypoint_mover/srv/add_waypoint__type_support.cpp.o[0m
[7.015s] [ 37%] [32mBuilding CXX object CMakeFiles/ur5e_waypoint_mover__rosidl_typesupport_c.dir/rosidl_typesupport_c/ur5e_waypoint_mover/srv/add_waypoint__type_support.cpp.o[0m
[7.024s] [ 40%] [32mBuilding CXX object CMakeFiles/ur5e_waypoint_mover__rosidl_typesupport_cpp.dir/rosidl_typesupport_cpp/ur5e_waypoint_mover/srv/execute_waypoints__type_support.cpp.o[0m
[7.024s] [ 40%] [32mBuilding CXX object CMakeFiles/ur5e_waypoint_mover__rosidl_typesupport_cpp.dir/rosidl_typesupport_cpp/ur5e_waypoint_mover/srv/list_waypoints__type_support.cpp.o[0m
[7.027s] [ 45%] [32mBuilding CXX object CMakeFiles/ur5e_waypoint_mover__rosidl_typesupport_c.dir/rosidl_typesupport_c/ur5e_waypoint_mover/srv/execute_waypoints__type_support.cpp.o[0m
[7.027s] [ 45%] [32mBuilding CXX object CMakeFiles/ur5e_waypoint_mover__rosidl_typesupport_c.dir/rosidl_typesupport_c/ur5e_waypoint_mover/srv/list_waypoints__type_support.cpp.o[0m
[7.027s] [ 45%] [32mBuilding CXX object CMakeFiles/ur5e_waypoint_mover__rosidl_typesupport_c.dir/rosidl_typesupport_c/ur5e_waypoint_mover/srv/move_to_point__type_support.cpp.o[0m
[7.097s] [ 46%] [32m[1mLinking CXX shared library libur5e_waypoint_mover__rosidl_typesupport_c.so[0m
[7.102s] gmake[2]: Warning: File 'rosidl_typesupport_introspection_cpp/ur5e_waypoint_mover/srv/detail/add_waypoint__rosidl_typesupport_introspection_cpp.hpp' has modification time 0.55 s in the future
[7.121s] [ 50%] [32mBuilding CXX object CMakeFiles/ur5e_waypoint_mover__rosidl_typesupport_introspection_cpp.dir/rosidl_typesupport_introspection_cpp/ur5e_waypoint_mover/srv/detail/move_to_point__type_support.cpp.o[0m
[7.121s] [ 50%] [32mBuilding CXX object CMakeFiles/ur5e_waypoint_mover__rosidl_typesupport_introspection_cpp.dir/rosidl_typesupport_introspection_cpp/ur5e_waypoint_mover/srv/detail/add_waypoint__type_support.cpp.o[0m
[7.121s] gmake[2]: Warning: File 'rosidl_typesupport_introspection_c/ur5e_waypoint_mover/srv/detail/add_waypoint__rosidl_typesupport_introspection_c.h' has modification time 0.53 s in the future
[7.122s] [ 51%] [32mBuilding CXX object CMakeFiles/ur5e_waypoint_mover__rosidl_typesupport_introspection_cpp.dir/rosidl_typesupport_introspection_cpp/ur5e_waypoint_mover/srv/detail/execute_waypoints__type_support.cpp.o[0m
[7.131s] [ 53%] [32mBuilding CXX object CMakeFiles/ur5e_waypoint_mover__rosidl_typesupport_introspection_cpp.dir/rosidl_typesupport_introspection_cpp/ur5e_waypoint_mover/srv/detail/list_waypoints__type_support.cpp.o[0m
[7.147s] [ 56%] [32mBuilding C object CMakeFiles/ur5e_waypoint_mover__rosidl_typesupport_introspection_c.dir/rosidl_typesupport_introspection_c/ur5e_waypoint_mover/srv/detail/add_waypoint__type_support.c.o[0m
[7.147s] [ 56%] [32mBuilding C object CMakeFiles/ur5e_waypoint_mover__rosidl_typesupport_introspection_c.dir/rosidl_typesupport_introspection_c/ur5e_waypoint_mover/srv/detail/move_to_point__type_support.c.o[0m
[7.147s] [ 57%] [32mBuilding C object CMakeFiles/ur5e_waypoint_mover__rosidl_typesupport_introspection_c.dir/rosidl_typesupport_introspection_c/ur5e_waypoint_mover/srv/detail/execute_waypoints__type_support.c.o[0m
[7.150s] [ 59%] [32mBuilding C object CMakeFiles/ur5e_waypoint_mover__rosidl_typesupport_introspection_c.dir/rosidl_typesupport_introspection_c/ur5e_waypoint_mover/srv/detail/list_waypoints__type_support.c.o[0m
[7.235s] [ 60%] [32m[1mLinking C shared library libur5e_waypoint_mover__rosidl_typesupport_introspection_c.so[0m
[7.240s] gmake[2]: Warning: File 'rosidl_typesupport_fastrtps_cpp/ur5e_waypoint_mover/srv/detail/dds_fastrtps/add_waypoint__type_support.cpp' has modification time 0.46 s in the future
[7.261s] [ 62%] [32mBuilding CXX object CMakeFiles/ur5e_waypoint_mover__rosidl_typesupport_fastrtps_cpp.dir/rosidl_typesupport_fastrtps_cpp/ur5e_waypoint_mover/srv/detail/dds_fastrtps/add_waypoint__type_support.cpp.o[0m
[7.280s] [ 64%] [32mBuilding CXX object CMakeFiles/ur5e_waypoint_mover__rosidl_typesupport_fastrtps_cpp.dir/rosidl_typesupport_fastrtps_cpp/ur5e_waypoint_mover/srv/detail/dds_fastrtps/move_to_point__type_support.cpp.o[0m
[7.293s] [ 65%] [32mBuilding CXX object CMakeFiles/ur5e_waypoint_mover__rosidl_typesupport_fastrtps_cpp.dir/rosidl_typesupport_fastrtps_cpp/ur5e_waypoint_mover/srv/detail/dds_fastrtps/execute_waypoints__type_support.cpp.o[0m
[7.293s] [ 67%] [32mBuilding CXX object CMakeFiles/ur5e_waypoint_mover__rosidl_typesupport_fastrtps_cpp.dir/rosidl_typesupport_fastrtps_cpp/ur5e_waypoint_mover/srv/detail/dds_fastrtps/list_waypoints__type_support.cpp.o[0m
[7.320s] gmake[2]: warning:  Clock skew detected.  Your build may be incomplete.
[7.338s] [ 67%] Built target ur5e_waypoint_mover__rosidl_typesupport_c
[7.343s] gmake[2]: Warning: File 'rosidl_typesupport_fastrtps_c/ur5e_waypoint_mover/srv/detail/add_waypoint__rosidl_typesupport_fastrtps_c.h' has modification time 0.3 s in the future
[7.393s] [ 68%] [32mBuilding CXX object CMakeFiles/ur5e_waypoint_mover__rosidl_typesupport_fastrtps_c.dir/rosidl_typesupport_fastrtps_c/ur5e_waypoint_mover/srv/detail/execute_waypoints__type_support_c.cpp.o[0m
[7.397s] [ 70%] [32mBuilding CXX object CMakeFiles/ur5e_waypoint_mover__rosidl_typesupport_fastrtps_c.dir/rosidl_typesupport_fastrtps_c/ur5e_waypoint_mover/srv/detail/add_waypoint__type_support_c.cpp.o[0m
[7.399s] [ 71%] [32mBuilding CXX object CMakeFiles/ur5e_waypoint_mover__rosidl_typesupport_fastrtps_c.dir/rosidl_typesupport_fastrtps_c/ur5e_waypoint_mover/srv/detail/move_to_point__type_support_c.cpp.o[0m
[7.421s] [ 73%] [32mBuilding CXX object CMakeFiles/ur5e_waypoint_mover__rosidl_typesupport_fastrtps_c.dir/rosidl_typesupport_fastrtps_c/ur5e_waypoint_mover/srv/detail/list_waypoints__type_support_c.cpp.o[0m
[7.422s] gmake[2]: warning:  Clock skew detected.  Your build may be incomplete.
[7.442s] [ 73%] Built target ur5e_waypoint_mover__rosidl_typesupport_introspection_c
[7.723s] [ 75%] [32mBuilding CXX object CMakeFiles/ur5e_waypoint_mover__rosidl_typesupport_cpp.dir/rosidl_typesupport_cpp/ur5e_waypoint_mover/srv/move_to_point__type_support.cpp.o[0m
[7.943s] [ 76%] [32m[1mLinking CXX shared library libur5e_waypoint_mover__rosidl_typesupport_introspection_cpp.so[0m
[8.147s] [ 78%] [32m[1mLinking CXX shared library libur5e_waypoint_mover__rosidl_typesupport_fastrtps_c.so[0m
[8.171s] gmake[2]: warning:  Clock skew detected.  Your build may be incomplete.
[8.181s] [ 78%] Built target ur5e_waypoint_mover__rosidl_typesupport_introspection_cpp
[8.205s] [ 79%] [32m[1mLinking CXX shared library libur5e_waypoint_mover__rosidl_typesupport_cpp.so[0m
[8.237s] [ 81%] [32m[1mLinking CXX shared library libur5e_waypoint_mover__rosidl_typesupport_fastrtps_cpp.so[0m
[8.323s] gmake[2]: warning:  Clock skew detected.  Your build may be incomplete.
[8.335s] [ 81%] Built target ur5e_waypoint_mover__rosidl_typesupport_fastrtps_c
[8.357s] gmake[2]: warning:  Clock skew detected.  Your build may be incomplete.
[8.372s] [ 81%] Built target ur5e_waypoint_mover__rosidl_typesupport_cpp
[8.398s] gmake[2]: warning:  Clock skew detected.  Your build may be incomplete.
[8.408s] [ 81%] Built target ur5e_waypoint_mover__rosidl_typesupport_fastrtps_cpp
[8.436s] [ 81%] Built target ur5e_waypoint_mover
[8.461s] [ 82%] [34m[1mGenerating Python code for ROS interfaces[0m
[9.156s] [ 82%] Built target ur5e_waypoint_mover__py
[9.183s] [ 84%] [32mBuilding C object CMakeFiles/ur5e_waypoint_mover__rosidl_generator_py.dir/rosidl_generator_py/ur5e_waypoint_mover/srv/_add_waypoint_s.c.o[0m
[9.184s] [ 85%] [32mBuilding C object CMakeFiles/ur5e_waypoint_mover__rosidl_generator_py.dir/rosidl_generator_py/ur5e_waypoint_mover/srv/_move_to_point_s.c.o[0m
[9.184s] [ 87%] [32mBuilding C object CMakeFiles/ur5e_waypoint_mover__rosidl_generator_py.dir/rosidl_generator_py/ur5e_waypoint_mover/srv/_execute_waypoints_s.c.o[0m
[9.184s] [ 89%] [32mBuilding C object CMakeFiles/ur5e_waypoint_mover__rosidl_generator_py.dir/rosidl_generator_py/ur5e_waypoint_mover/srv/_list_waypoints_s.c.o[0m
[9.412s] [ 90%] [32m[1mLinking C shared library libur5e_waypoint_mover__rosidl_generator_py.so[0m
[9.541s] [ 90%] Built target ur5e_waypoint_mover__rosidl_generator_py
[9.570s] [ 95%] [32mBuilding C object CMakeFiles/ur5e_waypoint_mover_s__rosidl_typesupport_c.dir/rosidl_generator_py/ur5e_waypoint_mover/_ur5e_waypoint_mover_s.ep.rosidl_typesupport_c.c.o[0m
[9.570s] [ 95%] [32mBuilding C object CMakeFiles/ur5e_waypoint_mover_s__rosidl_typesupport_introspection_c.dir/rosidl_generator_py/ur5e_waypoint_mover/_ur5e_waypoint_mover_s.ep.rosidl_typesupport_introspection_c.c.o[0m
[9.570s] [ 95%] [32mBuilding C object CMakeFiles/ur5e_waypoint_mover_s__rosidl_typesupport_fastrtps_c.dir/rosidl_generator_py/ur5e_waypoint_mover/_ur5e_waypoint_mover_s.ep.rosidl_typesupport_fastrtps_c.c.o[0m
[9.708s] [ 96%] [32m[1mLinking C shared module rosidl_generator_py/ur5e_waypoint_mover/ur5e_waypoint_mover_s__rosidl_typesupport_introspection_c.so[0m
[9.713s] [ 98%] [32m[1mLinking C shared module rosidl_generator_py/ur5e_waypoint_mover/ur5e_waypoint_mover_s__rosidl_typesupport_fastrtps_c.so[0m
[9.714s] [100%] [32m[1mLinking C shared module rosidl_generator_py/ur5e_waypoint_mover/ur5e_waypoint_mover_s__rosidl_typesupport_c.so[0m
[9.795s] [100%] Built target ur5e_waypoint_mover_s__rosidl_typesupport_fastrtps_c
[9.795s] [100%] Built target ur5e_waypoint_mover_s__rosidl_typesupport_introspection_c
[9.829s] [100%] Built target ur5e_waypoint_mover_s__rosidl_typesupport_c
[9.846s] Invoked command in '/home/ianclark54/ur5e_ws/build/ur5e_waypoint_mover' returned '0': CMAKE_PREFIX_PATH=${CMAKE_PREFIX_PATH}:/opt/ros/jazzy /usr/bin/cmake --build /home/ianclark54/ur5e_ws/build/ur5e_waypoint_mover -- -j16 -l16
[9.866s] Invoking command in '/home/ianclark54/ur5e_ws/build/ur5e_waypoint_mover': CMAKE_PREFIX_PATH=${CMAKE_PREFIX_PATH}:/opt/ros/jazzy /usr/bin/cmake --install /home/ianclark54/ur5e_ws/build/ur5e_waypoint_mover
[9.876s] -- Install configuration: ""
[9.878s] -- Installing: /home/ianclark54/ur5e_ws/install/ur5e_waypoint_mover/share/ament_index/resource_index/rosidl_interfaces/ur5e_waypoint_mover
[9.878s] -- Installing: /home/ianclark54/ur5e_ws/install/ur5e_waypoint_mover/share/ur5e_waypoint_mover/srv/AddWaypoint.json
[9.879s] -- Installing: /home/ianclark54/ur5e_ws/install/ur5e_waypoint_mover/share/ur5e_waypoint_mover/srv/MoveToPoint.json
[9.879s] -- Installing: /home/ianclark54/ur5e_ws/install/ur5e_waypoint_mover/share/ur5e_waypoint_mover/srv/ExecuteWaypoints.json
[9.879s] -- Installing: /home/ianclark54/ur5e_ws/install/ur5e_waypoint_mover/share/ur5e_waypoint_mover/srv/ListWaypoints.json
[9.879s] -- Installing: /home/ianclark54/ur5e_ws/install/ur5e_waypoint_mover/include/ur5e_waypoint_mover/ur5e_waypoint_mover
[9.880s] -- Installing: /home/ianclark54/ur5e_ws/install/ur5e_waypoint_mover/include/ur5e_waypoint_mover/ur5e_waypoint_mover/msg
[9.880s] -- Installing: /home/ianclark54/ur5e_ws/install/ur5e_waypoint_mover/include/ur5e_waypoint_mover/ur5e_waypoint_mover/msg/rosidl_generator_c__visibility_control.h
[9.881s] -- Installing: /home/ianclark54/ur5e_ws/install/ur5e_waypoint_mover/include/ur5e_waypoint_mover/ur5e_waypoint_mover/srv
[9.881s] -- Installing: /home/ianclark54/ur5e_ws/install/ur5e_waypoint_mover/include/ur5e_waypoint_mover/ur5e_waypoint_mover/srv/add_waypoint.h
[9.881s] -- Installing: /home/ianclark54/ur5e_ws/install/ur5e_waypoint_mover/include/ur5e_waypoint_mover/ur5e_waypoint_mover/srv/detail
[9.882s] -- Installing: /home/ianclark54/ur5e_ws/install/ur5e_waypoint_mover/include/ur5e_waypoint_mover/ur5e_waypoint_mover/srv/detail/list_waypoints__functions.c
[9.882s] -- Installing: /home/ianclark54/ur5e_ws/install/ur5e_waypoint_mover/include/ur5e_waypoint_mover/ur5e_waypoint_mover/srv/detail/move_to_point__functions.h
[9.882s] -- Installing: /home/ianclark54/ur5e_ws/install/ur5e_waypoint_mover/include/ur5e_waypoint_mover/ur5e_waypoint_mover/srv/detail/move_to_point__type_support.h
[9.882s] -- Installing: /home/ianclark54/ur5e_ws/install/ur5e_waypoint_mover/include/ur5e_waypoint_mover/ur5e_waypoint_mover/srv/detail/execute_waypoints__description.c
[9.882s] -- Installing: /home/ianclark54/ur5e_ws/install/ur5e_waypoint_mover/include/ur5e_waypoint_mover/ur5e_waypoint_mover/srv/detail/execute_waypoints__type_support.c
[9.882s] -- Installing: /home/ianclark54/ur5e_ws/install/ur5e_waypoint_mover/include/ur5e_waypoint_mover/ur5e_waypoint_mover/srv/detail/add_waypoint__description.c
[9.883s] -- Installing: /home/ianclark54/ur5e_ws/install/ur5e_waypoint_mover/include/ur5e_waypoint_mover/ur5e_waypoint_mover/srv/detail/execute_waypoints__functions.c
[9.883s] -- Installing: /home/ianclark54/ur5e_ws/install/ur5e_waypoint_mover/include/ur5e_waypoint_mover/ur5e_waypoint_mover/srv/detail/list_waypoints__struct.h
[9.883s] -- Installing: /home/ianclark54/ur5e_ws/install/ur5e_waypoint_mover/include/ur5e_waypoint_mover/ur5e_waypoint_mover/srv/detail/execute_waypoints__functions.h
[9.883s] -- Installing: /home/ianclark54/ur5e_ws/install/ur5e_waypoint_mover/include/ur5e_waypoint_mover/ur5e_waypoint_mover/srv/detail/list_waypoints__type_support.c
[9.883s] -- Installing: /home/ianclark54/ur5e_ws/install/ur5e_waypoint_mover/include/ur5e_waypoint_mover/ur5e_waypoint_mover/srv/detail/move_to_point__type_support.c
[9.883s] -- Installing: /home/ianclark54/ur5e_ws/install/ur5e_waypoint_mover/include/ur5e_waypoint_mover/ur5e_waypoint_mover/srv/detail/list_waypoints__type_support.h
[9.883s] -- Installing: /home/ianclark54/ur5e_ws/install/ur5e_waypoint_mover/include/ur5e_waypoint_mover/ur5e_waypoint_mover/srv/detail/move_to_point__description.c
[9.884s] -- Installing: /home/ianclark54/ur5e_ws/install/ur5e_waypoint_mover/include/ur5e_waypoint_mover/ur5e_waypoint_mover/srv/detail/move_to_point__struct.h
[9.884s] -- Installing: /home/ianclark54/ur5e_ws/install/ur5e_waypoint_mover/include/ur5e_waypoint_mover/ur5e_waypoint_mover/srv/detail/add_waypoint__type_support.c
[9.884s] -- Installing: /home/ianclark54/ur5e_ws/install/ur5e_waypoint_mover/include/ur5e_waypoint_mover/ur5e_waypoint_mover/srv/detail/list_waypoints__description.c
[9.884s] -- Installing: /home/ianclark54/ur5e_ws/install/ur5e_waypoint_mover/include/ur5e_waypoint_mover/ur5e_waypoint_mover/srv/detail/add_waypoint__struct.h
[9.884s] -- Installing: /home/ianclark54/ur5e_ws/install/ur5e_waypoint_mover/include/ur5e_waypoint_mover/ur5e_waypoint_mover/srv/detail/list_waypoints__functions.h
[9.884s] -- Installing: /home/ianclark54/ur5e_ws/install/ur5e_waypoint_mover/include/ur5e_waypoint_mover/ur5e_waypoint_mover/srv/detail/add_waypoint__functions.h
[9.885s] -- Installing: /home/ianclark54/ur5e_ws/install/ur5e_waypoint_mover/include/ur5e_waypoint_mover/ur5e_waypoint_mover/srv/detail/execute_waypoints__type_support.h
[9.885s] -- Installing: /home/ianclark54/ur5e_ws/install/ur5e_waypoint_mover/include/ur5e_waypoint_mover/ur5e_waypoint_mover/srv/detail/add_waypoint__type_support.h
[9.885s] -- Installing: /home/ianclark54/ur5e_ws/install/ur5e_waypoint_mover/include/ur5e_waypoint_mover/ur5e_waypoint_mover/srv/detail/move_to_point__functions.c
[9.885s] -- Installing: /home/ianclark54/ur5e_ws/install/ur5e_waypoint_mover/include/ur5e_waypoint_mover/ur5e_waypoint_mover/srv/detail/add_waypoint__functions.c
[9.885s] -- Installing: /home/ianclark54/ur5e_ws/install/ur5e_waypoint_mover/include/ur5e_waypoint_mover/ur5e_waypoint_mover/srv/detail/execute_waypoints__struct.h
[9.886s] -- Installing: /home/ianclark54/ur5e_ws/install/ur5e_waypoint_mover/include/ur5e_waypoint_mover/ur5e_waypoint_mover/srv/move_to_point.h
[9.886s] -- Installing: /home/ianclark54/ur5e_ws/install/ur5e_waypoint_mover/include/ur5e_waypoint_mover/ur5e_waypoint_mover/srv/list_waypoints.h
[9.886s] -- Installing: /home/ianclark54/ur5e_ws/install/ur5e_waypoint_mover/include/ur5e_waypoint_mover/ur5e_waypoint_mover/srv/execute_waypoints.h
[9.886s] -- Installing: /home/ianclark54/ur5e_ws/install/ur5e_waypoint_mover/share/ur5e_waypoint_mover/environment/library_path.sh
[9.886s] -- Installing: /home/ianclark54/ur5e_ws/install/ur5e_waypoint_mover/share/ur5e_waypoint_mover/environment/library_path.dsv
[9.887s] -- Installing: /home/ianclark54/ur5e_ws/install/ur5e_waypoint_mover/lib/libur5e_waypoint_mover__rosidl_generator_c.so
[9.888s] -- Set non-toolchain portion of runtime path of "/home/ianclark54/ur5e_ws/install/ur5e_waypoint_mover/lib/libur5e_waypoint_mover__rosidl_generator_c.so" to ""
[9.888s] -- Up-to-date: /home/ianclark54/ur5e_ws/install/ur5e_waypoint_mover/include/ur5e_waypoint_mover/ur5e_waypoint_mover
[9.888s] -- Up-to-date: /home/ianclark54/ur5e_ws/install/ur5e_waypoint_mover/include/ur5e_waypoint_mover/ur5e_waypoint_mover/msg
[9.888s] -- Installing: /home/ianclark54/ur5e_ws/install/ur5e_waypoint_mover/include/ur5e_waypoint_mover/ur5e_waypoint_mover/msg/rosidl_typesupport_fastrtps_c__visibility_control.h
[9.888s] -- Up-to-date: /home/ianclark54/ur5e_ws/install/ur5e_waypoint_mover/include/ur5e_waypoint_mover/ur5e_waypoint_mover/srv
[9.888s] -- Up-to-date: /home/ianclark54/ur5e_ws/install/ur5e_waypoint_mover/include/ur5e_waypoint_mover/ur5e_waypoint_mover/srv/detail
[9.888s] -- Installing: /home/ianclark54/ur5e_ws/install/ur5e_waypoint_mover/include/ur5e_waypoint_mover/ur5e_waypoint_mover/srv/detail/execute_waypoints__rosidl_typesupport_fastrtps_c.h
[9.888s] -- Installing: /home/ianclark54/ur5e_ws/install/ur5e_waypoint_mover/include/ur5e_waypoint_mover/ur5e_waypoint_mover/srv/detail/list_waypoints__rosidl_typesupport_fastrtps_c.h
[9.889s] -- Installing: /home/ianclark54/ur5e_ws/install/ur5e_waypoint_mover/include/ur5e_waypoint_mover/ur5e_waypoint_mover/srv/detail/add_waypoint__rosidl_typesupport_fastrtps_c.h
[9.889s] -- Installing: /home/ianclark54/ur5e_ws/install/ur5e_waypoint_mover/include/ur5e_waypoint_mover/ur5e_waypoint_mover/srv/detail/move_to_point__rosidl_typesupport_fastrtps_c.h
[9.889s] -- Installing: /home/ianclark54/ur5e_ws/install/ur5e_waypoint_mover/lib/libur5e_waypoint_mover__rosidl_typesupport_fastrtps_c.so
[9.889s] -- Set non-toolchain portion of runtime path of "/home/ianclark54/ur5e_ws/install/ur5e_waypoint_mover/lib/libur5e_waypoint_mover__rosidl_typesupport_fastrtps_c.so" to ""
[9.889s] -- Up-to-date: /home/ianclark54/ur5e_ws/install/ur5e_waypoint_mover/include/ur5e_waypoint_mover/ur5e_waypoint_mover
[9.889s] -- Up-to-date: /home/ianclark54/ur5e_ws/install/ur5e_waypoint_mover/include/ur5e_waypoint_mover/ur5e_waypoint_mover/msg
[9.890s] -- Installing: /home/ianclark54/ur5e_ws/install/ur5e_waypoint_mover/include/ur5e_waypoint_mover/ur5e_waypoint_mover/msg/rosidl_typesupport_introspection_c__visibility_control.h
[9.890s] -- Up-to-date: /home/ianclark54/ur5e_ws/install/ur5e_waypoint_mover/include/ur5e_waypoint_mover/ur5e_waypoint_mover/srv
[9.890s] -- Up-to-date: /home/ianclark54/ur5e_ws/install/ur5e_waypoint_mover/include/ur5e_waypoint_mover/ur5e_waypoint_mover/srv/detail
[9.890s] -- Installing: /home/ianclark54/ur5e_ws/install/ur5e_waypoint_mover/include/ur5e_waypoint_mover/ur5e_waypoint_mover/srv/detail/execute_waypoints__rosidl_typesupport_introspection_c.h
[9.890s] -- Up-to-date: /home/ianclark54/ur5e_ws/install/ur5e_waypoint_mover/include/ur5e_waypoint_mover/ur5e_waypoint_mover/srv/detail/execute_waypoints__type_support.c
[9.890s] -- Installing: /home/ianclark54/ur5e_ws/install/ur5e_waypoint_mover/include/ur5e_waypoint_mover/ur5e_waypoint_mover/srv/detail/move_to_point__rosidl_typesupport_introspection_c.h
[9.891s] -- Up-to-date: /home/ianclark54/ur5e_ws/install/ur5e_waypoint_mover/include/ur5e_waypoint_mover/ur5e_waypoint_mover/srv/detail/list_waypoints__type_support.c
[9.891s] -- Up-to-date: /home/ianclark54/ur5e_ws/install/ur5e_waypoint_mover/include/ur5e_waypoint_mover/ur5e_waypoint_mover/srv/detail/move_to_point__type_support.c
[9.891s] -- Up-to-date: /home/ianclark54/ur5e_ws/install/ur5e_waypoint_mover/include/ur5e_waypoint_mover/ur5e_waypoint_mover/srv/detail/add_waypoint__type_support.c
[9.891s] -- Installing: /home/ianclark54/ur5e_ws/install/ur5e_waypoint_mover/include/ur5e_waypoint_mover/ur5e_waypoint_mover/srv/detail/list_waypoints__rosidl_typesupport_introspection_c.h
[9.891s] -- Installing: /home/ianclark54/ur5e_ws/install/ur5e_waypoint_mover/include/ur5e_waypoint_mover/ur5e_waypoint_mover/srv/detail/add_waypoint__rosidl_typesupport_introspection_c.h
[9.891s] -- Installing: /home/ianclark54/ur5e_ws/install/ur5e_waypoint_mover/lib/libur5e_waypoint_mover__rosidl_typesupport_introspection_c.so
[9.891s] -- Set non-toolchain portion of runtime path of "/home/ianclark54/ur5e_ws/install/ur5e_waypoint_mover/lib/libur5e_waypoint_mover__rosidl_typesupport_introspection_c.so" to ""
[9.891s] -- Installing: /home/ianclark54/ur5e_ws/install/ur5e_waypoint_mover/lib/libur5e_waypoint_mover__rosidl_typesupport_c.so
[9.892s] -- Set non-toolchain portion of runtime path of "/home/ianclark54/ur5e_ws/install/ur5e_waypoint_mover/lib/libur5e_waypoint_mover__rosidl_typesupport_c.so" to ""
[9.892s] -- Up-to-date: /home/ianclark54/ur5e_ws/install/ur5e_waypoint_mover/include/ur5e_waypoint_mover/ur5e_waypoint_mover
[9.892s] -- Up-to-date: /home/ianclark54/ur5e_ws/install/ur5e_waypoint_mover/include/ur5e_waypoint_mover/ur5e_waypoint_mover/msg
[9.892s] -- Installing: /home/ianclark54/ur5e_ws/install/ur5e_waypoint_mover/include/ur5e_waypoint_mover/ur5e_waypoint_mover/msg/rosidl_generator_cpp__visibility_control.hpp
[9.892s] -- Up-to-date: /home/ianclark54/ur5e_ws/install/ur5e_waypoint_mover/include/ur5e_waypoint_mover/ur5e_waypoint_mover/srv
[9.892s] -- Installing: /home/ianclark54/ur5e_ws/install/ur5e_waypoint_mover/include/ur5e_waypoint_mover/ur5e_waypoint_mover/srv/execute_waypoints.hpp
[9.892s] -- Installing: /home/ianclark54/ur5e_ws/install/ur5e_waypoint_mover/include/ur5e_waypoint_mover/ur5e_waypoint_mover/srv/list_waypoints.hpp
[9.893s] -- Installing: /home/ianclark54/ur5e_ws/install/ur5e_waypoint_mover/include/ur5e_waypoint_mover/ur5e_waypoint_mover/srv/move_to_point.hpp
[9.893s] -- Up-to-date: /home/ianclark54/ur5e_ws/install/ur5e_waypoint_mover/include/ur5e_waypoint_mover/ur5e_waypoint_mover/srv/detail
[9.893s] -- Installing: /home/ianclark54/ur5e_ws/install/ur5e_waypoint_mover/include/ur5e_waypoint_mover/ur5e_waypoint_mover/srv/detail/move_to_point__builder.hpp
[9.893s] -- Installing: /home/ianclark54/ur5e_ws/install/ur5e_waypoint_mover/include/ur5e_waypoint_mover/ur5e_waypoint_mover/srv/detail/move_to_point__traits.hpp
[9.893s] -- Installing: /home/ianclark54/ur5e_ws/install/ur5e_waypoint_mover/include/ur5e_waypoint_mover/ur5e_waypoint_mover/srv/detail/move_to_point__type_support.hpp
[9.893s] -- Installing: /home/ianclark54/ur5e_ws/install/ur5e_waypoint_mover/include/ur5e_waypoint_mover/ur5e_waypoint_mover/srv/detail/add_waypoint__struct.hpp
[9.893s] -- Installing: /home/ianclark54/ur5e_ws/install/ur5e_waypoint_mover/include/ur5e_waypoint_mover/ur5e_waypoint_mover/srv/detail/list_waypoints__builder.hpp
[9.893s] -- Installing: /home/ianclark54/ur5e_ws/install/ur5e_waypoint_mover/include/ur5e_waypoint_mover/ur5e_waypoint_mover/srv/detail/execute_waypoints__traits.hpp
[9.894s] -- Installing: /home/ianclark54/ur5e_ws/install/ur5e_waypoint_mover/include/ur5e_waypoint_mover/ur5e_waypoint_mover/srv/detail/list_waypoints__struct.hpp
[9.894s] -- Installing: /home/ianclark54/ur5e_ws/install/ur5e_waypoint_mover/include/ur5e_waypoint_mover/ur5e_waypoint_mover/srv/detail/move_to_point__struct.hpp
[9.894s] -- Installing: /home/ianclark54/ur5e_ws/install/ur5e_waypoint_mover/include/ur5e_waypoint_mover/ur5e_waypoint_mover/srv/detail/list_waypoints__type_support.hpp
[9.894s] -- Installing: /home/ianclark54/ur5e_ws/install/ur5e_waypoint_mover/include/ur5e_waypoint_mover/ur5e_waypoint_mover/srv/detail/list_waypoints__traits.hpp
[9.894s] -- Installing: /home/ianclark54/ur5e_ws/install/ur5e_waypoint_mover/include/ur5e_waypoint_mover/ur5e_waypoint_mover/srv/detail/execute_waypoints__struct.hpp
[9.894s] -- Installing: /home/ianclark54/ur5e_ws/install/ur5e_waypoint_mover/include/ur5e_waypoint_mover/ur5e_waypoint_mover/srv/detail/add_waypoint__traits.hpp
[9.895s] -- Installing: /home/ianclark54/ur5e_ws/install/ur5e_waypoint_mover/include/ur5e_waypoint_mover/ur5e_waypoint_mover/srv/detail/add_waypoint__type_support.hpp
[9.895s] -- Installing: /home/ianclark54/ur5e_ws/install/ur5e_waypoint_mover/include/ur5e_waypoint_mover/ur5e_waypoint_mover/srv/detail/execute_waypoints__builder.hpp
[9.895s] -- Installing: /home/ianclark54/ur5e_ws/install/ur5e_waypoint_mover/include/ur5e_waypoint_mover/ur5e_waypoint_mover/srv/detail/add_waypoint__builder.hpp
[9.896s] -- Installing: /home/ianclark54/ur5e_ws/install/ur5e_waypoint_mover/include/ur5e_waypoint_mover/ur5e_waypoint_mover/srv/detail/execute_waypoints__type_support.hpp
[9.896s] -- Installing: /home/ianclark54/ur5e_ws/install/ur5e_waypoint_mover/include/ur5e_waypoint_mover/ur5e_waypoint_mover/srv/add_waypoint.hpp
[9.896s] -- Up-to-date: /home/ianclark54/ur5e_ws/install/ur5e_waypoint_mover/include/ur5e_waypoint_mover/ur5e_waypoint_mover
[9.896s] -- Up-to-date: /home/ianclark54/ur5e_ws/install/ur5e_waypoint_mover/include/ur5e_waypoint_mover/ur5e_waypoint_mover/msg
[9.896s] -- Installing: /home/ianclark54/ur5e_ws/install/ur5e_waypoint_mover/include/ur5e_waypoint_mover/ur5e_waypoint_mover/msg/rosidl_typesupport_fastrtps_cpp__visibility_control.h
[9.896s] -- Up-to-date: /home/ianclark54/ur5e_ws/install/ur5e_waypoint_mover/include/ur5e_waypoint_mover/ur5e_waypoint_mover/srv
[9.896s] -- Up-to-date: /home/ianclark54/ur5e_ws/install/ur5e_waypoint_mover/include/ur5e_waypoint_mover/ur5e_waypoint_mover/srv/detail
[9.896s] -- Installing: /home/ianclark54/ur5e_ws/install/ur5e_waypoint_mover/include/ur5e_waypoint_mover/ur5e_waypoint_mover/srv/detail/move_to_point__rosidl_typesupport_fastrtps_cpp.hpp
[9.896s] -- Installing: /home/ianclark54/ur5e_ws/install/ur5e_waypoint_mover/include/ur5e_waypoint_mover/ur5e_waypoint_mover/srv/detail/add_waypoint__rosidl_typesupport_fastrtps_cpp.hpp
[9.896s] -- Installing: /home/ianclark54/ur5e_ws/install/ur5e_waypoint_mover/include/ur5e_waypoint_mover/ur5e_waypoint_mover/srv/detail/dds_fastrtps
[9.898s] -- Installing: /home/ianclark54/ur5e_ws/install/ur5e_waypoint_mover/include/ur5e_waypoint_mover/ur5e_waypoint_mover/srv/detail/execute_waypoints__rosidl_typesupport_fastrtps_cpp.hpp
[9.898s] -- Installing: /home/ianclark54/ur5e_ws/install/ur5e_waypoint_mover/include/ur5e_waypoint_mover/ur5e_waypoint_mover/srv/detail/list_waypoints__rosidl_typesupport_fastrtps_cpp.hpp
[9.898s] -- Installing: /home/ianclark54/ur5e_ws/install/ur5e_waypoint_mover/lib/libur5e_waypoint_mover__rosidl_typesupport_fastrtps_cpp.so
[9.899s] -- Set non-toolchain portion of runtime path of "/home/ianclark54/ur5e_ws/install/ur5e_waypoint_mover/lib/libur5e_waypoint_mover__rosidl_typesupport_fastrtps_cpp.so" to ""
[9.899s] -- Up-to-date: /home/ianclark54/ur5e_ws/install/ur5e_waypoint_mover/include/ur5e_waypoint_mover/ur5e_waypoint_mover
[9.899s] -- Up-to-date: /home/ianclark54/ur5e_ws/install/ur5e_waypoint_mover/include/ur5e_waypoint_mover/ur5e_waypoint_mover/srv
[9.900s] -- Up-to-date: /home/ianclark54/ur5e_ws/install/ur5e_waypoint_mover/include/ur5e_waypoint_mover/ur5e_waypoint_mover/srv/detail
[9.900s] -- Installing: /home/ianclark54/ur5e_ws/install/ur5e_waypoint_mover/include/ur5e_waypoint_mover/ur5e_waypoint_mover/srv/detail/add_waypoint__type_support.cpp
[9.900s] -- Installing: /home/ianclark54/ur5e_ws/install/ur5e_waypoint_mover/include/ur5e_waypoint_mover/ur5e_waypoint_mover/srv/detail/execute_waypoints__rosidl_typesupport_introspection_cpp.hpp
[9.900s] -- Installing: /home/ianclark54/ur5e_ws/install/ur5e_waypoint_mover/include/ur5e_waypoint_mover/ur5e_waypoint_mover/srv/detail/move_to_point__type_support.cpp
[9.900s] -- Installing: /home/ianclark54/ur5e_ws/install/ur5e_waypoint_mover/include/ur5e_waypoint_mover/ur5e_waypoint_mover/srv/detail/execute_waypoints__type_support.cpp
[9.900s] -- Installing: /home/ianclark54/ur5e_ws/install/ur5e_waypoint_mover/include/ur5e_waypoint_mover/ur5e_waypoint_mover/srv/detail/add_waypoint__rosidl_typesupport_introspection_cpp.hpp
[9.900s] -- Installing: /home/ianclark54/ur5e_ws/install/ur5e_waypoint_mover/include/ur5e_waypoint_mover/ur5e_waypoint_mover/srv/detail/list_waypoints__type_support.cpp
[9.900s] -- Installing: /home/ianclark54/ur5e_ws/install/ur5e_waypoint_mover/include/ur5e_waypoint_mover/ur5e_waypoint_mover/srv/detail/list_waypoints__rosidl_typesupport_introspection_cpp.hpp
[9.901s] -- Installing: /home/ianclark54/ur5e_ws/install/ur5e_waypoint_mover/include/ur5e_waypoint_mover/ur5e_waypoint_mover/srv/detail/move_to_point__rosidl_typesupport_introspection_cpp.hpp
[9.901s] -- Installing: /home/ianclark54/ur5e_ws/install/ur5e_waypoint_mover/lib/libur5e_waypoint_mover__rosidl_typesupport_introspection_cpp.so
[9.902s] -- Set non-toolchain portion of runtime path of "/home/ianclark54/ur5e_ws/install/ur5e_waypoint_mover/lib/libur5e_waypoint_mover__rosidl_typesupport_introspection_cpp.so" to ""
[9.902s] -- Installing: /home/ianclark54/ur5e_ws/install/ur5e_waypoint_mover/lib/libur5e_waypoint_mover__rosidl_typesupport_cpp.so
[9.903s] -- Set non-toolchain portion of runtime path of "/home/ianclark54/ur5e_ws/install/ur5e_waypoint_mover/lib/libur5e_waypoint_mover__rosidl_typesupport_cpp.so" to ""
[9.903s] -- Installing: /home/ianclark54/ur5e_ws/install/ur5e_waypoint_mover/share/ur5e_waypoint_mover/environment/pythonpath.sh
[9.903s] -- Installing: /home/ianclark54/ur5e_ws/install/ur5e_waypoint_mover/share/ur5e_waypoint_mover/environment/pythonpath.dsv
[9.903s] -- Installing: /home/ianclark54/ur5e_ws/install/ur5e_waypoint_mover/lib/python3.12/site-packages/ur5e_waypoint_mover-1.0.0-py3.12.egg-info
[9.904s] -- Installing: /home/ianclark54/ur5e_ws/install/ur5e_waypoint_mover/lib/python3.12/site-packages/ur5e_waypoint_mover-1.0.0-py3.12.egg-info/top_level.txt
[9.904s] -- Installing: /home/ianclark54/ur5e_ws/install/ur5e_waypoint_mover/lib/python3.12/site-packages/ur5e_waypoint_mover-1.0.0-py3.12.egg-info/SOURCES.txt
[9.904s] -- Installing: /home/ianclark54/ur5e_ws/install/ur5e_waypoint_mover/lib/python3.12/site-packages/ur5e_waypoint_mover-1.0.0-py3.12.egg-info/dependency_links.txt
[9.905s] -- Installing: /home/ianclark54/ur5e_ws/install/ur5e_waypoint_mover/lib/python3.12/site-packages/ur5e_waypoint_mover-1.0.0-py3.12.egg-info/PKG-INFO
[9.905s] -- Installing: /home/ianclark54/ur5e_ws/install/ur5e_waypoint_mover/lib/python3.12/site-packages/ur5e_waypoint_mover
[9.905s] -- Installing: /home/ianclark54/ur5e_ws/install/ur5e_waypoint_mover/lib/python3.12/site-packages/ur5e_waypoint_mover/__init__.py
[9.905s] -- Installing: /home/ianclark54/ur5e_ws/install/ur5e_waypoint_mover/lib/python3.12/site-packages/ur5e_waypoint_mover/ur5e_waypoint_mover_s__rosidl_typesupport_introspection_c.so
[9.906s] -- Installing: /home/ianclark54/ur5e_ws/install/ur5e_waypoint_mover/lib/python3.12/site-packages/ur5e_waypoint_mover/_ur5e_waypoint_mover_s.ep.rosidl_typesupport_fastrtps_c.c
[9.906s] -- Installing: /home/ianclark54/ur5e_ws/install/ur5e_waypoint_mover/lib/python3.12/site-packages/ur5e_waypoint_mover/ur5e_waypoint_mover_s__rosidl_typesupport_c.so
[9.906s] -- Installing: /home/ianclark54/ur5e_ws/install/ur5e_waypoint_mover/lib/python3.12/site-packages/ur5e_waypoint_mover/ur5e_waypoint_mover_s__rosidl_typesupport_fastrtps_c.so
[9.906s] -- Installing: /home/ianclark54/ur5e_ws/install/ur5e_waypoint_mover/lib/python3.12/site-packages/ur5e_waypoint_mover/_ur5e_waypoint_mover_s.ep.rosidl_typesupport_introspection_c.c
[9.906s] -- Installing: /home/ianclark54/ur5e_ws/install/ur5e_waypoint_mover/lib/python3.12/site-packages/ur5e_waypoint_mover/_ur5e_waypoint_mover_s.ep.rosidl_typesupport_c.c
[9.907s] -- Installing: /home/ianclark54/ur5e_ws/install/ur5e_waypoint_mover/lib/python3.12/site-packages/ur5e_waypoint_mover/srv
[9.907s] -- Installing: /home/ianclark54/ur5e_ws/install/ur5e_waypoint_mover/lib/python3.12/site-packages/ur5e_waypoint_mover/srv/__init__.py
[9.907s] -- Installing: /home/ianclark54/ur5e_ws/install/ur5e_waypoint_mover/lib/python3.12/site-packages/ur5e_waypoint_mover/srv/_move_to_point_s.c
[9.907s] -- Installing: /home/ianclark54/ur5e_ws/install/ur5e_waypoint_mover/lib/python3.12/site-packages/ur5e_waypoint_mover/srv/_execute_waypoints.py
[9.908s] -- Installing: /home/ianclark54/ur5e_ws/install/ur5e_waypoint_mover/lib/python3.12/site-packages/ur5e_waypoint_mover/srv/_list_waypoints.py
[9.908s] -- Installing: /home/ianclark54/ur5e_ws/install/ur5e_waypoint_mover/lib/python3.12/site-packages/ur5e_waypoint_mover/srv/_execute_waypoints_s.c
[9.908s] -- Installing: /home/ianclark54/ur5e_ws/install/ur5e_waypoint_mover/lib/python3.12/site-packages/ur5e_waypoint_mover/srv/_add_waypoint.py
[9.908s] -- Installing: /home/ianclark54/ur5e_ws/install/ur5e_waypoint_mover/lib/python3.12/site-packages/ur5e_waypoint_mover/srv/_move_to_point.py
[9.908s] -- Installing: /home/ianclark54/ur5e_ws/install/ur5e_waypoint_mover/lib/python3.12/site-packages/ur5e_waypoint_mover/srv/_add_waypoint_s.c
[9.909s] -- Installing: /home/ianclark54/ur5e_ws/install/ur5e_waypoint_mover/lib/python3.12/site-packages/ur5e_waypoint_mover/srv/_list_waypoints_s.c
[9.961s] Listing '/home/ianclark54/ur5e_ws/install/ur5e_waypoint_mover/lib/python3.12/site-packages/ur5e_waypoint_mover'...
[9.961s] Compiling '/home/ianclark54/ur5e_ws/install/ur5e_waypoint_mover/lib/python3.12/site-packages/ur5e_waypoint_mover/__init__.py'...
[9.961s] Listing '/home/ianclark54/ur5e_ws/install/ur5e_waypoint_mover/lib/python3.12/site-packages/ur5e_waypoint_mover/srv'...
[9.961s] Compiling '/home/ianclark54/ur5e_ws/install/ur5e_waypoint_mover/lib/python3.12/site-packages/ur5e_waypoint_mover/srv/__init__.py'...
[9.961s] Compiling '/home/ianclark54/ur5e_ws/install/ur5e_waypoint_mover/lib/python3.12/site-packages/ur5e_waypoint_mover/srv/_add_waypoint.py'...
[9.962s] Compiling '/home/ianclark54/ur5e_ws/install/ur5e_waypoint_mover/lib/python3.12/site-packages/ur5e_waypoint_mover/srv/_execute_waypoints.py'...
[9.962s] Compiling '/home/ianclark54/ur5e_ws/install/ur5e_waypoint_mover/lib/python3.12/site-packages/ur5e_waypoint_mover/srv/_list_waypoints.py'...
[9.962s] Compiling '/home/ianclark54/ur5e_ws/install/ur5e_waypoint_mover/lib/python3.12/site-packages/ur5e_waypoint_mover/srv/_move_to_point.py'...
[9.967s] -- Installing: /home/ianclark54/ur5e_ws/install/ur5e_waypoint_mover/lib/python3.12/site-packages/ur5e_waypoint_mover/ur5e_waypoint_mover_s__rosidl_typesupport_fastrtps_c.so
[9.968s] -- Set non-toolchain portion of runtime path of "/home/ianclark54/ur5e_ws/install/ur5e_waypoint_mover/lib/python3.12/site-packages/ur5e_waypoint_mover/ur5e_waypoint_mover_s__rosidl_typesupport_fastrtps_c.so" to ""
[9.968s] -- Installing: /home/ianclark54/ur5e_ws/install/ur5e_waypoint_mover/lib/python3.12/site-packages/ur5e_waypoint_mover/ur5e_waypoint_mover_s__rosidl_typesupport_introspection_c.so
[9.968s] -- Set non-toolchain portion of runtime path of "/home/ianclark54/ur5e_ws/install/ur5e_waypoint_mover/lib/python3.12/site-packages/ur5e_waypoint_mover/ur5e_waypoint_mover_s__rosidl_typesupport_introspection_c.so" to ""
[9.968s] -- Installing: /home/ianclark54/ur5e_ws/install/ur5e_waypoint_mover/lib/python3.12/site-packages/ur5e_waypoint_mover/ur5e_waypoint_mover_s__rosidl_typesupport_c.so
[9.969s] -- Set non-toolchain portion of runtime path of "/home/ianclark54/ur5e_ws/install/ur5e_waypoint_mover/lib/python3.12/site-packages/ur5e_waypoint_mover/ur5e_waypoint_mover_s__rosidl_typesupport_c.so" to ""
[9.969s] -- Installing: /home/ianclark54/ur5e_ws/install/ur5e_waypoint_mover/lib/libur5e_waypoint_mover__rosidl_generator_py.so
[9.969s] -- Set non-toolchain portion of runtime path of "/home/ianclark54/ur5e_ws/install/ur5e_waypoint_mover/lib/libur5e_waypoint_mover__rosidl_generator_py.so" to ""
[9.970s] -- Installing: /home/ianclark54/ur5e_ws/install/ur5e_waypoint_mover/share/ur5e_waypoint_mover/srv/AddWaypoint.idl
[9.970s] -- Installing: /home/ianclark54/ur5e_ws/install/ur5e_waypoint_mover/share/ur5e_waypoint_mover/srv/MoveToPoint.idl
[9.970s] -- Installing: /home/ianclark54/ur5e_ws/install/ur5e_waypoint_mover/share/ur5e_waypoint_mover/srv/ExecuteWaypoints.idl
[9.970s] -- Installing: /home/ianclark54/ur5e_ws/install/ur5e_waypoint_mover/share/ur5e_waypoint_mover/srv/ListWaypoints.idl
[9.970s] -- Installing: /home/ianclark54/ur5e_ws/install/ur5e_waypoint_mover/share/ur5e_waypoint_mover/srv/AddWaypoint.srv
[9.970s] -- Installing: /home/ianclark54/ur5e_ws/install/ur5e_waypoint_mover/share/ur5e_waypoint_mover/srv/MoveToPoint.srv
[9.970s] -- Installing: /home/ianclark54/ur5e_ws/install/ur5e_waypoint_mover/share/ur5e_waypoint_mover/srv/ExecuteWaypoints.srv
[9.971s] -- Installing: /home/ianclark54/ur5e_ws/install/ur5e_waypoint_mover/share/ur5e_waypoint_mover/srv/ListWaypoints.srv
[9.971s] -- Installing: /home/ianclark54/ur5e_ws/install/ur5e_waypoint_mover/lib/ur5e_waypoint_mover/motion_planner_node.py
[9.971s] -- Installing: /home/ianclark54/ur5e_ws/install/ur5e_waypoint_mover/share/ur5e_waypoint_mover/config
[9.972s] -- Installing: /home/ianclark54/ur5e_ws/install/ur5e_waypoint_mover/share/ur5e_waypoint_mover/config/waypoints.yaml
[9.972s] -- Installing: /home/ianclark54/ur5e_ws/install/ur5e_waypoint_mover/share/ur5e_waypoint_mover/launch
[9.973s] -- Installing: /home/ianclark54/ur5e_ws/install/ur5e_waypoint_mover/share/ur5e_waypoint_mover/launch/motion_planner.launch.py
[9.977s] -- Installing: /home/ianclark54/ur5e_ws/install/ur5e_waypoint_mover/share/ament_index/resource_index/package_run_dependencies/ur5e_waypoint_mover
[9.977s] -- Installing: /home/ianclark54/ur5e_ws/install/ur5e_waypoint_mover/share/ament_index/resource_index/parent_prefix_path/ur5e_waypoint_mover
[9.977s] -- Installing: /home/ianclark54/ur5e_ws/install/ur5e_waypoint_mover/share/ur5e_waypoint_mover/environment/ament_prefix_path.sh
[9.977s] -- Installing: /home/ianclark54/ur5e_ws/install/ur5e_waypoint_mover/share/ur5e_waypoint_mover/environment/ament_prefix_path.dsv
[9.977s] -- Installing: /home/ianclark54/ur5e_ws/install/ur5e_waypoint_mover/share/ur5e_waypoint_mover/environment/path.sh
[9.977s] -- Installing: /home/ianclark54/ur5e_ws/install/ur5e_waypoint_mover/share/ur5e_waypoint_mover/environment/path.dsv
[9.977s] -- Installing: /home/ianclark54/ur5e_ws/install/ur5e_waypoint_mover/share/ur5e_waypoint_mover/local_setup.bash
[9.978s] -- Installing: /home/ianclark54/ur5e_ws/install/ur5e_waypoint_mover/share/ur5e_waypoint_mover/local_setup.sh
[9.978s] -- Installing: /home/ianclark54/ur5e_ws/install/ur5e_waypoint_mover/share/ur5e_waypoint_mover/local_setup.zsh
[9.978s] -- Installing: /home/ianclark54/ur5e_ws/install/ur5e_waypoint_mover/share/ur5e_waypoint_mover/local_setup.dsv
[9.978s] -- Installing: /home/ianclark54/ur5e_ws/install/ur5e_waypoint_mover/share/ur5e_waypoint_mover/package.dsv
[9.978s] -- Installing: /home/ianclark54/ur5e_ws/install/ur5e_waypoint_mover/share/ament_index/resource_index/packages/ur5e_waypoint_mover
[9.978s] -- Installing: /home/ianclark54/ur5e_ws/install/ur5e_waypoint_mover/share/ur5e_waypoint_mover/cmake/export_ur5e_waypoint_mover__rosidl_generator_cExport.cmake
[9.979s] -- Installing: /home/ianclark54/ur5e_ws/install/ur5e_waypoint_mover/share/ur5e_waypoint_mover/cmake/export_ur5e_waypoint_mover__rosidl_generator_cExport-noconfig.cmake
[9.979s] -- Installing: /home/ianclark54/ur5e_ws/install/ur5e_waypoint_mover/share/ur5e_waypoint_mover/cmake/export_ur5e_waypoint_mover__rosidl_typesupport_fastrtps_cExport.cmake
[9.979s] -- Installing: /home/ianclark54/ur5e_ws/install/ur5e_waypoint_mover/share/ur5e_waypoint_mover/cmake/export_ur5e_waypoint_mover__rosidl_typesupport_fastrtps_cExport-noconfig.cmake
[9.979s] -- Installing: /home/ianclark54/ur5e_ws/install/ur5e_waypoint_mover/share/ur5e_waypoint_mover/cmake/ur5e_waypoint_mover__rosidl_typesupport_introspection_cExport.cmake
[9.979s] -- Installing: /home/ianclark54/ur5e_ws/install/ur5e_waypoint_mover/share/ur5e_waypoint_mover/cmake/ur5e_waypoint_mover__rosidl_typesupport_introspection_cExport-noconfig.cmake
[9.979s] -- Installing: /home/ianclark54/ur5e_ws/install/ur5e_waypoint_mover/share/ur5e_waypoint_mover/cmake/ur5e_waypoint_mover__rosidl_typesupport_cExport.cmake
[9.979s] -- Installing: /home/ianclark54/ur5e_ws/install/ur5e_waypoint_mover/share/ur5e_waypoint_mover/cmake/ur5e_waypoint_mover__rosidl_typesupport_cExport-noconfig.cmake
[9.980s] -- Installing: /home/ianclark54/ur5e_ws/install/ur5e_waypoint_mover/share/ur5e_waypoint_mover/cmake/export_ur5e_waypoint_mover__rosidl_generator_cppExport.cmake
[9.980s] -- Installing: /home/ianclark54/ur5e_ws/install/ur5e_waypoint_mover/share/ur5e_waypoint_mover/cmake/export_ur5e_waypoint_mover__rosidl_typesupport_fastrtps_cppExport.cmake
[9.980s] -- Installing: /home/ianclark54/ur5e_ws/install/ur5e_waypoint_mover/share/ur5e_waypoint_mover/cmake/export_ur5e_waypoint_mover__rosidl_typesupport_fastrtps_cppExport-noconfig.cmake
[9.981s] -- Installing: /home/ianclark54/ur5e_ws/install/ur5e_waypoint_mover/share/ur5e_waypoint_mover/cmake/ur5e_waypoint_mover__rosidl_typesupport_introspection_cppExport.cmake
[9.981s] -- Installing: /home/ianclark54/ur5e_ws/install/ur5e_waypoint_mover/share/ur5e_waypoint_mover/cmake/ur5e_waypoint_mover__rosidl_typesupport_introspection_cppExport-noconfig.cmake
[9.981s] -- Installing: /home/ianclark54/ur5e_ws/install/ur5e_waypoint_mover/share/ur5e_waypoint_mover/cmake/ur5e_waypoint_mover__rosidl_typesupport_cppExport.cmake
[9.981s] -- Installing: /home/ianclark54/ur5e_ws/install/ur5e_waypoint_mover/share/ur5e_waypoint_mover/cmake/ur5e_waypoint_mover__rosidl_typesupport_cppExport-noconfig.cmake
[9.982s] -- Installing: /home/ianclark54/ur5e_ws/install/ur5e_waypoint_mover/share/ur5e_waypoint_mover/cmake/export_ur5e_waypoint_mover__rosidl_generator_pyExport.cmake
[9.982s] -- Installing: /home/ianclark54/ur5e_ws/install/ur5e_waypoint_mover/share/ur5e_waypoint_mover/cmake/export_ur5e_waypoint_mover__rosidl_generator_pyExport-noconfig.cmake
[9.982s] -- Installing: /home/ianclark54/ur5e_ws/install/ur5e_waypoint_mover/share/ur5e_waypoint_mover/cmake/rosidl_cmake-extras.cmake
[9.983s] -- Installing: /home/ianclark54/ur5e_ws/install/ur5e_waypoint_mover/share/ur5e_waypoint_mover/cmake/ament_cmake_export_dependencies-extras.cmake
[9.983s] -- Installing: /home/ianclark54/ur5e_ws/install/ur5e_waypoint_mover/share/ur5e_waypoint_mover/cmake/ament_cmake_export_include_directories-extras.cmake
[9.983s] -- Installing: /home/ianclark54/ur5e_ws/install/ur5e_waypoint_mover/share/ur5e_waypoint_mover/cmake/ament_cmake_export_libraries-extras.cmake
[9.983s] -- Installing: /home/ianclark54/ur5e_ws/install/ur5e_waypoint_mover/share/ur5e_waypoint_mover/cmake/ament_cmake_export_targets-extras.cmake
[9.984s] -- Installing: /home/ianclark54/ur5e_ws/install/ur5e_waypoint_mover/share/ur5e_waypoint_mover/cmake/rosidl_cmake_export_typesupport_targets-extras.cmake
[9.984s] -- Installing: /home/ianclark54/ur5e_ws/install/ur5e_waypoint_mover/share/ur5e_waypoint_mover/cmake/rosidl_cmake_export_typesupport_libraries-extras.cmake
[9.984s] -- Installing: /home/ianclark54/ur5e_ws/install/ur5e_waypoint_mover/share/ur5e_waypoint_mover/cmake/ur5e_waypoint_moverConfig.cmake
[9.984s] -- Installing: /home/ianclark54/ur5e_ws/install/ur5e_waypoint_mover/share/ur5e_waypoint_mover/cmake/ur5e_waypoint_moverConfig-version.cmake
[9.984s] -- Installing: /home/ianclark54/ur5e_ws/install/ur5e_waypoint_mover/share/ur5e_waypoint_mover/package.xml
[9.988s] Invoked command in '/home/ianclark54/ur5e_ws/build/ur5e_waypoint_mover' returned '0': CMAKE_PREFIX_PATH=${CMAKE_PREFIX_PATH}:/opt/ros/jazzy /usr/bin/cmake --install /home/ianclark54/ur5e_ws/build/ur5e_waypoint_mover
