[0.010s] Invoking command in '/home/ianclark54/ur5e_ws/build/ur5e_waypoint_mover': CMAKE_PREFIX_PATH=${CMAKE_PREFIX_PATH}:/opt/ros/jazzy /usr/bin/cmake --build /home/ianclark54/ur5e_ws/build/ur5e_waypoint_mover -- -j16 -l16
[0.040s] -- Found ament_cmake: 2.5.5 (/opt/ros/jazzy/share/ament_cmake/cmake)
[0.072s] -- Found Python3: /usr/bin/python3 (found version "3.12.3") found components: Interpreter 
[0.150s] -- Found rosidl_default_generators: 1.6.0 (/opt/ros/jazzy/share/rosidl_default_generators/cmake)
[0.152s] -- Using all available rosidl_typesupport_c: rosidl_typesupport_fastrtps_c;rosidl_typesupport_introspection_c
[0.281s] -- Using all available rosidl_typesupport_cpp: rosidl_typesupport_fastrtps_cpp;rosidl_typesupport_introspection_cpp
[0.305s] -- Found rosidl_adapter: 4.6.7 (/opt/ros/jazzy/share/rosidl_adapter/cmake)
[0.307s] -- Found geometry_msgs: 5.3.6 (/opt/ros/jazzy/share/geometry_msgs/cmake)
[0.657s] -- Found ament_cmake_ros: 0.12.0 (/opt/ros/jazzy/share/ament_cmake_ros/cmake)
[0.819s] -- Using all available rosidl_typesupport_c: rosidl_typesupport_fastrtps_c;rosidl_typesupport_introspection_c
[1.022s] -- Using all available rosidl_typesupport_cpp: rosidl_typesupport_fastrtps_cpp;rosidl_typesupport_introspection_cpp
[1.024s] -- Found python_cmake_module: 0.11.1 (/opt/ros/jazzy/share/python_cmake_module/cmake)
[1.315s] -- Found Python3: /usr/bin/python3 (found version "3.12.3") found components: Interpreter Development NumPy Development.Module Development.Embed 
[1.350s] -- Configuring done (1.3s)
[1.413s] -- Generating done (0.1s)
[1.425s] -- Build files have been written to: /home/ianclark54/ur5e_ws/build/ur5e_waypoint_mover
[1.472s] [  1%] Built target ur5e_waypoint_mover__rosidl_generator_type_description
[1.484s] [  1%] Built target ament_cmake_python_copy_ur5e_waypoint_mover
[1.496s] [  3%] Built target ur5e_waypoint_mover__cpp
[1.504s] [ 25%] Built target ur5e_waypoint_mover__rosidl_generator_c
[1.541s] [ 67%] Built target ur5e_waypoint_mover__rosidl_typesupport_cpp
[1.541s] [ 67%] Built target ur5e_waypoint_mover__rosidl_typesupport_introspection_c
[1.541s] [ 67%] Built target ur5e_waypoint_mover__rosidl_typesupport_introspection_cpp
[1.541s] [ 67%] Built target ur5e_waypoint_mover__rosidl_typesupport_fastrtps_cpp
[1.541s] [ 71%] Built target ur5e_waypoint_mover__rosidl_typesupport_c
[1.547s] [ 81%] Built target ur5e_waypoint_mover__rosidl_typesupport_fastrtps_c
[1.573s] [ 81%] Built target ur5e_waypoint_mover
[1.602s] [ 82%] Built target ur5e_waypoint_mover__py
[1.636s] [ 90%] Built target ur5e_waypoint_mover__rosidl_generator_py
[1.670s] [ 96%] Built target ur5e_waypoint_mover_s__rosidl_typesupport_fastrtps_c
[1.670s] [ 96%] Built target ur5e_waypoint_mover_s__rosidl_typesupport_c
[1.672s] [100%] Built target ur5e_waypoint_mover_s__rosidl_typesupport_introspection_c
[1.708s] running egg_info
[1.730s] writing ur5e_waypoint_mover.egg-info/PKG-INFO
[1.730s] writing dependency_links to ur5e_waypoint_mover.egg-info/dependency_links.txt
[1.730s] writing top-level names to ur5e_waypoint_mover.egg-info/top_level.txt
[1.774s] reading manifest file 'ur5e_waypoint_mover.egg-info/SOURCES.txt'
[1.774s] writing manifest file 'ur5e_waypoint_mover.egg-info/SOURCES.txt'
[1.808s] [100%] Built target ament_cmake_python_build_ur5e_waypoint_mover_egg
[1.824s] Invoked command in '/home/ianclark54/ur5e_ws/build/ur5e_waypoint_mover' returned '0': CMAKE_PREFIX_PATH=${CMAKE_PREFIX_PATH}:/opt/ros/jazzy /usr/bin/cmake --build /home/ianclark54/ur5e_ws/build/ur5e_waypoint_mover -- -j16 -l16
[1.840s] Invoking command in '/home/ianclark54/ur5e_ws/build/ur5e_waypoint_mover': CMAKE_PREFIX_PATH=${CMAKE_PREFIX_PATH}:/opt/ros/jazzy /usr/bin/cmake --install /home/ianclark54/ur5e_ws/build/ur5e_waypoint_mover
[1.849s] -- Install configuration: ""
[1.849s] -- Up-to-date: /home/ianclark54/ur5e_ws/install/ur5e_waypoint_mover/share/ament_index/resource_index/rosidl_interfaces/ur5e_waypoint_mover
[1.849s] -- Up-to-date: /home/ianclark54/ur5e_ws/install/ur5e_waypoint_mover/share/ur5e_waypoint_mover/srv/AddWaypoint.json
[1.850s] -- Up-to-date: /home/ianclark54/ur5e_ws/install/ur5e_waypoint_mover/share/ur5e_waypoint_mover/srv/MoveToPoint.json
[1.850s] -- Up-to-date: /home/ianclark54/ur5e_ws/install/ur5e_waypoint_mover/share/ur5e_waypoint_mover/srv/ExecuteWaypoints.json
[1.850s] -- Up-to-date: /home/ianclark54/ur5e_ws/install/ur5e_waypoint_mover/share/ur5e_waypoint_mover/srv/ListWaypoints.json
[1.850s] -- Up-to-date: /home/ianclark54/ur5e_ws/install/ur5e_waypoint_mover/include/ur5e_waypoint_mover/ur5e_waypoint_mover
[1.850s] -- Up-to-date: /home/ianclark54/ur5e_ws/install/ur5e_waypoint_mover/include/ur5e_waypoint_mover/ur5e_waypoint_mover/msg
[1.850s] -- Up-to-date: /home/ianclark54/ur5e_ws/install/ur5e_waypoint_mover/include/ur5e_waypoint_mover/ur5e_waypoint_mover/msg/rosidl_generator_c__visibility_control.h
[1.850s] -- Up-to-date: /home/ianclark54/ur5e_ws/install/ur5e_waypoint_mover/include/ur5e_waypoint_mover/ur5e_waypoint_mover/srv
[1.851s] -- Up-to-date: /home/ianclark54/ur5e_ws/install/ur5e_waypoint_mover/include/ur5e_waypoint_mover/ur5e_waypoint_mover/srv/add_waypoint.h
[1.851s] -- Up-to-date: /home/ianclark54/ur5e_ws/install/ur5e_waypoint_mover/include/ur5e_waypoint_mover/ur5e_waypoint_mover/srv/detail
[1.851s] -- Up-to-date: /home/ianclark54/ur5e_ws/install/ur5e_waypoint_mover/include/ur5e_waypoint_mover/ur5e_waypoint_mover/srv/detail/list_waypoints__functions.c
[1.851s] -- Up-to-date: /home/ianclark54/ur5e_ws/install/ur5e_waypoint_mover/include/ur5e_waypoint_mover/ur5e_waypoint_mover/srv/detail/move_to_point__functions.h
[1.851s] -- Up-to-date: /home/ianclark54/ur5e_ws/install/ur5e_waypoint_mover/include/ur5e_waypoint_mover/ur5e_waypoint_mover/srv/detail/move_to_point__type_support.h
[1.851s] -- Up-to-date: /home/ianclark54/ur5e_ws/install/ur5e_waypoint_mover/include/ur5e_waypoint_mover/ur5e_waypoint_mover/srv/detail/execute_waypoints__description.c
[1.851s] -- Installing: /home/ianclark54/ur5e_ws/install/ur5e_waypoint_mover/include/ur5e_waypoint_mover/ur5e_waypoint_mover/srv/detail/execute_waypoints__type_support.c
[1.852s] -- Up-to-date: /home/ianclark54/ur5e_ws/install/ur5e_waypoint_mover/include/ur5e_waypoint_mover/ur5e_waypoint_mover/srv/detail/add_waypoint__description.c
[1.852s] -- Up-to-date: /home/ianclark54/ur5e_ws/install/ur5e_waypoint_mover/include/ur5e_waypoint_mover/ur5e_waypoint_mover/srv/detail/execute_waypoints__functions.c
[1.852s] -- Up-to-date: /home/ianclark54/ur5e_ws/install/ur5e_waypoint_mover/include/ur5e_waypoint_mover/ur5e_waypoint_mover/srv/detail/list_waypoints__struct.h
[1.852s] -- Up-to-date: /home/ianclark54/ur5e_ws/install/ur5e_waypoint_mover/include/ur5e_waypoint_mover/ur5e_waypoint_mover/srv/detail/execute_waypoints__functions.h
[1.852s] -- Installing: /home/ianclark54/ur5e_ws/install/ur5e_waypoint_mover/include/ur5e_waypoint_mover/ur5e_waypoint_mover/srv/detail/list_waypoints__type_support.c
[1.852s] -- Installing: /home/ianclark54/ur5e_ws/install/ur5e_waypoint_mover/include/ur5e_waypoint_mover/ur5e_waypoint_mover/srv/detail/move_to_point__type_support.c
[1.852s] -- Up-to-date: /home/ianclark54/ur5e_ws/install/ur5e_waypoint_mover/include/ur5e_waypoint_mover/ur5e_waypoint_mover/srv/detail/list_waypoints__type_support.h
[1.853s] -- Up-to-date: /home/ianclark54/ur5e_ws/install/ur5e_waypoint_mover/include/ur5e_waypoint_mover/ur5e_waypoint_mover/srv/detail/move_to_point__description.c
[1.853s] -- Up-to-date: /home/ianclark54/ur5e_ws/install/ur5e_waypoint_mover/include/ur5e_waypoint_mover/ur5e_waypoint_mover/srv/detail/move_to_point__struct.h
[1.853s] -- Installing: /home/ianclark54/ur5e_ws/install/ur5e_waypoint_mover/include/ur5e_waypoint_mover/ur5e_waypoint_mover/srv/detail/add_waypoint__type_support.c
[1.853s] -- Up-to-date: /home/ianclark54/ur5e_ws/install/ur5e_waypoint_mover/include/ur5e_waypoint_mover/ur5e_waypoint_mover/srv/detail/list_waypoints__description.c
[1.853s] -- Up-to-date: /home/ianclark54/ur5e_ws/install/ur5e_waypoint_mover/include/ur5e_waypoint_mover/ur5e_waypoint_mover/srv/detail/add_waypoint__struct.h
[1.853s] -- Up-to-date: /home/ianclark54/ur5e_ws/install/ur5e_waypoint_mover/include/ur5e_waypoint_mover/ur5e_waypoint_mover/srv/detail/list_waypoints__functions.h
[1.853s] -- Up-to-date: /home/ianclark54/ur5e_ws/install/ur5e_waypoint_mover/include/ur5e_waypoint_mover/ur5e_waypoint_mover/srv/detail/add_waypoint__functions.h
[1.853s] -- Up-to-date: /home/ianclark54/ur5e_ws/install/ur5e_waypoint_mover/include/ur5e_waypoint_mover/ur5e_waypoint_mover/srv/detail/execute_waypoints__type_support.h
[1.853s] -- Up-to-date: /home/ianclark54/ur5e_ws/install/ur5e_waypoint_mover/include/ur5e_waypoint_mover/ur5e_waypoint_mover/srv/detail/add_waypoint__type_support.h
[1.853s] -- Up-to-date: /home/ianclark54/ur5e_ws/install/ur5e_waypoint_mover/include/ur5e_waypoint_mover/ur5e_waypoint_mover/srv/detail/move_to_point__functions.c
[1.854s] -- Up-to-date: /home/ianclark54/ur5e_ws/install/ur5e_waypoint_mover/include/ur5e_waypoint_mover/ur5e_waypoint_mover/srv/detail/add_waypoint__functions.c
[1.854s] -- Up-to-date: /home/ianclark54/ur5e_ws/install/ur5e_waypoint_mover/include/ur5e_waypoint_mover/ur5e_waypoint_mover/srv/detail/execute_waypoints__struct.h
[1.854s] -- Up-to-date: /home/ianclark54/ur5e_ws/install/ur5e_waypoint_mover/include/ur5e_waypoint_mover/ur5e_waypoint_mover/srv/move_to_point.h
[1.854s] -- Up-to-date: /home/ianclark54/ur5e_ws/install/ur5e_waypoint_mover/include/ur5e_waypoint_mover/ur5e_waypoint_mover/srv/list_waypoints.h
[1.854s] -- Up-to-date: /home/ianclark54/ur5e_ws/install/ur5e_waypoint_mover/include/ur5e_waypoint_mover/ur5e_waypoint_mover/srv/execute_waypoints.h
[1.854s] -- Up-to-date: /home/ianclark54/ur5e_ws/install/ur5e_waypoint_mover/share/ur5e_waypoint_mover/environment/library_path.sh
[1.854s] -- Up-to-date: /home/ianclark54/ur5e_ws/install/ur5e_waypoint_mover/share/ur5e_waypoint_mover/environment/library_path.dsv
[1.854s] -- Up-to-date: /home/ianclark54/ur5e_ws/install/ur5e_waypoint_mover/lib/libur5e_waypoint_mover__rosidl_generator_c.so
[1.855s] -- Up-to-date: /home/ianclark54/ur5e_ws/install/ur5e_waypoint_mover/include/ur5e_waypoint_mover/ur5e_waypoint_mover
[1.855s] -- Up-to-date: /home/ianclark54/ur5e_ws/install/ur5e_waypoint_mover/include/ur5e_waypoint_mover/ur5e_waypoint_mover/msg
[1.855s] -- Up-to-date: /home/ianclark54/ur5e_ws/install/ur5e_waypoint_mover/include/ur5e_waypoint_mover/ur5e_waypoint_mover/msg/rosidl_typesupport_fastrtps_c__visibility_control.h
[1.855s] -- Up-to-date: /home/ianclark54/ur5e_ws/install/ur5e_waypoint_mover/include/ur5e_waypoint_mover/ur5e_waypoint_mover/srv
[1.855s] -- Up-to-date: /home/ianclark54/ur5e_ws/install/ur5e_waypoint_mover/include/ur5e_waypoint_mover/ur5e_waypoint_mover/srv/detail
[1.855s] -- Up-to-date: /home/ianclark54/ur5e_ws/install/ur5e_waypoint_mover/include/ur5e_waypoint_mover/ur5e_waypoint_mover/srv/detail/execute_waypoints__rosidl_typesupport_fastrtps_c.h
[1.855s] -- Up-to-date: /home/ianclark54/ur5e_ws/install/ur5e_waypoint_mover/include/ur5e_waypoint_mover/ur5e_waypoint_mover/srv/detail/list_waypoints__rosidl_typesupport_fastrtps_c.h
[1.855s] -- Up-to-date: /home/ianclark54/ur5e_ws/install/ur5e_waypoint_mover/include/ur5e_waypoint_mover/ur5e_waypoint_mover/srv/detail/add_waypoint__rosidl_typesupport_fastrtps_c.h
[1.856s] -- Up-to-date: /home/ianclark54/ur5e_ws/install/ur5e_waypoint_mover/include/ur5e_waypoint_mover/ur5e_waypoint_mover/srv/detail/move_to_point__rosidl_typesupport_fastrtps_c.h
[1.856s] -- Up-to-date: /home/ianclark54/ur5e_ws/install/ur5e_waypoint_mover/lib/libur5e_waypoint_mover__rosidl_typesupport_fastrtps_c.so
[1.856s] -- Up-to-date: /home/ianclark54/ur5e_ws/install/ur5e_waypoint_mover/include/ur5e_waypoint_mover/ur5e_waypoint_mover
[1.856s] -- Up-to-date: /home/ianclark54/ur5e_ws/install/ur5e_waypoint_mover/include/ur5e_waypoint_mover/ur5e_waypoint_mover/msg
[1.856s] -- Up-to-date: /home/ianclark54/ur5e_ws/install/ur5e_waypoint_mover/include/ur5e_waypoint_mover/ur5e_waypoint_mover/msg/rosidl_typesupport_introspection_c__visibility_control.h
[1.856s] -- Up-to-date: /home/ianclark54/ur5e_ws/install/ur5e_waypoint_mover/include/ur5e_waypoint_mover/ur5e_waypoint_mover/srv
[1.856s] -- Up-to-date: /home/ianclark54/ur5e_ws/install/ur5e_waypoint_mover/include/ur5e_waypoint_mover/ur5e_waypoint_mover/srv/detail
[1.857s] -- Up-to-date: /home/ianclark54/ur5e_ws/install/ur5e_waypoint_mover/include/ur5e_waypoint_mover/ur5e_waypoint_mover/srv/detail/execute_waypoints__rosidl_typesupport_introspection_c.h
[1.857s] -- Installing: /home/ianclark54/ur5e_ws/install/ur5e_waypoint_mover/include/ur5e_waypoint_mover/ur5e_waypoint_mover/srv/detail/execute_waypoints__type_support.c
[1.857s] -- Up-to-date: /home/ianclark54/ur5e_ws/install/ur5e_waypoint_mover/include/ur5e_waypoint_mover/ur5e_waypoint_mover/srv/detail/move_to_point__rosidl_typesupport_introspection_c.h
[1.857s] -- Installing: /home/ianclark54/ur5e_ws/install/ur5e_waypoint_mover/include/ur5e_waypoint_mover/ur5e_waypoint_mover/srv/detail/list_waypoints__type_support.c
[1.857s] -- Installing: /home/ianclark54/ur5e_ws/install/ur5e_waypoint_mover/include/ur5e_waypoint_mover/ur5e_waypoint_mover/srv/detail/move_to_point__type_support.c
[1.857s] -- Installing: /home/ianclark54/ur5e_ws/install/ur5e_waypoint_mover/include/ur5e_waypoint_mover/ur5e_waypoint_mover/srv/detail/add_waypoint__type_support.c
[1.857s] -- Up-to-date: /home/ianclark54/ur5e_ws/install/ur5e_waypoint_mover/include/ur5e_waypoint_mover/ur5e_waypoint_mover/srv/detail/list_waypoints__rosidl_typesupport_introspection_c.h
[1.857s] -- Up-to-date: /home/ianclark54/ur5e_ws/install/ur5e_waypoint_mover/include/ur5e_waypoint_mover/ur5e_waypoint_mover/srv/detail/add_waypoint__rosidl_typesupport_introspection_c.h
[1.857s] -- Up-to-date: /home/ianclark54/ur5e_ws/install/ur5e_waypoint_mover/lib/libur5e_waypoint_mover__rosidl_typesupport_introspection_c.so
[1.857s] -- Up-to-date: /home/ianclark54/ur5e_ws/install/ur5e_waypoint_mover/lib/libur5e_waypoint_mover__rosidl_typesupport_c.so
[1.858s] -- Up-to-date: /home/ianclark54/ur5e_ws/install/ur5e_waypoint_mover/include/ur5e_waypoint_mover/ur5e_waypoint_mover
[1.858s] -- Up-to-date: /home/ianclark54/ur5e_ws/install/ur5e_waypoint_mover/include/ur5e_waypoint_mover/ur5e_waypoint_mover/msg
[1.858s] -- Up-to-date: /home/ianclark54/ur5e_ws/install/ur5e_waypoint_mover/include/ur5e_waypoint_mover/ur5e_waypoint_mover/msg/rosidl_generator_cpp__visibility_control.hpp
[1.858s] -- Up-to-date: /home/ianclark54/ur5e_ws/install/ur5e_waypoint_mover/include/ur5e_waypoint_mover/ur5e_waypoint_mover/srv
[1.858s] -- Up-to-date: /home/ianclark54/ur5e_ws/install/ur5e_waypoint_mover/include/ur5e_waypoint_mover/ur5e_waypoint_mover/srv/execute_waypoints.hpp
[1.858s] -- Up-to-date: /home/ianclark54/ur5e_ws/install/ur5e_waypoint_mover/include/ur5e_waypoint_mover/ur5e_waypoint_mover/srv/list_waypoints.hpp
[1.858s] -- Up-to-date: /home/ianclark54/ur5e_ws/install/ur5e_waypoint_mover/include/ur5e_waypoint_mover/ur5e_waypoint_mover/srv/move_to_point.hpp
[1.858s] -- Up-to-date: /home/ianclark54/ur5e_ws/install/ur5e_waypoint_mover/include/ur5e_waypoint_mover/ur5e_waypoint_mover/srv/detail
[1.859s] -- Up-to-date: /home/ianclark54/ur5e_ws/install/ur5e_waypoint_mover/include/ur5e_waypoint_mover/ur5e_waypoint_mover/srv/detail/move_to_point__builder.hpp
[1.859s] -- Up-to-date: /home/ianclark54/ur5e_ws/install/ur5e_waypoint_mover/include/ur5e_waypoint_mover/ur5e_waypoint_mover/srv/detail/move_to_point__traits.hpp
[1.859s] -- Up-to-date: /home/ianclark54/ur5e_ws/install/ur5e_waypoint_mover/include/ur5e_waypoint_mover/ur5e_waypoint_mover/srv/detail/move_to_point__type_support.hpp
[1.859s] -- Up-to-date: /home/ianclark54/ur5e_ws/install/ur5e_waypoint_mover/include/ur5e_waypoint_mover/ur5e_waypoint_mover/srv/detail/add_waypoint__struct.hpp
[1.859s] -- Up-to-date: /home/ianclark54/ur5e_ws/install/ur5e_waypoint_mover/include/ur5e_waypoint_mover/ur5e_waypoint_mover/srv/detail/list_waypoints__builder.hpp
[1.859s] -- Up-to-date: /home/ianclark54/ur5e_ws/install/ur5e_waypoint_mover/include/ur5e_waypoint_mover/ur5e_waypoint_mover/srv/detail/execute_waypoints__traits.hpp
[1.859s] -- Up-to-date: /home/ianclark54/ur5e_ws/install/ur5e_waypoint_mover/include/ur5e_waypoint_mover/ur5e_waypoint_mover/srv/detail/list_waypoints__struct.hpp
[1.859s] -- Up-to-date: /home/ianclark54/ur5e_ws/install/ur5e_waypoint_mover/include/ur5e_waypoint_mover/ur5e_waypoint_mover/srv/detail/move_to_point__struct.hpp
[1.860s] -- Up-to-date: /home/ianclark54/ur5e_ws/install/ur5e_waypoint_mover/include/ur5e_waypoint_mover/ur5e_waypoint_mover/srv/detail/list_waypoints__type_support.hpp
[1.860s] -- Up-to-date: /home/ianclark54/ur5e_ws/install/ur5e_waypoint_mover/include/ur5e_waypoint_mover/ur5e_waypoint_mover/srv/detail/list_waypoints__traits.hpp
[1.860s] -- Up-to-date: /home/ianclark54/ur5e_ws/install/ur5e_waypoint_mover/include/ur5e_waypoint_mover/ur5e_waypoint_mover/srv/detail/execute_waypoints__struct.hpp
[1.860s] -- Up-to-date: /home/ianclark54/ur5e_ws/install/ur5e_waypoint_mover/include/ur5e_waypoint_mover/ur5e_waypoint_mover/srv/detail/add_waypoint__traits.hpp
[1.860s] -- Up-to-date: /home/ianclark54/ur5e_ws/install/ur5e_waypoint_mover/include/ur5e_waypoint_mover/ur5e_waypoint_mover/srv/detail/add_waypoint__type_support.hpp
[1.860s] -- Up-to-date: /home/ianclark54/ur5e_ws/install/ur5e_waypoint_mover/include/ur5e_waypoint_mover/ur5e_waypoint_mover/srv/detail/execute_waypoints__builder.hpp
[1.860s] -- Up-to-date: /home/ianclark54/ur5e_ws/install/ur5e_waypoint_mover/include/ur5e_waypoint_mover/ur5e_waypoint_mover/srv/detail/add_waypoint__builder.hpp
[1.860s] -- Up-to-date: /home/ianclark54/ur5e_ws/install/ur5e_waypoint_mover/include/ur5e_waypoint_mover/ur5e_waypoint_mover/srv/detail/execute_waypoints__type_support.hpp
[1.860s] -- Up-to-date: /home/ianclark54/ur5e_ws/install/ur5e_waypoint_mover/include/ur5e_waypoint_mover/ur5e_waypoint_mover/srv/add_waypoint.hpp
[1.860s] -- Up-to-date: /home/ianclark54/ur5e_ws/install/ur5e_waypoint_mover/include/ur5e_waypoint_mover/ur5e_waypoint_mover
[1.860s] -- Up-to-date: /home/ianclark54/ur5e_ws/install/ur5e_waypoint_mover/include/ur5e_waypoint_mover/ur5e_waypoint_mover/msg
[1.860s] -- Up-to-date: /home/ianclark54/ur5e_ws/install/ur5e_waypoint_mover/include/ur5e_waypoint_mover/ur5e_waypoint_mover/msg/rosidl_typesupport_fastrtps_cpp__visibility_control.h
[1.860s] -- Up-to-date: /home/ianclark54/ur5e_ws/install/ur5e_waypoint_mover/include/ur5e_waypoint_mover/ur5e_waypoint_mover/srv
[1.860s] -- Up-to-date: /home/ianclark54/ur5e_ws/install/ur5e_waypoint_mover/include/ur5e_waypoint_mover/ur5e_waypoint_mover/srv/detail
[1.860s] -- Up-to-date: /home/ianclark54/ur5e_ws/install/ur5e_waypoint_mover/include/ur5e_waypoint_mover/ur5e_waypoint_mover/srv/detail/move_to_point__rosidl_typesupport_fastrtps_cpp.hpp
[1.860s] -- Up-to-date: /home/ianclark54/ur5e_ws/install/ur5e_waypoint_mover/include/ur5e_waypoint_mover/ur5e_waypoint_mover/srv/detail/add_waypoint__rosidl_typesupport_fastrtps_cpp.hpp
[1.860s] -- Up-to-date: /home/ianclark54/ur5e_ws/install/ur5e_waypoint_mover/include/ur5e_waypoint_mover/ur5e_waypoint_mover/srv/detail/dds_fastrtps
[1.860s] -- Up-to-date: /home/ianclark54/ur5e_ws/install/ur5e_waypoint_mover/include/ur5e_waypoint_mover/ur5e_waypoint_mover/srv/detail/execute_waypoints__rosidl_typesupport_fastrtps_cpp.hpp
[1.860s] -- Up-to-date: /home/ianclark54/ur5e_ws/install/ur5e_waypoint_mover/include/ur5e_waypoint_mover/ur5e_waypoint_mover/srv/detail/list_waypoints__rosidl_typesupport_fastrtps_cpp.hpp
[1.860s] -- Up-to-date: /home/ianclark54/ur5e_ws/install/ur5e_waypoint_mover/lib/libur5e_waypoint_mover__rosidl_typesupport_fastrtps_cpp.so
[1.860s] -- Up-to-date: /home/ianclark54/ur5e_ws/install/ur5e_waypoint_mover/include/ur5e_waypoint_mover/ur5e_waypoint_mover
[1.861s] -- Up-to-date: /home/ianclark54/ur5e_ws/install/ur5e_waypoint_mover/include/ur5e_waypoint_mover/ur5e_waypoint_mover/srv
[1.861s] -- Up-to-date: /home/ianclark54/ur5e_ws/install/ur5e_waypoint_mover/include/ur5e_waypoint_mover/ur5e_waypoint_mover/srv/detail
[1.861s] -- Up-to-date: /home/ianclark54/ur5e_ws/install/ur5e_waypoint_mover/include/ur5e_waypoint_mover/ur5e_waypoint_mover/srv/detail/add_waypoint__type_support.cpp
[1.861s] -- Up-to-date: /home/ianclark54/ur5e_ws/install/ur5e_waypoint_mover/include/ur5e_waypoint_mover/ur5e_waypoint_mover/srv/detail/execute_waypoints__rosidl_typesupport_introspection_cpp.hpp
[1.861s] -- Up-to-date: /home/ianclark54/ur5e_ws/install/ur5e_waypoint_mover/include/ur5e_waypoint_mover/ur5e_waypoint_mover/srv/detail/move_to_point__type_support.cpp
[1.861s] -- Up-to-date: /home/ianclark54/ur5e_ws/install/ur5e_waypoint_mover/include/ur5e_waypoint_mover/ur5e_waypoint_mover/srv/detail/execute_waypoints__type_support.cpp
[1.861s] -- Up-to-date: /home/ianclark54/ur5e_ws/install/ur5e_waypoint_mover/include/ur5e_waypoint_mover/ur5e_waypoint_mover/srv/detail/add_waypoint__rosidl_typesupport_introspection_cpp.hpp
[1.861s] -- Up-to-date: /home/ianclark54/ur5e_ws/install/ur5e_waypoint_mover/include/ur5e_waypoint_mover/ur5e_waypoint_mover/srv/detail/list_waypoints__type_support.cpp
[1.861s] -- Up-to-date: /home/ianclark54/ur5e_ws/install/ur5e_waypoint_mover/include/ur5e_waypoint_mover/ur5e_waypoint_mover/srv/detail/list_waypoints__rosidl_typesupport_introspection_cpp.hpp
[1.861s] -- Up-to-date: /home/ianclark54/ur5e_ws/install/ur5e_waypoint_mover/include/ur5e_waypoint_mover/ur5e_waypoint_mover/srv/detail/move_to_point__rosidl_typesupport_introspection_cpp.hpp
[1.861s] -- Up-to-date: /home/ianclark54/ur5e_ws/install/ur5e_waypoint_mover/lib/libur5e_waypoint_mover__rosidl_typesupport_introspection_cpp.so
[1.861s] -- Up-to-date: /home/ianclark54/ur5e_ws/install/ur5e_waypoint_mover/lib/libur5e_waypoint_mover__rosidl_typesupport_cpp.so
[1.861s] -- Up-to-date: /home/ianclark54/ur5e_ws/install/ur5e_waypoint_mover/share/ur5e_waypoint_mover/environment/pythonpath.sh
[1.861s] -- Up-to-date: /home/ianclark54/ur5e_ws/install/ur5e_waypoint_mover/share/ur5e_waypoint_mover/environment/pythonpath.dsv
[1.861s] -- Up-to-date: /home/ianclark54/ur5e_ws/install/ur5e_waypoint_mover/lib/python3.12/site-packages/ur5e_waypoint_mover-1.0.0-py3.12.egg-info
[1.861s] -- Installing: /home/ianclark54/ur5e_ws/install/ur5e_waypoint_mover/lib/python3.12/site-packages/ur5e_waypoint_mover-1.0.0-py3.12.egg-info/top_level.txt
[1.861s] -- Installing: /home/ianclark54/ur5e_ws/install/ur5e_waypoint_mover/lib/python3.12/site-packages/ur5e_waypoint_mover-1.0.0-py3.12.egg-info/SOURCES.txt
[1.861s] -- Installing: /home/ianclark54/ur5e_ws/install/ur5e_waypoint_mover/lib/python3.12/site-packages/ur5e_waypoint_mover-1.0.0-py3.12.egg-info/dependency_links.txt
[1.861s] -- Installing: /home/ianclark54/ur5e_ws/install/ur5e_waypoint_mover/lib/python3.12/site-packages/ur5e_waypoint_mover-1.0.0-py3.12.egg-info/PKG-INFO
[1.861s] -- Up-to-date: /home/ianclark54/ur5e_ws/install/ur5e_waypoint_mover/lib/python3.12/site-packages/ur5e_waypoint_mover
[1.861s] -- Installing: /home/ianclark54/ur5e_ws/install/ur5e_waypoint_mover/lib/python3.12/site-packages/ur5e_waypoint_mover/__init__.py
[1.861s] -- Up-to-date: /home/ianclark54/ur5e_ws/install/ur5e_waypoint_mover/lib/python3.12/site-packages/ur5e_waypoint_mover/ur5e_waypoint_mover_s__rosidl_typesupport_introspection_c.so
[1.861s] -- Up-to-date: /home/ianclark54/ur5e_ws/install/ur5e_waypoint_mover/lib/python3.12/site-packages/ur5e_waypoint_mover/_ur5e_waypoint_mover_s.ep.rosidl_typesupport_fastrtps_c.c
[1.861s] -- Up-to-date: /home/ianclark54/ur5e_ws/install/ur5e_waypoint_mover/lib/python3.12/site-packages/ur5e_waypoint_mover/ur5e_waypoint_mover_s__rosidl_typesupport_c.so
[1.861s] -- Up-to-date: /home/ianclark54/ur5e_ws/install/ur5e_waypoint_mover/lib/python3.12/site-packages/ur5e_waypoint_mover/ur5e_waypoint_mover_s__rosidl_typesupport_fastrtps_c.so
[1.861s] -- Up-to-date: /home/ianclark54/ur5e_ws/install/ur5e_waypoint_mover/lib/python3.12/site-packages/ur5e_waypoint_mover/_ur5e_waypoint_mover_s.ep.rosidl_typesupport_introspection_c.c
[1.861s] -- Up-to-date: /home/ianclark54/ur5e_ws/install/ur5e_waypoint_mover/lib/python3.12/site-packages/ur5e_waypoint_mover/_ur5e_waypoint_mover_s.ep.rosidl_typesupport_c.c
[1.861s] -- Up-to-date: /home/ianclark54/ur5e_ws/install/ur5e_waypoint_mover/lib/python3.12/site-packages/ur5e_waypoint_mover/srv
[1.861s] -- Up-to-date: /home/ianclark54/ur5e_ws/install/ur5e_waypoint_mover/lib/python3.12/site-packages/ur5e_waypoint_mover/srv/__init__.py
[1.862s] -- Up-to-date: /home/ianclark54/ur5e_ws/install/ur5e_waypoint_mover/lib/python3.12/site-packages/ur5e_waypoint_mover/srv/_move_to_point_s.c
[1.862s] -- Up-to-date: /home/ianclark54/ur5e_ws/install/ur5e_waypoint_mover/lib/python3.12/site-packages/ur5e_waypoint_mover/srv/_execute_waypoints.py
[1.862s] -- Up-to-date: /home/ianclark54/ur5e_ws/install/ur5e_waypoint_mover/lib/python3.12/site-packages/ur5e_waypoint_mover/srv/_list_waypoints.py
[1.862s] -- Up-to-date: /home/ianclark54/ur5e_ws/install/ur5e_waypoint_mover/lib/python3.12/site-packages/ur5e_waypoint_mover/srv/_execute_waypoints_s.c
[1.862s] -- Up-to-date: /home/ianclark54/ur5e_ws/install/ur5e_waypoint_mover/lib/python3.12/site-packages/ur5e_waypoint_mover/srv/_add_waypoint.py
[1.862s] -- Up-to-date: /home/ianclark54/ur5e_ws/install/ur5e_waypoint_mover/lib/python3.12/site-packages/ur5e_waypoint_mover/srv/_move_to_point.py
[1.862s] -- Up-to-date: /home/ianclark54/ur5e_ws/install/ur5e_waypoint_mover/lib/python3.12/site-packages/ur5e_waypoint_mover/srv/_add_waypoint_s.c
[1.862s] -- Up-to-date: /home/ianclark54/ur5e_ws/install/ur5e_waypoint_mover/lib/python3.12/site-packages/ur5e_waypoint_mover/srv/_list_waypoints_s.c
[1.896s] Listing '/home/ianclark54/ur5e_ws/install/ur5e_waypoint_mover/lib/python3.12/site-packages/ur5e_waypoint_mover'...
[1.896s] Compiling '/home/ianclark54/ur5e_ws/install/ur5e_waypoint_mover/lib/python3.12/site-packages/ur5e_waypoint_mover/__init__.py'...
[1.896s] Listing '/home/ianclark54/ur5e_ws/install/ur5e_waypoint_mover/lib/python3.12/site-packages/ur5e_waypoint_mover/srv'...
[1.903s] -- Up-to-date: /home/ianclark54/ur5e_ws/install/ur5e_waypoint_mover/lib/python3.12/site-packages/ur5e_waypoint_mover/ur5e_waypoint_mover_s__rosidl_typesupport_fastrtps_c.so
[1.903s] -- Up-to-date: /home/ianclark54/ur5e_ws/install/ur5e_waypoint_mover/lib/python3.12/site-packages/ur5e_waypoint_mover/ur5e_waypoint_mover_s__rosidl_typesupport_introspection_c.so
[1.903s] -- Up-to-date: /home/ianclark54/ur5e_ws/install/ur5e_waypoint_mover/lib/python3.12/site-packages/ur5e_waypoint_mover/ur5e_waypoint_mover_s__rosidl_typesupport_c.so
[1.904s] -- Up-to-date: /home/ianclark54/ur5e_ws/install/ur5e_waypoint_mover/lib/libur5e_waypoint_mover__rosidl_generator_py.so
[1.904s] -- Up-to-date: /home/ianclark54/ur5e_ws/install/ur5e_waypoint_mover/share/ur5e_waypoint_mover/srv/AddWaypoint.idl
[1.904s] -- Up-to-date: /home/ianclark54/ur5e_ws/install/ur5e_waypoint_mover/share/ur5e_waypoint_mover/srv/MoveToPoint.idl
[1.904s] -- Up-to-date: /home/ianclark54/ur5e_ws/install/ur5e_waypoint_mover/share/ur5e_waypoint_mover/srv/ExecuteWaypoints.idl
[1.904s] -- Up-to-date: /home/ianclark54/ur5e_ws/install/ur5e_waypoint_mover/share/ur5e_waypoint_mover/srv/ListWaypoints.idl
[1.904s] -- Installing: /home/ianclark54/ur5e_ws/install/ur5e_waypoint_mover/share/ur5e_waypoint_mover/srv/AddWaypoint.srv
[1.904s] -- Installing: /home/ianclark54/ur5e_ws/install/ur5e_waypoint_mover/share/ur5e_waypoint_mover/srv/MoveToPoint.srv
[1.904s] -- Installing: /home/ianclark54/ur5e_ws/install/ur5e_waypoint_mover/share/ur5e_waypoint_mover/srv/ExecuteWaypoints.srv
[1.905s] -- Installing: /home/ianclark54/ur5e_ws/install/ur5e_waypoint_mover/share/ur5e_waypoint_mover/srv/ListWaypoints.srv
[1.905s] -- Installing: /home/ianclark54/ur5e_ws/install/ur5e_waypoint_mover/lib/ur5e_waypoint_mover/motion_planner_node.py
[1.905s] -- Installing: /home/ianclark54/ur5e_ws/install/ur5e_waypoint_mover/lib/ur5e_waypoint_mover/move_to_point_client.py
[1.905s] -- Up-to-date: /home/ianclark54/ur5e_ws/install/ur5e_waypoint_mover/share/ur5e_waypoint_mover/config
[1.905s] -- Installing: /home/ianclark54/ur5e_ws/install/ur5e_waypoint_mover/share/ur5e_waypoint_mover/config/waypoints.yaml
[1.906s] -- Up-to-date: /home/ianclark54/ur5e_ws/install/ur5e_waypoint_mover/share/ur5e_waypoint_mover/launch
[1.906s] -- Installing: /home/ianclark54/ur5e_ws/install/ur5e_waypoint_mover/share/ur5e_waypoint_mover/launch/motion_planner.launch.py
[1.906s] -- Up-to-date: /home/ianclark54/ur5e_ws/install/ur5e_waypoint_mover/share/ament_index/resource_index/package_run_dependencies/ur5e_waypoint_mover
[1.906s] -- Up-to-date: /home/ianclark54/ur5e_ws/install/ur5e_waypoint_mover/share/ament_index/resource_index/parent_prefix_path/ur5e_waypoint_mover
[1.906s] -- Up-to-date: /home/ianclark54/ur5e_ws/install/ur5e_waypoint_mover/share/ur5e_waypoint_mover/environment/ament_prefix_path.sh
[1.906s] -- Up-to-date: /home/ianclark54/ur5e_ws/install/ur5e_waypoint_mover/share/ur5e_waypoint_mover/environment/ament_prefix_path.dsv
[1.906s] -- Up-to-date: /home/ianclark54/ur5e_ws/install/ur5e_waypoint_mover/share/ur5e_waypoint_mover/environment/path.sh
[1.906s] -- Up-to-date: /home/ianclark54/ur5e_ws/install/ur5e_waypoint_mover/share/ur5e_waypoint_mover/environment/path.dsv
[1.906s] -- Up-to-date: /home/ianclark54/ur5e_ws/install/ur5e_waypoint_mover/share/ur5e_waypoint_mover/local_setup.bash
[1.906s] -- Up-to-date: /home/ianclark54/ur5e_ws/install/ur5e_waypoint_mover/share/ur5e_waypoint_mover/local_setup.sh
[1.907s] -- Up-to-date: /home/ianclark54/ur5e_ws/install/ur5e_waypoint_mover/share/ur5e_waypoint_mover/local_setup.zsh
[1.907s] -- Up-to-date: /home/ianclark54/ur5e_ws/install/ur5e_waypoint_mover/share/ur5e_waypoint_mover/local_setup.dsv
[1.907s] -- Installing: /home/ianclark54/ur5e_ws/install/ur5e_waypoint_mover/share/ur5e_waypoint_mover/package.dsv
[1.907s] -- Up-to-date: /home/ianclark54/ur5e_ws/install/ur5e_waypoint_mover/share/ament_index/resource_index/packages/ur5e_waypoint_mover
[1.907s] -- Up-to-date: /home/ianclark54/ur5e_ws/install/ur5e_waypoint_mover/share/ur5e_waypoint_mover/cmake/export_ur5e_waypoint_mover__rosidl_generator_cExport.cmake
[1.907s] -- Up-to-date: /home/ianclark54/ur5e_ws/install/ur5e_waypoint_mover/share/ur5e_waypoint_mover/cmake/export_ur5e_waypoint_mover__rosidl_generator_cExport-noconfig.cmake
[1.907s] -- Up-to-date: /home/ianclark54/ur5e_ws/install/ur5e_waypoint_mover/share/ur5e_waypoint_mover/cmake/export_ur5e_waypoint_mover__rosidl_typesupport_fastrtps_cExport.cmake
[1.907s] -- Up-to-date: /home/ianclark54/ur5e_ws/install/ur5e_waypoint_mover/share/ur5e_waypoint_mover/cmake/export_ur5e_waypoint_mover__rosidl_typesupport_fastrtps_cExport-noconfig.cmake
[1.908s] -- Up-to-date: /home/ianclark54/ur5e_ws/install/ur5e_waypoint_mover/share/ur5e_waypoint_mover/cmake/ur5e_waypoint_mover__rosidl_typesupport_introspection_cExport.cmake
[1.908s] -- Up-to-date: /home/ianclark54/ur5e_ws/install/ur5e_waypoint_mover/share/ur5e_waypoint_mover/cmake/ur5e_waypoint_mover__rosidl_typesupport_introspection_cExport-noconfig.cmake
[1.908s] -- Up-to-date: /home/ianclark54/ur5e_ws/install/ur5e_waypoint_mover/share/ur5e_waypoint_mover/cmake/ur5e_waypoint_mover__rosidl_typesupport_cExport.cmake
[1.908s] -- Up-to-date: /home/ianclark54/ur5e_ws/install/ur5e_waypoint_mover/share/ur5e_waypoint_mover/cmake/ur5e_waypoint_mover__rosidl_typesupport_cExport-noconfig.cmake
[1.908s] -- Up-to-date: /home/ianclark54/ur5e_ws/install/ur5e_waypoint_mover/share/ur5e_waypoint_mover/cmake/export_ur5e_waypoint_mover__rosidl_generator_cppExport.cmake
[1.908s] -- Up-to-date: /home/ianclark54/ur5e_ws/install/ur5e_waypoint_mover/share/ur5e_waypoint_mover/cmake/export_ur5e_waypoint_mover__rosidl_typesupport_fastrtps_cppExport.cmake
[1.908s] -- Up-to-date: /home/ianclark54/ur5e_ws/install/ur5e_waypoint_mover/share/ur5e_waypoint_mover/cmake/export_ur5e_waypoint_mover__rosidl_typesupport_fastrtps_cppExport-noconfig.cmake
[1.908s] -- Up-to-date: /home/ianclark54/ur5e_ws/install/ur5e_waypoint_mover/share/ur5e_waypoint_mover/cmake/ur5e_waypoint_mover__rosidl_typesupport_introspection_cppExport.cmake
[1.909s] -- Up-to-date: /home/ianclark54/ur5e_ws/install/ur5e_waypoint_mover/share/ur5e_waypoint_mover/cmake/ur5e_waypoint_mover__rosidl_typesupport_introspection_cppExport-noconfig.cmake
[1.909s] -- Up-to-date: /home/ianclark54/ur5e_ws/install/ur5e_waypoint_mover/share/ur5e_waypoint_mover/cmake/ur5e_waypoint_mover__rosidl_typesupport_cppExport.cmake
[1.909s] -- Up-to-date: /home/ianclark54/ur5e_ws/install/ur5e_waypoint_mover/share/ur5e_waypoint_mover/cmake/ur5e_waypoint_mover__rosidl_typesupport_cppExport-noconfig.cmake
[1.909s] -- Up-to-date: /home/ianclark54/ur5e_ws/install/ur5e_waypoint_mover/share/ur5e_waypoint_mover/cmake/export_ur5e_waypoint_mover__rosidl_generator_pyExport.cmake
[1.909s] -- Up-to-date: /home/ianclark54/ur5e_ws/install/ur5e_waypoint_mover/share/ur5e_waypoint_mover/cmake/export_ur5e_waypoint_mover__rosidl_generator_pyExport-noconfig.cmake
[1.909s] -- Up-to-date: /home/ianclark54/ur5e_ws/install/ur5e_waypoint_mover/share/ur5e_waypoint_mover/cmake/rosidl_cmake-extras.cmake
[1.909s] -- Up-to-date: /home/ianclark54/ur5e_ws/install/ur5e_waypoint_mover/share/ur5e_waypoint_mover/cmake/ament_cmake_export_dependencies-extras.cmake
[1.909s] -- Up-to-date: /home/ianclark54/ur5e_ws/install/ur5e_waypoint_mover/share/ur5e_waypoint_mover/cmake/ament_cmake_export_include_directories-extras.cmake
[1.909s] -- Up-to-date: /home/ianclark54/ur5e_ws/install/ur5e_waypoint_mover/share/ur5e_waypoint_mover/cmake/ament_cmake_export_libraries-extras.cmake
[1.909s] -- Up-to-date: /home/ianclark54/ur5e_ws/install/ur5e_waypoint_mover/share/ur5e_waypoint_mover/cmake/ament_cmake_export_targets-extras.cmake
[1.909s] -- Up-to-date: /home/ianclark54/ur5e_ws/install/ur5e_waypoint_mover/share/ur5e_waypoint_mover/cmake/rosidl_cmake_export_typesupport_targets-extras.cmake
[1.909s] -- Up-to-date: /home/ianclark54/ur5e_ws/install/ur5e_waypoint_mover/share/ur5e_waypoint_mover/cmake/rosidl_cmake_export_typesupport_libraries-extras.cmake
[1.909s] -- Up-to-date: /home/ianclark54/ur5e_ws/install/ur5e_waypoint_mover/share/ur5e_waypoint_mover/cmake/ur5e_waypoint_moverConfig.cmake
[1.909s] -- Up-to-date: /home/ianclark54/ur5e_ws/install/ur5e_waypoint_mover/share/ur5e_waypoint_mover/cmake/ur5e_waypoint_moverConfig-version.cmake
[1.910s] -- Installing: /home/ianclark54/ur5e_ws/install/ur5e_waypoint_mover/share/ur5e_waypoint_mover/package.xml
[1.913s] Invoked command in '/home/ianclark54/ur5e_ws/build/ur5e_waypoint_mover' returned '0': CMAKE_PREFIX_PATH=${CMAKE_PREFIX_PATH}:/opt/ros/jazzy /usr/bin/cmake --install /home/ianclark54/ur5e_ws/build/ur5e_waypoint_mover
