[0.056s] Invoking command in '/home/ianclark54/ur5e_ws/build/ur_cell_config': CMAKE_PREFIX_PATH=/home/ianclark54/ur5e_ws/install/ur5e_description:/home/ianclark54/ur5e_ws/install/ur_cell_config:/home/ianclark54/ur5e_ws/install/ur5e_waypoint_mover:/opt/ros/jazzy/opt/sdformat_vendor:/opt/ros/jazzy/opt/gz_math_vendor:/opt/ros/jazzy/opt/gz_utils_vendor:/opt/ros/jazzy/opt/gz_tools_vendor:/opt/ros/jazzy/opt/gz_cmake_vendor:/opt/ros/jazzy /usr/bin/cmake --build /home/ianclark54/ur5e_ws/build/ur_cell_config -- -j16 -l16
[0.184s] Invoked command in '/home/ianclark54/ur5e_ws/build/ur_cell_config' returned '0': CMAKE_PREFIX_PATH=/home/ianclark54/ur5e_ws/install/ur5e_description:/home/ianclark54/ur5e_ws/install/ur_cell_config:/home/ianclark54/ur5e_ws/install/ur5e_waypoint_mover:/opt/ros/jazzy/opt/sdformat_vendor:/opt/ros/jazzy/opt/gz_math_vendor:/opt/ros/jazzy/opt/gz_utils_vendor:/opt/ros/jazzy/opt/gz_tools_vendor:/opt/ros/jazzy/opt/gz_cmake_vendor:/opt/ros/jazzy /usr/bin/cmake --build /home/ianclark54/ur5e_ws/build/ur_cell_config -- -j16 -l16
[0.196s] Invoking command in '/home/ianclark54/ur5e_ws/build/ur_cell_config': CMAKE_PREFIX_PATH=/home/ianclark54/ur5e_ws/install/ur5e_description:/home/ianclark54/ur5e_ws/install/ur_cell_config:/home/ianclark54/ur5e_ws/install/ur5e_waypoint_mover:/opt/ros/jazzy/opt/sdformat_vendor:/opt/ros/jazzy/opt/gz_math_vendor:/opt/ros/jazzy/opt/gz_utils_vendor:/opt/ros/jazzy/opt/gz_tools_vendor:/opt/ros/jazzy/opt/gz_cmake_vendor:/opt/ros/jazzy /usr/bin/cmake --install /home/ianclark54/ur5e_ws/build/ur_cell_config
[0.208s] -- Install configuration: ""
[0.209s] -- Up-to-date: /home/ianclark54/ur5e_ws/install/ur_cell_config/share/ament_index/resource_index/package_run_dependencies/ur_cell_config
[0.209s] -- Up-to-date: /home/ianclark54/ur5e_ws/install/ur_cell_config/share/ament_index/resource_index/parent_prefix_path/ur_cell_config
[0.209s] -- Up-to-date: /home/ianclark54/ur5e_ws/install/ur_cell_config/share/ur_cell_config/environment/ament_prefix_path.sh
[0.210s] -- Up-to-date: /home/ianclark54/ur5e_ws/install/ur_cell_config/share/ur_cell_config/environment/ament_prefix_path.dsv
[0.210s] -- Up-to-date: /home/ianclark54/ur5e_ws/install/ur_cell_config/share/ur_cell_config/environment/path.sh
[0.210s] -- Up-to-date: /home/ianclark54/ur5e_ws/install/ur_cell_config/share/ur_cell_config/environment/path.dsv
[0.210s] -- Up-to-date: /home/ianclark54/ur5e_ws/install/ur_cell_config/share/ur_cell_config/local_setup.bash
[0.210s] -- Up-to-date: /home/ianclark54/ur5e_ws/install/ur_cell_config/share/ur_cell_config/local_setup.sh
[0.210s] -- Up-to-date: /home/ianclark54/ur5e_ws/install/ur_cell_config/share/ur_cell_config/local_setup.zsh
[0.210s] -- Up-to-date: /home/ianclark54/ur5e_ws/install/ur_cell_config/share/ur_cell_config/local_setup.dsv
[0.210s] -- Installing: /home/ianclark54/ur5e_ws/install/ur_cell_config/share/ur_cell_config/package.dsv
[0.211s] -- Up-to-date: /home/ianclark54/ur5e_ws/install/ur_cell_config/share/ament_index/resource_index/packages/ur_cell_config
[0.211s] -- Up-to-date: /home/ianclark54/ur5e_ws/install/ur_cell_config/share/ur_cell_config/cmake/ur_cell_configConfig.cmake
[0.211s] -- Up-to-date: /home/ianclark54/ur5e_ws/install/ur_cell_config/share/ur_cell_config/cmake/ur_cell_configConfig-version.cmake
[0.211s] -- Up-to-date: /home/ianclark54/ur5e_ws/install/ur_cell_config/share/ur_cell_config/package.xml
[0.212s] -- Up-to-date: /home/ianclark54/ur5e_ws/install/ur_cell_config/share/ur_cell_config/launch
[0.212s] -- Up-to-date: /home/ianclark54/ur5e_ws/install/ur_cell_config/share/ur_cell_config/launch/rsp.launch.py
[0.212s] -- Up-to-date: /home/ianclark54/ur5e_ws/install/ur_cell_config/share/ur_cell_config/launch/ursim.launch.py
[0.212s] -- Up-to-date: /home/ianclark54/ur5e_ws/install/ur_cell_config/share/ur_cell_config/launch/static_virtual_joint_tfs.launch.py
[0.212s] -- Up-to-date: /home/ianclark54/ur5e_ws/install/ur_cell_config/share/ur_cell_config/launch/warehouse_db.launch.py
[0.212s] -- Up-to-date: /home/ianclark54/ur5e_ws/install/ur_cell_config/share/ur_cell_config/launch/demo.launch.py
[0.212s] -- Up-to-date: /home/ianclark54/ur5e_ws/install/ur_cell_config/share/ur_cell_config/launch/moveit_rviz.launch.py
[0.212s] -- Up-to-date: /home/ianclark54/ur5e_ws/install/ur_cell_config/share/ur_cell_config/launch/spawn_controllers.launch.py
[0.213s] -- Up-to-date: /home/ianclark54/ur5e_ws/install/ur_cell_config/share/ur_cell_config/launch/move_group.launch.py
[0.213s] -- Up-to-date: /home/ianclark54/ur5e_ws/install/ur_cell_config/share/ur_cell_config/launch/setup_assistant.launch.py
[0.213s] -- Up-to-date: /home/ianclark54/ur5e_ws/install/ur_cell_config/share/ur_cell_config/config
[0.213s] -- Up-to-date: /home/ianclark54/ur5e_ws/install/ur_cell_config/share/ur_cell_config/config/ros2_controllers.yaml
[0.213s] -- Up-to-date: /home/ianclark54/ur5e_ws/install/ur_cell_config/share/ur_cell_config/config/pilz_cartesian_limits.yaml
[0.213s] -- Up-to-date: /home/ianclark54/ur5e_ws/install/ur_cell_config/share/ur_cell_config/config/kinematics.yaml
[0.213s] -- Up-to-date: /home/ianclark54/ur5e_ws/install/ur_cell_config/share/ur_cell_config/config/initial_positions.yaml
[0.213s] -- Up-to-date: /home/ianclark54/ur5e_ws/install/ur_cell_config/share/ur_cell_config/config/moveit_controllers.yaml
[0.213s] -- Installing: /home/ianclark54/ur5e_ws/install/ur_cell_config/share/ur_cell_config/config/ur5e.srdf
[0.214s] -- Up-to-date: /home/ianclark54/ur5e_ws/install/ur_cell_config/share/ur_cell_config/config/ur5e.ros2_control.xacro
[0.214s] -- Up-to-date: /home/ianclark54/ur5e_ws/install/ur_cell_config/share/ur_cell_config/config/sensors_3d.yaml
[0.214s] -- Up-to-date: /home/ianclark54/ur5e_ws/install/ur_cell_config/share/ur_cell_config/config/joint_limits.yaml
[0.214s] -- Up-to-date: /home/ianclark54/ur5e_ws/install/ur_cell_config/share/ur_cell_config/config/moveit.rviz
[0.214s] -- Up-to-date: /home/ianclark54/ur5e_ws/install/ur_cell_config/share/ur_cell_config/config/ur5e.urdf.xacro
[0.214s] -- Up-to-date: /home/ianclark54/ur5e_ws/install/ur_cell_config/share/ur_cell_config/.setup_assistant
[0.216s] Invoked command in '/home/ianclark54/ur5e_ws/build/ur_cell_config' returned '0': CMAKE_PREFIX_PATH=/home/ianclark54/ur5e_ws/install/ur5e_description:/home/ianclark54/ur5e_ws/install/ur_cell_config:/home/ianclark54/ur5e_ws/install/ur5e_waypoint_mover:/opt/ros/jazzy/opt/sdformat_vendor:/opt/ros/jazzy/opt/gz_math_vendor:/opt/ros/jazzy/opt/gz_utils_vendor:/opt/ros/jazzy/opt/gz_tools_vendor:/opt/ros/jazzy/opt/gz_cmake_vendor:/opt/ros/jazzy /usr/bin/cmake --install /home/ianclark54/ur5e_ws/build/ur_cell_config
