-- Install configuration: ""
-- Up-to-date: /home/ianclark54/ur5e_ws/install/ur5e_description/share/ur5e_description/urdf
-- Up-to-date: /home/ianclark54/ur5e_ws/install/ur5e_description/share/ur5e_description/urdf/ur5e.urdf.xacro
-- Up-to-date: /home/ianclark54/ur5e_ws/install/ur5e_description/share/ur5e_description/launch
-- Up-to-date: /home/ianclark54/ur5e_ws/install/ur5e_description/share/ur5e_description/launch/simulate.launch.py
-- Up-to-date: /home/ianclark54/ur5e_ws/install/ur5e_description/share/ur5e_description/rviz
-- Up-to-date: /home/ianclark54/ur5e_ws/install/ur5e_description/share/ur5e_description/rviz/ur5e.rviz
-- Up-to-date: /home/ianclark54/ur5e_ws/install/ur5e_description/share/ur5e_description/meshes
-- Up-to-date: /home/ianclark54/ur5e_ws/install/ur5e_description/share/ur5e_description/meshes/VentionAssembly.STL
-- Up-to-date: /home/ianclark54/ur5e_ws/install/ur5e_description/share/ur5e_description/meshes/Toolhead_V3_Assembly.STL
-- Up-to-date: /home/ianclark54/ur5e_ws/install/ur5e_description/share/ament_index/resource_index/package_run_dependencies/ur5e_description
-- Up-to-date: /home/ianclark54/ur5e_ws/install/ur5e_description/share/ament_index/resource_index/parent_prefix_path/ur5e_description
-- Up-to-date: /home/ianclark54/ur5e_ws/install/ur5e_description/share/ur5e_description/environment/ament_prefix_path.sh
-- Up-to-date: /home/ianclark54/ur5e_ws/install/ur5e_description/share/ur5e_description/environment/ament_prefix_path.dsv
-- Up-to-date: /home/ianclark54/ur5e_ws/install/ur5e_description/share/ur5e_description/environment/path.sh
-- Up-to-date: /home/ianclark54/ur5e_ws/install/ur5e_description/share/ur5e_description/environment/path.dsv
-- Up-to-date: /home/ianclark54/ur5e_ws/install/ur5e_description/share/ur5e_description/local_setup.bash
-- Up-to-date: /home/ianclark54/ur5e_ws/install/ur5e_description/share/ur5e_description/local_setup.sh
-- Up-to-date: /home/ianclark54/ur5e_ws/install/ur5e_description/share/ur5e_description/local_setup.zsh
-- Up-to-date: /home/ianclark54/ur5e_ws/install/ur5e_description/share/ur5e_description/local_setup.dsv
-- Installing: /home/ianclark54/ur5e_ws/install/ur5e_description/share/ur5e_description/package.dsv
-- Up-to-date: /home/ianclark54/ur5e_ws/install/ur5e_description/share/ament_index/resource_index/packages/ur5e_description
-- Up-to-date: /home/ianclark54/ur5e_ws/install/ur5e_description/share/ur5e_description/cmake/ur5e_descriptionConfig.cmake
-- Up-to-date: /home/ianclark54/ur5e_ws/install/ur5e_description/share/ur5e_description/cmake/ur5e_descriptionConfig-version.cmake
-- Up-to-date: /home/ianclark54/ur5e_ws/install/ur5e_description/share/ur5e_description/package.xml
