[0.012s] Invoking command in '/home/ianclark54/ur5e_ws/build/ur5e_description': CMAKE_PREFIX_PATH=${CMAKE_PREFIX_PATH}:/opt/ros/jazzy /usr/bin/cmake --build /home/ianclark54/ur5e_ws/build/ur5e_description -- -j16 -l16
[0.052s] Invoked command in '/home/ianclark54/ur5e_ws/build/ur5e_description' returned '0': CMAKE_PREFIX_PATH=${CMAKE_PREFIX_PATH}:/opt/ros/jazzy /usr/bin/cmake --build /home/ianclark54/ur5e_ws/build/ur5e_description -- -j16 -l16
[0.063s] Invoking command in '/home/ianclark54/ur5e_ws/build/ur5e_description': CMAKE_PREFIX_PATH=${CMAKE_PREFIX_PATH}:/opt/ros/jazzy /usr/bin/cmake --install /home/ianclark54/ur5e_ws/build/ur5e_description
[0.070s] -- Install configuration: ""
[0.071s] -- Up-to-date: /home/ianclark54/ur5e_ws/install/ur5e_description/share/ur5e_description/urdf
[0.071s] -- Up-to-date: /home/ianclark54/ur5e_ws/install/ur5e_description/share/ur5e_description/urdf/ur5e.urdf.xacro
[0.071s] -- Up-to-date: /home/ianclark54/ur5e_ws/install/ur5e_description/share/ur5e_description/launch
[0.072s] -- Up-to-date: /home/ianclark54/ur5e_ws/install/ur5e_description/share/ur5e_description/launch/simulate.launch.py
[0.072s] -- Up-to-date: /home/ianclark54/ur5e_ws/install/ur5e_description/share/ur5e_description/rviz
[0.072s] -- Up-to-date: /home/ianclark54/ur5e_ws/install/ur5e_description/share/ur5e_description/rviz/ur5e.rviz
[0.072s] -- Up-to-date: /home/ianclark54/ur5e_ws/install/ur5e_description/share/ur5e_description/meshes
[0.072s] -- Up-to-date: /home/ianclark54/ur5e_ws/install/ur5e_description/share/ur5e_description/meshes/VentionAssembly.STL
[0.073s] -- Up-to-date: /home/ianclark54/ur5e_ws/install/ur5e_description/share/ur5e_description/meshes/Toolhead_V3_Assembly.STL
[0.073s] -- Up-to-date: /home/ianclark54/ur5e_ws/install/ur5e_description/share/ament_index/resource_index/package_run_dependencies/ur5e_description
[0.073s] -- Up-to-date: /home/ianclark54/ur5e_ws/install/ur5e_description/share/ament_index/resource_index/parent_prefix_path/ur5e_description
[0.073s] -- Up-to-date: /home/ianclark54/ur5e_ws/install/ur5e_description/share/ur5e_description/environment/ament_prefix_path.sh
[0.073s] -- Up-to-date: /home/ianclark54/ur5e_ws/install/ur5e_description/share/ur5e_description/environment/ament_prefix_path.dsv
[0.073s] -- Up-to-date: /home/ianclark54/ur5e_ws/install/ur5e_description/share/ur5e_description/environment/path.sh
[0.073s] -- Up-to-date: /home/ianclark54/ur5e_ws/install/ur5e_description/share/ur5e_description/environment/path.dsv
[0.073s] -- Up-to-date: /home/ianclark54/ur5e_ws/install/ur5e_description/share/ur5e_description/local_setup.bash
[0.073s] -- Up-to-date: /home/ianclark54/ur5e_ws/install/ur5e_description/share/ur5e_description/local_setup.sh
[0.073s] -- Up-to-date: /home/ianclark54/ur5e_ws/install/ur5e_description/share/ur5e_description/local_setup.zsh
[0.074s] -- Up-to-date: /home/ianclark54/ur5e_ws/install/ur5e_description/share/ur5e_description/local_setup.dsv
[0.074s] -- Installing: /home/ianclark54/ur5e_ws/install/ur5e_description/share/ur5e_description/package.dsv
[0.074s] -- Up-to-date: /home/ianclark54/ur5e_ws/install/ur5e_description/share/ament_index/resource_index/packages/ur5e_description
[0.074s] -- Up-to-date: /home/ianclark54/ur5e_ws/install/ur5e_description/share/ur5e_description/cmake/ur5e_descriptionConfig.cmake
[0.074s] -- Up-to-date: /home/ianclark54/ur5e_ws/install/ur5e_description/share/ur5e_description/cmake/ur5e_descriptionConfig-version.cmake
[0.074s] -- Up-to-date: /home/ianclark54/ur5e_ws/install/ur5e_description/share/ur5e_description/package.xml
[0.075s] Invoked command in '/home/ianclark54/ur5e_ws/build/ur5e_description' returned '0': CMAKE_PREFIX_PATH=${CMAKE_PREFIX_PATH}:/opt/ros/jazzy /usr/bin/cmake --install /home/ianclark54/ur5e_ws/build/ur5e_description
