[0.010s] Invoking command in '/home/ianclark54/ur5e_ws/build/ur5e_waypoint_mover': CMAKE_PREFIX_PATH=${CMAKE_PREFIX_PATH}:/opt/ros/jazzy /usr/bin/cmake --build /home/ianclark54/ur5e_ws/build/ur5e_waypoint_mover -- -j16 -l16
[0.072s] [  1%] Built target ur5e_waypoint_mover__rosidl_generator_type_description
[0.089s] [  1%] Built target ament_cmake_python_copy_ur5e_waypoint_mover
[0.098s] [  3%] Built target ur5e_waypoint_mover__cpp
[0.100s] [ 25%] Built target ur5e_waypoint_mover__rosidl_generator_c
[0.132s] [ 43%] Built target ur5e_waypoint_mover__rosidl_typesupport_introspection_c
[0.132s] [ 43%] Built target ur5e_waypoint_mover__rosidl_typesupport_c
[0.134s] [ 53%] Built target ur5e_waypoint_mover__rosidl_typesupport_introspection_cpp
[0.140s] [ 62%] Built target ur5e_waypoint_mover__rosidl_typesupport_cpp
[0.141s] [ 71%] Built target ur5e_waypoint_mover__rosidl_typesupport_fastrtps_c
[0.142s] [ 81%] Built target ur5e_waypoint_mover__rosidl_typesupport_fastrtps_cpp
[0.168s] [ 81%] Built target ur5e_waypoint_mover
[0.194s] [ 82%] Built target ur5e_waypoint_mover__py
[0.227s] [ 90%] Built target ur5e_waypoint_mover__rosidl_generator_py
[0.260s] [ 95%] Built target ur5e_waypoint_mover_s__rosidl_typesupport_c
[0.260s] [ 96%] Built target ur5e_waypoint_mover_s__rosidl_typesupport_fastrtps_c
[0.260s] [100%] Built target ur5e_waypoint_mover_s__rosidl_typesupport_introspection_c
[0.284s] running egg_info
[0.298s] writing ur5e_waypoint_mover.egg-info/PKG-INFO
[0.298s] writing dependency_links to ur5e_waypoint_mover.egg-info/dependency_links.txt
[0.298s] writing top-level names to ur5e_waypoint_mover.egg-info/top_level.txt
[0.349s] reading manifest file 'ur5e_waypoint_mover.egg-info/SOURCES.txt'
[0.350s] writing manifest file 'ur5e_waypoint_mover.egg-info/SOURCES.txt'
[0.385s] [100%] Built target ament_cmake_python_build_ur5e_waypoint_mover_egg
[0.401s] Invoked command in '/home/ianclark54/ur5e_ws/build/ur5e_waypoint_mover' returned '0': CMAKE_PREFIX_PATH=${CMAKE_PREFIX_PATH}:/opt/ros/jazzy /usr/bin/cmake --build /home/ianclark54/ur5e_ws/build/ur5e_waypoint_mover -- -j16 -l16
[0.413s] Invoking command in '/home/ianclark54/ur5e_ws/build/ur5e_waypoint_mover': CMAKE_PREFIX_PATH=${CMAKE_PREFIX_PATH}:/opt/ros/jazzy /usr/bin/cmake --install /home/ianclark54/ur5e_ws/build/ur5e_waypoint_mover
[0.427s] -- Install configuration: ""
[0.428s] -- Up-to-date: /home/ianclark54/ur5e_ws/install/ur5e_waypoint_mover/share/ament_index/resource_index/rosidl_interfaces/ur5e_waypoint_mover
[0.428s] -- Up-to-date: /home/ianclark54/ur5e_ws/install/ur5e_waypoint_mover/share/ur5e_waypoint_mover/srv/AddWaypoint.json
[0.428s] -- Up-to-date: /home/ianclark54/ur5e_ws/install/ur5e_waypoint_mover/share/ur5e_waypoint_mover/srv/MoveToPoint.json
[0.428s] -- Up-to-date: /home/ianclark54/ur5e_ws/install/ur5e_waypoint_mover/share/ur5e_waypoint_mover/srv/ExecuteWaypoints.json
[0.429s] -- Up-to-date: /home/ianclark54/ur5e_ws/install/ur5e_waypoint_mover/share/ur5e_waypoint_mover/srv/ListWaypoints.json
[0.429s] -- Up-to-date: /home/ianclark54/ur5e_ws/install/ur5e_waypoint_mover/include/ur5e_waypoint_mover/ur5e_waypoint_mover
[0.429s] -- Up-to-date: /home/ianclark54/ur5e_ws/install/ur5e_waypoint_mover/include/ur5e_waypoint_mover/ur5e_waypoint_mover/msg
[0.429s] -- Up-to-date: /home/ianclark54/ur5e_ws/install/ur5e_waypoint_mover/include/ur5e_waypoint_mover/ur5e_waypoint_mover/msg/rosidl_generator_c__visibility_control.h
[0.429s] -- Up-to-date: /home/ianclark54/ur5e_ws/install/ur5e_waypoint_mover/include/ur5e_waypoint_mover/ur5e_waypoint_mover/srv
[0.429s] -- Up-to-date: /home/ianclark54/ur5e_ws/install/ur5e_waypoint_mover/include/ur5e_waypoint_mover/ur5e_waypoint_mover/srv/add_waypoint.h
[0.429s] -- Up-to-date: /home/ianclark54/ur5e_ws/install/ur5e_waypoint_mover/include/ur5e_waypoint_mover/ur5e_waypoint_mover/srv/detail
[0.429s] -- Up-to-date: /home/ianclark54/ur5e_ws/install/ur5e_waypoint_mover/include/ur5e_waypoint_mover/ur5e_waypoint_mover/srv/detail/list_waypoints__functions.c
[0.429s] -- Up-to-date: /home/ianclark54/ur5e_ws/install/ur5e_waypoint_mover/include/ur5e_waypoint_mover/ur5e_waypoint_mover/srv/detail/move_to_point__functions.h
[0.429s] -- Up-to-date: /home/ianclark54/ur5e_ws/install/ur5e_waypoint_mover/include/ur5e_waypoint_mover/ur5e_waypoint_mover/srv/detail/move_to_point__type_support.h
[0.429s] -- Up-to-date: /home/ianclark54/ur5e_ws/install/ur5e_waypoint_mover/include/ur5e_waypoint_mover/ur5e_waypoint_mover/srv/detail/execute_waypoints__description.c
[0.430s] -- Installing: /home/ianclark54/ur5e_ws/install/ur5e_waypoint_mover/include/ur5e_waypoint_mover/ur5e_waypoint_mover/srv/detail/execute_waypoints__type_support.c
[0.430s] -- Up-to-date: /home/ianclark54/ur5e_ws/install/ur5e_waypoint_mover/include/ur5e_waypoint_mover/ur5e_waypoint_mover/srv/detail/add_waypoint__description.c
[0.430s] -- Up-to-date: /home/ianclark54/ur5e_ws/install/ur5e_waypoint_mover/include/ur5e_waypoint_mover/ur5e_waypoint_mover/srv/detail/execute_waypoints__functions.c
[0.430s] -- Up-to-date: /home/ianclark54/ur5e_ws/install/ur5e_waypoint_mover/include/ur5e_waypoint_mover/ur5e_waypoint_mover/srv/detail/list_waypoints__struct.h
[0.430s] -- Up-to-date: /home/ianclark54/ur5e_ws/install/ur5e_waypoint_mover/include/ur5e_waypoint_mover/ur5e_waypoint_mover/srv/detail/execute_waypoints__functions.h
[0.431s] -- Installing: /home/ianclark54/ur5e_ws/install/ur5e_waypoint_mover/include/ur5e_waypoint_mover/ur5e_waypoint_mover/srv/detail/list_waypoints__type_support.c
[0.431s] -- Installing: /home/ianclark54/ur5e_ws/install/ur5e_waypoint_mover/include/ur5e_waypoint_mover/ur5e_waypoint_mover/srv/detail/move_to_point__type_support.c
[0.431s] -- Up-to-date: /home/ianclark54/ur5e_ws/install/ur5e_waypoint_mover/include/ur5e_waypoint_mover/ur5e_waypoint_mover/srv/detail/list_waypoints__type_support.h
[0.431s] -- Up-to-date: /home/ianclark54/ur5e_ws/install/ur5e_waypoint_mover/include/ur5e_waypoint_mover/ur5e_waypoint_mover/srv/detail/move_to_point__description.c
[0.431s] -- Up-to-date: /home/ianclark54/ur5e_ws/install/ur5e_waypoint_mover/include/ur5e_waypoint_mover/ur5e_waypoint_mover/srv/detail/move_to_point__struct.h
[0.432s] -- Installing: /home/ianclark54/ur5e_ws/install/ur5e_waypoint_mover/include/ur5e_waypoint_mover/ur5e_waypoint_mover/srv/detail/add_waypoint__type_support.c
[0.432s] -- Up-to-date: /home/ianclark54/ur5e_ws/install/ur5e_waypoint_mover/include/ur5e_waypoint_mover/ur5e_waypoint_mover/srv/detail/list_waypoints__description.c
[0.432s] -- Up-to-date: /home/ianclark54/ur5e_ws/install/ur5e_waypoint_mover/include/ur5e_waypoint_mover/ur5e_waypoint_mover/srv/detail/add_waypoint__struct.h
[0.432s] -- Up-to-date: /home/ianclark54/ur5e_ws/install/ur5e_waypoint_mover/include/ur5e_waypoint_mover/ur5e_waypoint_mover/srv/detail/list_waypoints__functions.h
[0.432s] -- Up-to-date: /home/ianclark54/ur5e_ws/install/ur5e_waypoint_mover/include/ur5e_waypoint_mover/ur5e_waypoint_mover/srv/detail/add_waypoint__functions.h
[0.432s] -- Up-to-date: /home/ianclark54/ur5e_ws/install/ur5e_waypoint_mover/include/ur5e_waypoint_mover/ur5e_waypoint_mover/srv/detail/execute_waypoints__type_support.h
[0.432s] -- Up-to-date: /home/ianclark54/ur5e_ws/install/ur5e_waypoint_mover/include/ur5e_waypoint_mover/ur5e_waypoint_mover/srv/detail/add_waypoint__type_support.h
[0.433s] -- Up-to-date: /home/ianclark54/ur5e_ws/install/ur5e_waypoint_mover/include/ur5e_waypoint_mover/ur5e_waypoint_mover/srv/detail/move_to_point__functions.c
[0.433s] -- Up-to-date: /home/ianclark54/ur5e_ws/install/ur5e_waypoint_mover/include/ur5e_waypoint_mover/ur5e_waypoint_mover/srv/detail/add_waypoint__functions.c
[0.433s] -- Up-to-date: /home/ianclark54/ur5e_ws/install/ur5e_waypoint_mover/include/ur5e_waypoint_mover/ur5e_waypoint_mover/srv/detail/execute_waypoints__struct.h
[0.433s] -- Up-to-date: /home/ianclark54/ur5e_ws/install/ur5e_waypoint_mover/include/ur5e_waypoint_mover/ur5e_waypoint_mover/srv/move_to_point.h
[0.433s] -- Up-to-date: /home/ianclark54/ur5e_ws/install/ur5e_waypoint_mover/include/ur5e_waypoint_mover/ur5e_waypoint_mover/srv/list_waypoints.h
[0.433s] -- Up-to-date: /home/ianclark54/ur5e_ws/install/ur5e_waypoint_mover/include/ur5e_waypoint_mover/ur5e_waypoint_mover/srv/execute_waypoints.h
[0.433s] -- Up-to-date: /home/ianclark54/ur5e_ws/install/ur5e_waypoint_mover/share/ur5e_waypoint_mover/environment/library_path.sh
[0.433s] -- Up-to-date: /home/ianclark54/ur5e_ws/install/ur5e_waypoint_mover/share/ur5e_waypoint_mover/environment/library_path.dsv
[0.433s] -- Up-to-date: /home/ianclark54/ur5e_ws/install/ur5e_waypoint_mover/lib/libur5e_waypoint_mover__rosidl_generator_c.so
[0.434s] -- Up-to-date: /home/ianclark54/ur5e_ws/install/ur5e_waypoint_mover/include/ur5e_waypoint_mover/ur5e_waypoint_mover
[0.434s] -- Up-to-date: /home/ianclark54/ur5e_ws/install/ur5e_waypoint_mover/include/ur5e_waypoint_mover/ur5e_waypoint_mover/msg
[0.434s] -- Up-to-date: /home/ianclark54/ur5e_ws/install/ur5e_waypoint_mover/include/ur5e_waypoint_mover/ur5e_waypoint_mover/msg/rosidl_typesupport_fastrtps_c__visibility_control.h
[0.434s] -- Up-to-date: /home/ianclark54/ur5e_ws/install/ur5e_waypoint_mover/include/ur5e_waypoint_mover/ur5e_waypoint_mover/srv
[0.434s] -- Up-to-date: /home/ianclark54/ur5e_ws/install/ur5e_waypoint_mover/include/ur5e_waypoint_mover/ur5e_waypoint_mover/srv/detail
[0.434s] -- Up-to-date: /home/ianclark54/ur5e_ws/install/ur5e_waypoint_mover/include/ur5e_waypoint_mover/ur5e_waypoint_mover/srv/detail/execute_waypoints__rosidl_typesupport_fastrtps_c.h
[0.435s] -- Up-to-date: /home/ianclark54/ur5e_ws/install/ur5e_waypoint_mover/include/ur5e_waypoint_mover/ur5e_waypoint_mover/srv/detail/list_waypoints__rosidl_typesupport_fastrtps_c.h
[0.435s] -- Up-to-date: /home/ianclark54/ur5e_ws/install/ur5e_waypoint_mover/include/ur5e_waypoint_mover/ur5e_waypoint_mover/srv/detail/add_waypoint__rosidl_typesupport_fastrtps_c.h
[0.435s] -- Up-to-date: /home/ianclark54/ur5e_ws/install/ur5e_waypoint_mover/include/ur5e_waypoint_mover/ur5e_waypoint_mover/srv/detail/move_to_point__rosidl_typesupport_fastrtps_c.h
[0.435s] -- Up-to-date: /home/ianclark54/ur5e_ws/install/ur5e_waypoint_mover/lib/libur5e_waypoint_mover__rosidl_typesupport_fastrtps_c.so
[0.435s] -- Up-to-date: /home/ianclark54/ur5e_ws/install/ur5e_waypoint_mover/include/ur5e_waypoint_mover/ur5e_waypoint_mover
[0.435s] -- Up-to-date: /home/ianclark54/ur5e_ws/install/ur5e_waypoint_mover/include/ur5e_waypoint_mover/ur5e_waypoint_mover/msg
[0.436s] -- Up-to-date: /home/ianclark54/ur5e_ws/install/ur5e_waypoint_mover/include/ur5e_waypoint_mover/ur5e_waypoint_mover/msg/rosidl_typesupport_introspection_c__visibility_control.h
[0.436s] -- Up-to-date: /home/ianclark54/ur5e_ws/install/ur5e_waypoint_mover/include/ur5e_waypoint_mover/ur5e_waypoint_mover/srv
[0.436s] -- Up-to-date: /home/ianclark54/ur5e_ws/install/ur5e_waypoint_mover/include/ur5e_waypoint_mover/ur5e_waypoint_mover/srv/detail
[0.436s] -- Up-to-date: /home/ianclark54/ur5e_ws/install/ur5e_waypoint_mover/include/ur5e_waypoint_mover/ur5e_waypoint_mover/srv/detail/execute_waypoints__rosidl_typesupport_introspection_c.h
[0.436s] -- Installing: /home/ianclark54/ur5e_ws/install/ur5e_waypoint_mover/include/ur5e_waypoint_mover/ur5e_waypoint_mover/srv/detail/execute_waypoints__type_support.c
[0.436s] -- Up-to-date: /home/ianclark54/ur5e_ws/install/ur5e_waypoint_mover/include/ur5e_waypoint_mover/ur5e_waypoint_mover/srv/detail/move_to_point__rosidl_typesupport_introspection_c.h
[0.437s] -- Installing: /home/ianclark54/ur5e_ws/install/ur5e_waypoint_mover/include/ur5e_waypoint_mover/ur5e_waypoint_mover/srv/detail/list_waypoints__type_support.c
[0.437s] -- Installing: /home/ianclark54/ur5e_ws/install/ur5e_waypoint_mover/include/ur5e_waypoint_mover/ur5e_waypoint_mover/srv/detail/move_to_point__type_support.c
[0.437s] -- Installing: /home/ianclark54/ur5e_ws/install/ur5e_waypoint_mover/include/ur5e_waypoint_mover/ur5e_waypoint_mover/srv/detail/add_waypoint__type_support.c
[0.437s] -- Up-to-date: /home/ianclark54/ur5e_ws/install/ur5e_waypoint_mover/include/ur5e_waypoint_mover/ur5e_waypoint_mover/srv/detail/list_waypoints__rosidl_typesupport_introspection_c.h
[0.438s] -- Up-to-date: /home/ianclark54/ur5e_ws/install/ur5e_waypoint_mover/include/ur5e_waypoint_mover/ur5e_waypoint_mover/srv/detail/add_waypoint__rosidl_typesupport_introspection_c.h
[0.438s] -- Up-to-date: /home/ianclark54/ur5e_ws/install/ur5e_waypoint_mover/lib/libur5e_waypoint_mover__rosidl_typesupport_introspection_c.so
[0.438s] -- Up-to-date: /home/ianclark54/ur5e_ws/install/ur5e_waypoint_mover/lib/libur5e_waypoint_mover__rosidl_typesupport_c.so
[0.438s] -- Up-to-date: /home/ianclark54/ur5e_ws/install/ur5e_waypoint_mover/include/ur5e_waypoint_mover/ur5e_waypoint_mover
[0.438s] -- Up-to-date: /home/ianclark54/ur5e_ws/install/ur5e_waypoint_mover/include/ur5e_waypoint_mover/ur5e_waypoint_mover/msg
[0.438s] -- Up-to-date: /home/ianclark54/ur5e_ws/install/ur5e_waypoint_mover/include/ur5e_waypoint_mover/ur5e_waypoint_mover/msg/rosidl_generator_cpp__visibility_control.hpp
[0.438s] -- Up-to-date: /home/ianclark54/ur5e_ws/install/ur5e_waypoint_mover/include/ur5e_waypoint_mover/ur5e_waypoint_mover/srv
[0.438s] -- Up-to-date: /home/ianclark54/ur5e_ws/install/ur5e_waypoint_mover/include/ur5e_waypoint_mover/ur5e_waypoint_mover/srv/execute_waypoints.hpp
[0.438s] -- Up-to-date: /home/ianclark54/ur5e_ws/install/ur5e_waypoint_mover/include/ur5e_waypoint_mover/ur5e_waypoint_mover/srv/list_waypoints.hpp
[0.438s] -- Up-to-date: /home/ianclark54/ur5e_ws/install/ur5e_waypoint_mover/include/ur5e_waypoint_mover/ur5e_waypoint_mover/srv/move_to_point.hpp
[0.438s] -- Up-to-date: /home/ianclark54/ur5e_ws/install/ur5e_waypoint_mover/include/ur5e_waypoint_mover/ur5e_waypoint_mover/srv/detail
[0.438s] -- Up-to-date: /home/ianclark54/ur5e_ws/install/ur5e_waypoint_mover/include/ur5e_waypoint_mover/ur5e_waypoint_mover/srv/detail/move_to_point__builder.hpp
[0.439s] -- Up-to-date: /home/ianclark54/ur5e_ws/install/ur5e_waypoint_mover/include/ur5e_waypoint_mover/ur5e_waypoint_mover/srv/detail/move_to_point__traits.hpp
[0.439s] -- Up-to-date: /home/ianclark54/ur5e_ws/install/ur5e_waypoint_mover/include/ur5e_waypoint_mover/ur5e_waypoint_mover/srv/detail/move_to_point__type_support.hpp
[0.439s] -- Up-to-date: /home/ianclark54/ur5e_ws/install/ur5e_waypoint_mover/include/ur5e_waypoint_mover/ur5e_waypoint_mover/srv/detail/add_waypoint__struct.hpp
[0.439s] -- Up-to-date: /home/ianclark54/ur5e_ws/install/ur5e_waypoint_mover/include/ur5e_waypoint_mover/ur5e_waypoint_mover/srv/detail/list_waypoints__builder.hpp
[0.439s] -- Up-to-date: /home/ianclark54/ur5e_ws/install/ur5e_waypoint_mover/include/ur5e_waypoint_mover/ur5e_waypoint_mover/srv/detail/execute_waypoints__traits.hpp
[0.439s] -- Up-to-date: /home/ianclark54/ur5e_ws/install/ur5e_waypoint_mover/include/ur5e_waypoint_mover/ur5e_waypoint_mover/srv/detail/list_waypoints__struct.hpp
[0.439s] -- Up-to-date: /home/ianclark54/ur5e_ws/install/ur5e_waypoint_mover/include/ur5e_waypoint_mover/ur5e_waypoint_mover/srv/detail/move_to_point__struct.hpp
[0.439s] -- Up-to-date: /home/ianclark54/ur5e_ws/install/ur5e_waypoint_mover/include/ur5e_waypoint_mover/ur5e_waypoint_mover/srv/detail/list_waypoints__type_support.hpp
[0.439s] -- Up-to-date: /home/ianclark54/ur5e_ws/install/ur5e_waypoint_mover/include/ur5e_waypoint_mover/ur5e_waypoint_mover/srv/detail/list_waypoints__traits.hpp
[0.440s] -- Up-to-date: /home/ianclark54/ur5e_ws/install/ur5e_waypoint_mover/include/ur5e_waypoint_mover/ur5e_waypoint_mover/srv/detail/execute_waypoints__struct.hpp
[0.440s] -- Up-to-date: /home/ianclark54/ur5e_ws/install/ur5e_waypoint_mover/include/ur5e_waypoint_mover/ur5e_waypoint_mover/srv/detail/add_waypoint__traits.hpp
[0.440s] -- Up-to-date: /home/ianclark54/ur5e_ws/install/ur5e_waypoint_mover/include/ur5e_waypoint_mover/ur5e_waypoint_mover/srv/detail/add_waypoint__type_support.hpp
[0.440s] -- Up-to-date: /home/ianclark54/ur5e_ws/install/ur5e_waypoint_mover/include/ur5e_waypoint_mover/ur5e_waypoint_mover/srv/detail/execute_waypoints__builder.hpp
[0.440s] -- Up-to-date: /home/ianclark54/ur5e_ws/install/ur5e_waypoint_mover/include/ur5e_waypoint_mover/ur5e_waypoint_mover/srv/detail/add_waypoint__builder.hpp
[0.441s] -- Up-to-date: /home/ianclark54/ur5e_ws/install/ur5e_waypoint_mover/include/ur5e_waypoint_mover/ur5e_waypoint_mover/srv/detail/execute_waypoints__type_support.hpp
[0.441s] -- Up-to-date: /home/ianclark54/ur5e_ws/install/ur5e_waypoint_mover/include/ur5e_waypoint_mover/ur5e_waypoint_mover/srv/add_waypoint.hpp
[0.441s] -- Up-to-date: /home/ianclark54/ur5e_ws/install/ur5e_waypoint_mover/include/ur5e_waypoint_mover/ur5e_waypoint_mover
[0.441s] -- Up-to-date: /home/ianclark54/ur5e_ws/install/ur5e_waypoint_mover/include/ur5e_waypoint_mover/ur5e_waypoint_mover/msg
[0.441s] -- Up-to-date: /home/ianclark54/ur5e_ws/install/ur5e_waypoint_mover/include/ur5e_waypoint_mover/ur5e_waypoint_mover/msg/rosidl_typesupport_fastrtps_cpp__visibility_control.h
[0.441s] -- Up-to-date: /home/ianclark54/ur5e_ws/install/ur5e_waypoint_mover/include/ur5e_waypoint_mover/ur5e_waypoint_mover/srv
[0.441s] -- Up-to-date: /home/ianclark54/ur5e_ws/install/ur5e_waypoint_mover/include/ur5e_waypoint_mover/ur5e_waypoint_mover/srv/detail
[0.441s] -- Up-to-date: /home/ianclark54/ur5e_ws/install/ur5e_waypoint_mover/include/ur5e_waypoint_mover/ur5e_waypoint_mover/srv/detail/move_to_point__rosidl_typesupport_fastrtps_cpp.hpp
[0.441s] -- Up-to-date: /home/ianclark54/ur5e_ws/install/ur5e_waypoint_mover/include/ur5e_waypoint_mover/ur5e_waypoint_mover/srv/detail/add_waypoint__rosidl_typesupport_fastrtps_cpp.hpp
[0.441s] -- Up-to-date: /home/ianclark54/ur5e_ws/install/ur5e_waypoint_mover/include/ur5e_waypoint_mover/ur5e_waypoint_mover/srv/detail/dds_fastrtps
[0.441s] -- Up-to-date: /home/ianclark54/ur5e_ws/install/ur5e_waypoint_mover/include/ur5e_waypoint_mover/ur5e_waypoint_mover/srv/detail/execute_waypoints__rosidl_typesupport_fastrtps_cpp.hpp
[0.441s] -- Up-to-date: /home/ianclark54/ur5e_ws/install/ur5e_waypoint_mover/include/ur5e_waypoint_mover/ur5e_waypoint_mover/srv/detail/list_waypoints__rosidl_typesupport_fastrtps_cpp.hpp
[0.441s] -- Up-to-date: /home/ianclark54/ur5e_ws/install/ur5e_waypoint_mover/lib/libur5e_waypoint_mover__rosidl_typesupport_fastrtps_cpp.so
[0.441s] -- Up-to-date: /home/ianclark54/ur5e_ws/install/ur5e_waypoint_mover/include/ur5e_waypoint_mover/ur5e_waypoint_mover
[0.441s] -- Up-to-date: /home/ianclark54/ur5e_ws/install/ur5e_waypoint_mover/include/ur5e_waypoint_mover/ur5e_waypoint_mover/srv
[0.442s] -- Up-to-date: /home/ianclark54/ur5e_ws/install/ur5e_waypoint_mover/include/ur5e_waypoint_mover/ur5e_waypoint_mover/srv/detail
[0.442s] -- Up-to-date: /home/ianclark54/ur5e_ws/install/ur5e_waypoint_mover/include/ur5e_waypoint_mover/ur5e_waypoint_mover/srv/detail/add_waypoint__type_support.cpp
[0.442s] -- Up-to-date: /home/ianclark54/ur5e_ws/install/ur5e_waypoint_mover/include/ur5e_waypoint_mover/ur5e_waypoint_mover/srv/detail/execute_waypoints__rosidl_typesupport_introspection_cpp.hpp
[0.442s] -- Up-to-date: /home/ianclark54/ur5e_ws/install/ur5e_waypoint_mover/include/ur5e_waypoint_mover/ur5e_waypoint_mover/srv/detail/move_to_point__type_support.cpp
[0.442s] -- Up-to-date: /home/ianclark54/ur5e_ws/install/ur5e_waypoint_mover/include/ur5e_waypoint_mover/ur5e_waypoint_mover/srv/detail/execute_waypoints__type_support.cpp
[0.442s] -- Up-to-date: /home/ianclark54/ur5e_ws/install/ur5e_waypoint_mover/include/ur5e_waypoint_mover/ur5e_waypoint_mover/srv/detail/add_waypoint__rosidl_typesupport_introspection_cpp.hpp
[0.442s] -- Up-to-date: /home/ianclark54/ur5e_ws/install/ur5e_waypoint_mover/include/ur5e_waypoint_mover/ur5e_waypoint_mover/srv/detail/list_waypoints__type_support.cpp
[0.442s] -- Up-to-date: /home/ianclark54/ur5e_ws/install/ur5e_waypoint_mover/include/ur5e_waypoint_mover/ur5e_waypoint_mover/srv/detail/list_waypoints__rosidl_typesupport_introspection_cpp.hpp
[0.442s] -- Up-to-date: /home/ianclark54/ur5e_ws/install/ur5e_waypoint_mover/include/ur5e_waypoint_mover/ur5e_waypoint_mover/srv/detail/move_to_point__rosidl_typesupport_introspection_cpp.hpp
[0.442s] -- Up-to-date: /home/ianclark54/ur5e_ws/install/ur5e_waypoint_mover/lib/libur5e_waypoint_mover__rosidl_typesupport_introspection_cpp.so
[0.442s] -- Up-to-date: /home/ianclark54/ur5e_ws/install/ur5e_waypoint_mover/lib/libur5e_waypoint_mover__rosidl_typesupport_cpp.so
[0.442s] -- Up-to-date: /home/ianclark54/ur5e_ws/install/ur5e_waypoint_mover/share/ur5e_waypoint_mover/environment/pythonpath.sh
[0.442s] -- Up-to-date: /home/ianclark54/ur5e_ws/install/ur5e_waypoint_mover/share/ur5e_waypoint_mover/environment/pythonpath.dsv
[0.442s] -- Up-to-date: /home/ianclark54/ur5e_ws/install/ur5e_waypoint_mover/lib/python3.12/site-packages/ur5e_waypoint_mover-1.0.0-py3.12.egg-info
[0.442s] -- Installing: /home/ianclark54/ur5e_ws/install/ur5e_waypoint_mover/lib/python3.12/site-packages/ur5e_waypoint_mover-1.0.0-py3.12.egg-info/top_level.txt
[0.442s] -- Installing: /home/ianclark54/ur5e_ws/install/ur5e_waypoint_mover/lib/python3.12/site-packages/ur5e_waypoint_mover-1.0.0-py3.12.egg-info/SOURCES.txt
[0.442s] -- Installing: /home/ianclark54/ur5e_ws/install/ur5e_waypoint_mover/lib/python3.12/site-packages/ur5e_waypoint_mover-1.0.0-py3.12.egg-info/dependency_links.txt
[0.442s] -- Installing: /home/ianclark54/ur5e_ws/install/ur5e_waypoint_mover/lib/python3.12/site-packages/ur5e_waypoint_mover-1.0.0-py3.12.egg-info/PKG-INFO
[0.442s] -- Up-to-date: /home/ianclark54/ur5e_ws/install/ur5e_waypoint_mover/lib/python3.12/site-packages/ur5e_waypoint_mover
[0.442s] -- Up-to-date: /home/ianclark54/ur5e_ws/install/ur5e_waypoint_mover/lib/python3.12/site-packages/ur5e_waypoint_mover/__init__.py
[0.442s] -- Up-to-date: /home/ianclark54/ur5e_ws/install/ur5e_waypoint_mover/lib/python3.12/site-packages/ur5e_waypoint_mover/ur5e_waypoint_mover_s__rosidl_typesupport_introspection_c.so
[0.442s] -- Up-to-date: /home/ianclark54/ur5e_ws/install/ur5e_waypoint_mover/lib/python3.12/site-packages/ur5e_waypoint_mover/_ur5e_waypoint_mover_s.ep.rosidl_typesupport_fastrtps_c.c
[0.442s] -- Up-to-date: /home/ianclark54/ur5e_ws/install/ur5e_waypoint_mover/lib/python3.12/site-packages/ur5e_waypoint_mover/ur5e_waypoint_mover_s__rosidl_typesupport_c.so
[0.442s] -- Up-to-date: /home/ianclark54/ur5e_ws/install/ur5e_waypoint_mover/lib/python3.12/site-packages/ur5e_waypoint_mover/ur5e_waypoint_mover_s__rosidl_typesupport_fastrtps_c.so
[0.442s] -- Up-to-date: /home/ianclark54/ur5e_ws/install/ur5e_waypoint_mover/lib/python3.12/site-packages/ur5e_waypoint_mover/_ur5e_waypoint_mover_s.ep.rosidl_typesupport_introspection_c.c
[0.442s] -- Up-to-date: /home/ianclark54/ur5e_ws/install/ur5e_waypoint_mover/lib/python3.12/site-packages/ur5e_waypoint_mover/_ur5e_waypoint_mover_s.ep.rosidl_typesupport_c.c
[0.442s] -- Up-to-date: /home/ianclark54/ur5e_ws/install/ur5e_waypoint_mover/lib/python3.12/site-packages/ur5e_waypoint_mover/srv
[0.442s] -- Up-to-date: /home/ianclark54/ur5e_ws/install/ur5e_waypoint_mover/lib/python3.12/site-packages/ur5e_waypoint_mover/srv/__init__.py
[0.442s] -- Up-to-date: /home/ianclark54/ur5e_ws/install/ur5e_waypoint_mover/lib/python3.12/site-packages/ur5e_waypoint_mover/srv/_move_to_point_s.c
[0.442s] -- Up-to-date: /home/ianclark54/ur5e_ws/install/ur5e_waypoint_mover/lib/python3.12/site-packages/ur5e_waypoint_mover/srv/_execute_waypoints.py
[0.442s] -- Up-to-date: /home/ianclark54/ur5e_ws/install/ur5e_waypoint_mover/lib/python3.12/site-packages/ur5e_waypoint_mover/srv/_list_waypoints.py
[0.442s] -- Up-to-date: /home/ianclark54/ur5e_ws/install/ur5e_waypoint_mover/lib/python3.12/site-packages/ur5e_waypoint_mover/srv/_execute_waypoints_s.c
[0.442s] -- Up-to-date: /home/ianclark54/ur5e_ws/install/ur5e_waypoint_mover/lib/python3.12/site-packages/ur5e_waypoint_mover/srv/_add_waypoint.py
[0.442s] -- Up-to-date: /home/ianclark54/ur5e_ws/install/ur5e_waypoint_mover/lib/python3.12/site-packages/ur5e_waypoint_mover/srv/_move_to_point.py
[0.442s] -- Up-to-date: /home/ianclark54/ur5e_ws/install/ur5e_waypoint_mover/lib/python3.12/site-packages/ur5e_waypoint_mover/srv/_add_waypoint_s.c
[0.443s] -- Up-to-date: /home/ianclark54/ur5e_ws/install/ur5e_waypoint_mover/lib/python3.12/site-packages/ur5e_waypoint_mover/srv/_list_waypoints_s.c
[0.474s] Listing '/home/ianclark54/ur5e_ws/install/ur5e_waypoint_mover/lib/python3.12/site-packages/ur5e_waypoint_mover'...
[0.474s] Listing '/home/ianclark54/ur5e_ws/install/ur5e_waypoint_mover/lib/python3.12/site-packages/ur5e_waypoint_mover/srv'...
[0.481s] -- Up-to-date: /home/ianclark54/ur5e_ws/install/ur5e_waypoint_mover/lib/python3.12/site-packages/ur5e_waypoint_mover/ur5e_waypoint_mover_s__rosidl_typesupport_fastrtps_c.so
[0.482s] -- Up-to-date: /home/ianclark54/ur5e_ws/install/ur5e_waypoint_mover/lib/python3.12/site-packages/ur5e_waypoint_mover/ur5e_waypoint_mover_s__rosidl_typesupport_introspection_c.so
[0.482s] -- Up-to-date: /home/ianclark54/ur5e_ws/install/ur5e_waypoint_mover/lib/python3.12/site-packages/ur5e_waypoint_mover/ur5e_waypoint_mover_s__rosidl_typesupport_c.so
[0.482s] -- Up-to-date: /home/ianclark54/ur5e_ws/install/ur5e_waypoint_mover/lib/libur5e_waypoint_mover__rosidl_generator_py.so
[0.482s] -- Up-to-date: /home/ianclark54/ur5e_ws/install/ur5e_waypoint_mover/share/ur5e_waypoint_mover/srv/AddWaypoint.idl
[0.482s] -- Up-to-date: /home/ianclark54/ur5e_ws/install/ur5e_waypoint_mover/share/ur5e_waypoint_mover/srv/MoveToPoint.idl
[0.482s] -- Up-to-date: /home/ianclark54/ur5e_ws/install/ur5e_waypoint_mover/share/ur5e_waypoint_mover/srv/ExecuteWaypoints.idl
[0.483s] -- Up-to-date: /home/ianclark54/ur5e_ws/install/ur5e_waypoint_mover/share/ur5e_waypoint_mover/srv/ListWaypoints.idl
[0.483s] -- Up-to-date: /home/ianclark54/ur5e_ws/install/ur5e_waypoint_mover/share/ur5e_waypoint_mover/srv/AddWaypoint.srv
[0.483s] -- Up-to-date: /home/ianclark54/ur5e_ws/install/ur5e_waypoint_mover/share/ur5e_waypoint_mover/srv/MoveToPoint.srv
[0.483s] -- Up-to-date: /home/ianclark54/ur5e_ws/install/ur5e_waypoint_mover/share/ur5e_waypoint_mover/srv/ExecuteWaypoints.srv
[0.483s] -- Up-to-date: /home/ianclark54/ur5e_ws/install/ur5e_waypoint_mover/share/ur5e_waypoint_mover/srv/ListWaypoints.srv
[0.484s] -- Up-to-date: /home/ianclark54/ur5e_ws/install/ur5e_waypoint_mover/lib/ur5e_waypoint_mover/motion_planner_node.py
[0.484s] -- Installing: /home/ianclark54/ur5e_ws/install/ur5e_waypoint_mover/lib/ur5e_waypoint_mover/move_to_point_client.py
[0.484s] -- Up-to-date: /home/ianclark54/ur5e_ws/install/ur5e_waypoint_mover/share/ur5e_waypoint_mover/config
[0.484s] -- Up-to-date: /home/ianclark54/ur5e_ws/install/ur5e_waypoint_mover/share/ur5e_waypoint_mover/config/waypoints.yaml
[0.485s] -- Up-to-date: /home/ianclark54/ur5e_ws/install/ur5e_waypoint_mover/share/ur5e_waypoint_mover/launch
[0.485s] -- Up-to-date: /home/ianclark54/ur5e_ws/install/ur5e_waypoint_mover/share/ur5e_waypoint_mover/launch/motion_planner.launch.py
[0.485s] -- Up-to-date: /home/ianclark54/ur5e_ws/install/ur5e_waypoint_mover/share/ament_index/resource_index/package_run_dependencies/ur5e_waypoint_mover
[0.485s] -- Up-to-date: /home/ianclark54/ur5e_ws/install/ur5e_waypoint_mover/share/ament_index/resource_index/parent_prefix_path/ur5e_waypoint_mover
[0.485s] -- Up-to-date: /home/ianclark54/ur5e_ws/install/ur5e_waypoint_mover/share/ur5e_waypoint_mover/environment/ament_prefix_path.sh
[0.486s] -- Up-to-date: /home/ianclark54/ur5e_ws/install/ur5e_waypoint_mover/share/ur5e_waypoint_mover/environment/ament_prefix_path.dsv
[0.486s] -- Up-to-date: /home/ianclark54/ur5e_ws/install/ur5e_waypoint_mover/share/ur5e_waypoint_mover/environment/path.sh
[0.486s] -- Up-to-date: /home/ianclark54/ur5e_ws/install/ur5e_waypoint_mover/share/ur5e_waypoint_mover/environment/path.dsv
[0.486s] -- Up-to-date: /home/ianclark54/ur5e_ws/install/ur5e_waypoint_mover/share/ur5e_waypoint_mover/local_setup.bash
[0.486s] -- Up-to-date: /home/ianclark54/ur5e_ws/install/ur5e_waypoint_mover/share/ur5e_waypoint_mover/local_setup.sh
[0.486s] -- Up-to-date: /home/ianclark54/ur5e_ws/install/ur5e_waypoint_mover/share/ur5e_waypoint_mover/local_setup.zsh
[0.487s] -- Up-to-date: /home/ianclark54/ur5e_ws/install/ur5e_waypoint_mover/share/ur5e_waypoint_mover/local_setup.dsv
[0.487s] -- Installing: /home/ianclark54/ur5e_ws/install/ur5e_waypoint_mover/share/ur5e_waypoint_mover/package.dsv
[0.487s] -- Up-to-date: /home/ianclark54/ur5e_ws/install/ur5e_waypoint_mover/share/ament_index/resource_index/packages/ur5e_waypoint_mover
[0.487s] -- Up-to-date: /home/ianclark54/ur5e_ws/install/ur5e_waypoint_mover/share/ur5e_waypoint_mover/cmake/export_ur5e_waypoint_mover__rosidl_generator_cExport.cmake
[0.487s] -- Up-to-date: /home/ianclark54/ur5e_ws/install/ur5e_waypoint_mover/share/ur5e_waypoint_mover/cmake/export_ur5e_waypoint_mover__rosidl_generator_cExport-noconfig.cmake
[0.487s] -- Up-to-date: /home/ianclark54/ur5e_ws/install/ur5e_waypoint_mover/share/ur5e_waypoint_mover/cmake/export_ur5e_waypoint_mover__rosidl_typesupport_fastrtps_cExport.cmake
[0.488s] -- Up-to-date: /home/ianclark54/ur5e_ws/install/ur5e_waypoint_mover/share/ur5e_waypoint_mover/cmake/export_ur5e_waypoint_mover__rosidl_typesupport_fastrtps_cExport-noconfig.cmake
[0.488s] -- Up-to-date: /home/ianclark54/ur5e_ws/install/ur5e_waypoint_mover/share/ur5e_waypoint_mover/cmake/ur5e_waypoint_mover__rosidl_typesupport_introspection_cExport.cmake
[0.488s] -- Up-to-date: /home/ianclark54/ur5e_ws/install/ur5e_waypoint_mover/share/ur5e_waypoint_mover/cmake/ur5e_waypoint_mover__rosidl_typesupport_introspection_cExport-noconfig.cmake
[0.488s] -- Up-to-date: /home/ianclark54/ur5e_ws/install/ur5e_waypoint_mover/share/ur5e_waypoint_mover/cmake/ur5e_waypoint_mover__rosidl_typesupport_cExport.cmake
[0.488s] -- Up-to-date: /home/ianclark54/ur5e_ws/install/ur5e_waypoint_mover/share/ur5e_waypoint_mover/cmake/ur5e_waypoint_mover__rosidl_typesupport_cExport-noconfig.cmake
[0.488s] -- Up-to-date: /home/ianclark54/ur5e_ws/install/ur5e_waypoint_mover/share/ur5e_waypoint_mover/cmake/export_ur5e_waypoint_mover__rosidl_generator_cppExport.cmake
[0.488s] -- Up-to-date: /home/ianclark54/ur5e_ws/install/ur5e_waypoint_mover/share/ur5e_waypoint_mover/cmake/export_ur5e_waypoint_mover__rosidl_typesupport_fastrtps_cppExport.cmake
[0.488s] -- Up-to-date: /home/ianclark54/ur5e_ws/install/ur5e_waypoint_mover/share/ur5e_waypoint_mover/cmake/export_ur5e_waypoint_mover__rosidl_typesupport_fastrtps_cppExport-noconfig.cmake
[0.488s] -- Up-to-date: /home/ianclark54/ur5e_ws/install/ur5e_waypoint_mover/share/ur5e_waypoint_mover/cmake/ur5e_waypoint_mover__rosidl_typesupport_introspection_cppExport.cmake
[0.488s] -- Up-to-date: /home/ianclark54/ur5e_ws/install/ur5e_waypoint_mover/share/ur5e_waypoint_mover/cmake/ur5e_waypoint_mover__rosidl_typesupport_introspection_cppExport-noconfig.cmake
[0.488s] -- Up-to-date: /home/ianclark54/ur5e_ws/install/ur5e_waypoint_mover/share/ur5e_waypoint_mover/cmake/ur5e_waypoint_mover__rosidl_typesupport_cppExport.cmake
[0.488s] -- Up-to-date: /home/ianclark54/ur5e_ws/install/ur5e_waypoint_mover/share/ur5e_waypoint_mover/cmake/ur5e_waypoint_mover__rosidl_typesupport_cppExport-noconfig.cmake
[0.488s] -- Up-to-date: /home/ianclark54/ur5e_ws/install/ur5e_waypoint_mover/share/ur5e_waypoint_mover/cmake/export_ur5e_waypoint_mover__rosidl_generator_pyExport.cmake
[0.488s] -- Up-to-date: /home/ianclark54/ur5e_ws/install/ur5e_waypoint_mover/share/ur5e_waypoint_mover/cmake/export_ur5e_waypoint_mover__rosidl_generator_pyExport-noconfig.cmake
[0.489s] -- Up-to-date: /home/ianclark54/ur5e_ws/install/ur5e_waypoint_mover/share/ur5e_waypoint_mover/cmake/rosidl_cmake-extras.cmake
[0.489s] -- Up-to-date: /home/ianclark54/ur5e_ws/install/ur5e_waypoint_mover/share/ur5e_waypoint_mover/cmake/ament_cmake_export_dependencies-extras.cmake
[0.489s] -- Up-to-date: /home/ianclark54/ur5e_ws/install/ur5e_waypoint_mover/share/ur5e_waypoint_mover/cmake/ament_cmake_export_include_directories-extras.cmake
[0.489s] -- Up-to-date: /home/ianclark54/ur5e_ws/install/ur5e_waypoint_mover/share/ur5e_waypoint_mover/cmake/ament_cmake_export_libraries-extras.cmake
[0.489s] -- Up-to-date: /home/ianclark54/ur5e_ws/install/ur5e_waypoint_mover/share/ur5e_waypoint_mover/cmake/ament_cmake_export_targets-extras.cmake
[0.489s] -- Up-to-date: /home/ianclark54/ur5e_ws/install/ur5e_waypoint_mover/share/ur5e_waypoint_mover/cmake/rosidl_cmake_export_typesupport_targets-extras.cmake
[0.489s] -- Up-to-date: /home/ianclark54/ur5e_ws/install/ur5e_waypoint_mover/share/ur5e_waypoint_mover/cmake/rosidl_cmake_export_typesupport_libraries-extras.cmake
[0.489s] -- Up-to-date: /home/ianclark54/ur5e_ws/install/ur5e_waypoint_mover/share/ur5e_waypoint_mover/cmake/ur5e_waypoint_moverConfig.cmake
[0.489s] -- Up-to-date: /home/ianclark54/ur5e_ws/install/ur5e_waypoint_mover/share/ur5e_waypoint_mover/cmake/ur5e_waypoint_moverConfig-version.cmake
[0.489s] -- Up-to-date: /home/ianclark54/ur5e_ws/install/ur5e_waypoint_mover/share/ur5e_waypoint_mover/package.xml
[0.490s] Invoked command in '/home/ianclark54/ur5e_ws/build/ur5e_waypoint_mover' returned '0': CMAKE_PREFIX_PATH=${CMAKE_PREFIX_PATH}:/opt/ros/jazzy /usr/bin/cmake --install /home/ianclark54/ur5e_ws/build/ur5e_waypoint_mover
