[0.274s] DEBUG:colcon:Command line arguments: ['/usr/bin/colcon', 'build', '--packages-select', 'ur5e_waypoint_mover']
[0.274s] DEBUG:colcon:Parsed command line arguments: Namespace(log_base=None, log_level=None, verb_name='build', build_base='build', install_base='install', merge_install=False, symlink_install=False, test_result_base=None, continue_on_error=False, executor='parallel', parallel_workers=16, event_handlers=None, ignore_user_meta=False, metas=['./colcon.meta'], base_paths=['.'], packages_ignore=None, packages_ignore_regex=None, paths=None, packages_up_to=None, packages_up_to_regex=None, packages_above=None, packages_above_and_dependencies=None, packages_above_depth=None, packages_select_by_dep=None, packages_skip_by_dep=None, packages_skip_up_to=None, packages_select_build_failed=False, packages_skip_build_finished=False, packages_select_test_failures=False, packages_skip_test_passed=False, packages_select=['ur5e_waypoint_mover'], packages_skip=None, packages_select_regex=None, packages_skip_regex=None, packages_start=None, packages_end=None, allow_overriding=[], cmake_args=None, cmake_target=None, cmake_target_skip_unavailable=False, cmake_clean_cache=False, cmake_clean_first=False, cmake_force_configure=False, ament_cmake_args=None, catkin_cmake_args=None, catkin_skip_building_tests=False, mixin_files=None, mixin=None, verb_parser=<colcon_mixin.mixin.mixin_argument.MixinArgumentDecorator object at 0x7118e4d4a000>, verb_extension=<colcon_core.verb.build.BuildVerb object at 0x7118e4eb65d0>, main=<bound method BuildVerb.main of <colcon_core.verb.build.BuildVerb object at 0x7118e4eb65d0>>, mixin_verb=('build',))
[0.324s] Level 1:colcon.colcon_core.package_discovery:discover_packages(colcon_meta) check parameters
[0.324s] Level 1:colcon.colcon_core.package_discovery:discover_packages(recursive) check parameters
[0.324s] Level 1:colcon.colcon_core.package_discovery:discover_packages(ignore) check parameters
[0.324s] Level 1:colcon.colcon_core.package_discovery:discover_packages(path) check parameters
[0.324s] Level 1:colcon.colcon_core.package_discovery:discover_packages(colcon_meta) discover
[0.324s] Level 1:colcon.colcon_core.package_discovery:discover_packages(recursive) discover
[0.324s] INFO:colcon.colcon_core.package_discovery:Crawling recursively for packages in '/home/ianclark54/ur5e_ws'
[0.324s] Level 1:colcon.colcon_core.package_identification:_identify(.) by extensions ['ignore', 'ignore_ament_install']
[0.324s] Level 1:colcon.colcon_core.package_identification:_identify(.) by extension 'ignore'
[0.324s] Level 1:colcon.colcon_core.package_identification:_identify(.) by extension 'ignore_ament_install'
[0.324s] Level 1:colcon.colcon_core.package_identification:_identify(.) by extensions ['colcon_pkg']
[0.325s] Level 1:colcon.colcon_core.package_identification:_identify(.) by extension 'colcon_pkg'
[0.325s] Level 1:colcon.colcon_core.package_identification:_identify(.) by extensions ['colcon_meta']
[0.325s] Level 1:colcon.colcon_core.package_identification:_identify(.) by extension 'colcon_meta'
[0.325s] Level 1:colcon.colcon_core.package_identification:_identify(.) by extensions ['ros']
[0.325s] Level 1:colcon.colcon_core.package_identification:_identify(.) by extension 'ros'
[0.354s] Level 1:colcon.colcon_core.package_identification:_identify(.) by extensions ['cmake', 'python']
[0.355s] Level 1:colcon.colcon_core.package_identification:_identify(.) by extension 'cmake'
[0.355s] Level 1:colcon.colcon_core.package_identification:_identify(.) by extension 'python'
[0.355s] Level 1:colcon.colcon_core.package_identification:_identify(.) by extensions ['python_setup_py']
[0.355s] Level 1:colcon.colcon_core.package_identification:_identify(.) by extension 'python_setup_py'
[0.355s] Level 1:colcon.colcon_core.package_identification:_identify(build) by extensions ['ignore', 'ignore_ament_install']
[0.355s] Level 1:colcon.colcon_core.package_identification:_identify(build) by extension 'ignore'
[0.355s] Level 1:colcon.colcon_core.package_identification:_identify(build) ignored
[0.355s] Level 1:colcon.colcon_core.package_identification:_identify(install) by extensions ['ignore', 'ignore_ament_install']
[0.355s] Level 1:colcon.colcon_core.package_identification:_identify(install) by extension 'ignore'
[0.355s] Level 1:colcon.colcon_core.package_identification:_identify(install) ignored
[0.355s] Level 1:colcon.colcon_core.package_identification:_identify(log) by extensions ['ignore', 'ignore_ament_install']
[0.355s] Level 1:colcon.colcon_core.package_identification:_identify(log) by extension 'ignore'
[0.355s] Level 1:colcon.colcon_core.package_identification:_identify(log) ignored
[0.355s] Level 1:colcon.colcon_core.package_identification:_identify(src) by extensions ['ignore', 'ignore_ament_install']
[0.355s] Level 1:colcon.colcon_core.package_identification:_identify(src) by extension 'ignore'
[0.355s] Level 1:colcon.colcon_core.package_identification:_identify(src) by extension 'ignore_ament_install'
[0.355s] Level 1:colcon.colcon_core.package_identification:_identify(src) by extensions ['colcon_pkg']
[0.355s] Level 1:colcon.colcon_core.package_identification:_identify(src) by extension 'colcon_pkg'
[0.355s] Level 1:colcon.colcon_core.package_identification:_identify(src) by extensions ['colcon_meta']
[0.355s] Level 1:colcon.colcon_core.package_identification:_identify(src) by extension 'colcon_meta'
[0.355s] Level 1:colcon.colcon_core.package_identification:_identify(src) by extensions ['ros']
[0.355s] Level 1:colcon.colcon_core.package_identification:_identify(src) by extension 'ros'
[0.355s] Level 1:colcon.colcon_core.package_identification:_identify(src) by extensions ['cmake', 'python']
[0.355s] Level 1:colcon.colcon_core.package_identification:_identify(src) by extension 'cmake'
[0.355s] Level 1:colcon.colcon_core.package_identification:_identify(src) by extension 'python'
[0.355s] Level 1:colcon.colcon_core.package_identification:_identify(src) by extensions ['python_setup_py']
[0.355s] Level 1:colcon.colcon_core.package_identification:_identify(src) by extension 'python_setup_py'
[0.356s] Level 1:colcon.colcon_core.package_identification:_identify(src/UR5e_3DP) by extensions ['ignore', 'ignore_ament_install']
[0.356s] Level 1:colcon.colcon_core.package_identification:_identify(src/UR5e_3DP) by extension 'ignore'
[0.356s] Level 1:colcon.colcon_core.package_identification:_identify(src/UR5e_3DP) by extension 'ignore_ament_install'
[0.356s] Level 1:colcon.colcon_core.package_identification:_identify(src/UR5e_3DP) by extensions ['colcon_pkg']
[0.356s] Level 1:colcon.colcon_core.package_identification:_identify(src/UR5e_3DP) by extension 'colcon_pkg'
[0.356s] Level 1:colcon.colcon_core.package_identification:_identify(src/UR5e_3DP) by extensions ['colcon_meta']
[0.356s] Level 1:colcon.colcon_core.package_identification:_identify(src/UR5e_3DP) by extension 'colcon_meta'
[0.356s] Level 1:colcon.colcon_core.package_identification:_identify(src/UR5e_3DP) by extensions ['ros']
[0.356s] Level 1:colcon.colcon_core.package_identification:_identify(src/UR5e_3DP) by extension 'ros'
[0.356s] Level 1:colcon.colcon_core.package_identification:_identify(src/UR5e_3DP) by extensions ['cmake', 'python']
[0.356s] Level 1:colcon.colcon_core.package_identification:_identify(src/UR5e_3DP) by extension 'cmake'
[0.356s] Level 1:colcon.colcon_core.package_identification:_identify(src/UR5e_3DP) by extension 'python'
[0.356s] Level 1:colcon.colcon_core.package_identification:_identify(src/UR5e_3DP) by extensions ['python_setup_py']
[0.356s] Level 1:colcon.colcon_core.package_identification:_identify(src/UR5e_3DP) by extension 'python_setup_py'
[0.356s] Level 1:colcon.colcon_core.package_identification:_identify(src/UR5e_3DP/Ian) by extensions ['ignore', 'ignore_ament_install']
[0.356s] Level 1:colcon.colcon_core.package_identification:_identify(src/UR5e_3DP/Ian) by extension 'ignore'
[0.356s] Level 1:colcon.colcon_core.package_identification:_identify(src/UR5e_3DP/Ian) by extension 'ignore_ament_install'
[0.356s] Level 1:colcon.colcon_core.package_identification:_identify(src/UR5e_3DP/Ian) by extensions ['colcon_pkg']
[0.356s] Level 1:colcon.colcon_core.package_identification:_identify(src/UR5e_3DP/Ian) by extension 'colcon_pkg'
[0.356s] Level 1:colcon.colcon_core.package_identification:_identify(src/UR5e_3DP/Ian) by extensions ['colcon_meta']
[0.356s] Level 1:colcon.colcon_core.package_identification:_identify(src/UR5e_3DP/Ian) by extension 'colcon_meta'
[0.356s] Level 1:colcon.colcon_core.package_identification:_identify(src/UR5e_3DP/Ian) by extensions ['ros']
[0.356s] Level 1:colcon.colcon_core.package_identification:_identify(src/UR5e_3DP/Ian) by extension 'ros'
[0.356s] Level 1:colcon.colcon_core.package_identification:_identify(src/UR5e_3DP/Ian) by extensions ['cmake', 'python']
[0.356s] Level 1:colcon.colcon_core.package_identification:_identify(src/UR5e_3DP/Ian) by extension 'cmake'
[0.356s] Level 1:colcon.colcon_core.package_identification:_identify(src/UR5e_3DP/Ian) by extension 'python'
[0.356s] Level 1:colcon.colcon_core.package_identification:_identify(src/UR5e_3DP/Ian) by extensions ['python_setup_py']
[0.356s] Level 1:colcon.colcon_core.package_identification:_identify(src/UR5e_3DP/Ian) by extension 'python_setup_py'
[0.356s] Level 1:colcon.colcon_core.package_identification:_identify(src/UR5e_3DP/Ian/UR5e-Dev) by extensions ['ignore', 'ignore_ament_install']
[0.356s] Level 1:colcon.colcon_core.package_identification:_identify(src/UR5e_3DP/Ian/UR5e-Dev) by extension 'ignore'
[0.356s] Level 1:colcon.colcon_core.package_identification:_identify(src/UR5e_3DP/Ian/UR5e-Dev) by extension 'ignore_ament_install'
[0.356s] Level 1:colcon.colcon_core.package_identification:_identify(src/UR5e_3DP/Ian/UR5e-Dev) by extensions ['colcon_pkg']
[0.356s] Level 1:colcon.colcon_core.package_identification:_identify(src/UR5e_3DP/Ian/UR5e-Dev) by extension 'colcon_pkg'
[0.356s] Level 1:colcon.colcon_core.package_identification:_identify(src/UR5e_3DP/Ian/UR5e-Dev) by extensions ['colcon_meta']
[0.356s] Level 1:colcon.colcon_core.package_identification:_identify(src/UR5e_3DP/Ian/UR5e-Dev) by extension 'colcon_meta'
[0.356s] Level 1:colcon.colcon_core.package_identification:_identify(src/UR5e_3DP/Ian/UR5e-Dev) by extensions ['ros']
[0.356s] Level 1:colcon.colcon_core.package_identification:_identify(src/UR5e_3DP/Ian/UR5e-Dev) by extension 'ros'
[0.356s] Level 1:colcon.colcon_core.package_identification:_identify(src/UR5e_3DP/Ian/UR5e-Dev) by extensions ['cmake', 'python']
[0.356s] Level 1:colcon.colcon_core.package_identification:_identify(src/UR5e_3DP/Ian/UR5e-Dev) by extension 'cmake'
[0.357s] Level 1:colcon.colcon_core.package_identification:_identify(src/UR5e_3DP/Ian/UR5e-Dev) by extension 'python'
[0.357s] Level 1:colcon.colcon_core.package_identification:_identify(src/UR5e_3DP/Ian/UR5e-Dev) by extensions ['python_setup_py']
[0.357s] Level 1:colcon.colcon_core.package_identification:_identify(src/UR5e_3DP/Ian/UR5e-Dev) by extension 'python_setup_py'
[0.357s] Level 1:colcon.colcon_core.package_identification:_identify(src/UR5e_3DP/__pycache__) by extensions ['ignore', 'ignore_ament_install']
[0.357s] Level 1:colcon.colcon_core.package_identification:_identify(src/UR5e_3DP/__pycache__) by extension 'ignore'
[0.357s] Level 1:colcon.colcon_core.package_identification:_identify(src/UR5e_3DP/__pycache__) by extension 'ignore_ament_install'
[0.357s] Level 1:colcon.colcon_core.package_identification:_identify(src/UR5e_3DP/__pycache__) by extensions ['colcon_pkg']
[0.357s] Level 1:colcon.colcon_core.package_identification:_identify(src/UR5e_3DP/__pycache__) by extension 'colcon_pkg'
[0.357s] Level 1:colcon.colcon_core.package_identification:_identify(src/UR5e_3DP/__pycache__) by extensions ['colcon_meta']
[0.357s] Level 1:colcon.colcon_core.package_identification:_identify(src/UR5e_3DP/__pycache__) by extension 'colcon_meta'
[0.357s] Level 1:colcon.colcon_core.package_identification:_identify(src/UR5e_3DP/__pycache__) by extensions ['ros']
[0.357s] Level 1:colcon.colcon_core.package_identification:_identify(src/UR5e_3DP/__pycache__) by extension 'ros'
[0.357s] Level 1:colcon.colcon_core.package_identification:_identify(src/UR5e_3DP/__pycache__) by extensions ['cmake', 'python']
[0.357s] Level 1:colcon.colcon_core.package_identification:_identify(src/UR5e_3DP/__pycache__) by extension 'cmake'
[0.357s] Level 1:colcon.colcon_core.package_identification:_identify(src/UR5e_3DP/__pycache__) by extension 'python'
[0.357s] Level 1:colcon.colcon_core.package_identification:_identify(src/UR5e_3DP/__pycache__) by extensions ['python_setup_py']
[0.357s] Level 1:colcon.colcon_core.package_identification:_identify(src/UR5e_3DP/__pycache__) by extension 'python_setup_py'
[0.357s] Level 1:colcon.colcon_core.package_identification:_identify(src/UR5e_3DP/build) by extensions ['ignore', 'ignore_ament_install']
[0.357s] Level 1:colcon.colcon_core.package_identification:_identify(src/UR5e_3DP/build) by extension 'ignore'
[0.357s] Level 1:colcon.colcon_core.package_identification:_identify(src/UR5e_3DP/build) ignored
[0.357s] Level 1:colcon.colcon_core.package_identification:_identify(src/UR5e_3DP/install) by extensions ['ignore', 'ignore_ament_install']
[0.357s] Level 1:colcon.colcon_core.package_identification:_identify(src/UR5e_3DP/install) by extension 'ignore'
[0.357s] Level 1:colcon.colcon_core.package_identification:_identify(src/UR5e_3DP/install) ignored
[0.357s] Level 1:colcon.colcon_core.package_identification:_identify(src/UR5e_3DP/log) by extensions ['ignore', 'ignore_ament_install']
[0.357s] Level 1:colcon.colcon_core.package_identification:_identify(src/UR5e_3DP/log) by extension 'ignore'
[0.357s] Level 1:colcon.colcon_core.package_identification:_identify(src/UR5e_3DP/log) ignored
[0.357s] Level 1:colcon.colcon_core.package_identification:_identify(src/UR5e_3DP/src) by extensions ['ignore', 'ignore_ament_install']
[0.357s] Level 1:colcon.colcon_core.package_identification:_identify(src/UR5e_3DP/src) by extension 'ignore'
[0.357s] Level 1:colcon.colcon_core.package_identification:_identify(src/UR5e_3DP/src) by extension 'ignore_ament_install'
[0.357s] Level 1:colcon.colcon_core.package_identification:_identify(src/UR5e_3DP/src) by extensions ['colcon_pkg']
[0.357s] Level 1:colcon.colcon_core.package_identification:_identify(src/UR5e_3DP/src) by extension 'colcon_pkg'
[0.357s] Level 1:colcon.colcon_core.package_identification:_identify(src/UR5e_3DP/src) by extensions ['colcon_meta']
[0.357s] Level 1:colcon.colcon_core.package_identification:_identify(src/UR5e_3DP/src) by extension 'colcon_meta'
[0.358s] Level 1:colcon.colcon_core.package_identification:_identify(src/UR5e_3DP/src) by extensions ['ros']
[0.358s] Level 1:colcon.colcon_core.package_identification:_identify(src/UR5e_3DP/src) by extension 'ros'
[0.358s] Level 1:colcon.colcon_core.package_identification:_identify(src/UR5e_3DP/src) by extensions ['cmake', 'python']
[0.358s] Level 1:colcon.colcon_core.package_identification:_identify(src/UR5e_3DP/src) by extension 'cmake'
[0.358s] Level 1:colcon.colcon_core.package_identification:_identify(src/UR5e_3DP/src) by extension 'python'
[0.358s] Level 1:colcon.colcon_core.package_identification:_identify(src/UR5e_3DP/src) by extensions ['python_setup_py']
[0.358s] Level 1:colcon.colcon_core.package_identification:_identify(src/UR5e_3DP/src) by extension 'python_setup_py'
[0.358s] Level 1:colcon.colcon_core.package_identification:_identify(src/UR5e_3DP/src/ur5e_description) by extensions ['ignore', 'ignore_ament_install']
[0.358s] Level 1:colcon.colcon_core.package_identification:_identify(src/UR5e_3DP/src/ur5e_description) by extension 'ignore'
[0.358s] Level 1:colcon.colcon_core.package_identification:_identify(src/UR5e_3DP/src/ur5e_description) by extension 'ignore_ament_install'
[0.358s] Level 1:colcon.colcon_core.package_identification:_identify(src/UR5e_3DP/src/ur5e_description) by extensions ['colcon_pkg']
[0.358s] Level 1:colcon.colcon_core.package_identification:_identify(src/UR5e_3DP/src/ur5e_description) by extension 'colcon_pkg'
[0.358s] Level 1:colcon.colcon_core.package_identification:_identify(src/UR5e_3DP/src/ur5e_description) by extensions ['colcon_meta']
[0.358s] Level 1:colcon.colcon_core.package_identification:_identify(src/UR5e_3DP/src/ur5e_description) by extension 'colcon_meta'
[0.358s] Level 1:colcon.colcon_core.package_identification:_identify(src/UR5e_3DP/src/ur5e_description) by extensions ['ros']
[0.358s] Level 1:colcon.colcon_core.package_identification:_identify(src/UR5e_3DP/src/ur5e_description) by extension 'ros'
[0.361s] DEBUG:colcon.colcon_core.package_identification:Package 'src/UR5e_3DP/src/ur5e_description' with type 'ros.ament_cmake' and name 'ur5e_description'
[0.361s] Level 1:colcon.colcon_core.package_identification:_identify(src/UR5e_3DP/src/ur_cell_config) by extensions ['ignore', 'ignore_ament_install']
[0.361s] Level 1:colcon.colcon_core.package_identification:_identify(src/UR5e_3DP/src/ur_cell_config) by extension 'ignore'
[0.361s] Level 1:colcon.colcon_core.package_identification:_identify(src/UR5e_3DP/src/ur_cell_config) by extension 'ignore_ament_install'
[0.361s] Level 1:colcon.colcon_core.package_identification:_identify(src/UR5e_3DP/src/ur_cell_config) by extensions ['colcon_pkg']
[0.361s] Level 1:colcon.colcon_core.package_identification:_identify(src/UR5e_3DP/src/ur_cell_config) by extension 'colcon_pkg'
[0.361s] Level 1:colcon.colcon_core.package_identification:_identify(src/UR5e_3DP/src/ur_cell_config) by extensions ['colcon_meta']
[0.361s] Level 1:colcon.colcon_core.package_identification:_identify(src/UR5e_3DP/src/ur_cell_config) by extension 'colcon_meta'
[0.361s] Level 1:colcon.colcon_core.package_identification:_identify(src/UR5e_3DP/src/ur_cell_config) by extensions ['ros']
[0.361s] Level 1:colcon.colcon_core.package_identification:_identify(src/UR5e_3DP/src/ur_cell_config) by extension 'ros'
[0.362s] DEBUG:colcon.colcon_core.package_identification:Package 'src/UR5e_3DP/src/ur_cell_config' with type 'ros.ament_cmake' and name 'ur_cell_config'
[0.362s] Level 1:colcon.colcon_core.package_identification:_identify(src/ur5e_waypoint_mover) by extensions ['ignore', 'ignore_ament_install']
[0.362s] Level 1:colcon.colcon_core.package_identification:_identify(src/ur5e_waypoint_mover) by extension 'ignore'
[0.362s] Level 1:colcon.colcon_core.package_identification:_identify(src/ur5e_waypoint_mover) by extension 'ignore_ament_install'
[0.362s] Level 1:colcon.colcon_core.package_identification:_identify(src/ur5e_waypoint_mover) by extensions ['colcon_pkg']
[0.362s] Level 1:colcon.colcon_core.package_identification:_identify(src/ur5e_waypoint_mover) by extension 'colcon_pkg'
[0.362s] Level 1:colcon.colcon_core.package_identification:_identify(src/ur5e_waypoint_mover) by extensions ['colcon_meta']
[0.362s] Level 1:colcon.colcon_core.package_identification:_identify(src/ur5e_waypoint_mover) by extension 'colcon_meta'
[0.362s] Level 1:colcon.colcon_core.package_identification:_identify(src/ur5e_waypoint_mover) by extensions ['ros']
[0.362s] Level 1:colcon.colcon_core.package_identification:_identify(src/ur5e_waypoint_mover) by extension 'ros'
[0.363s] DEBUG:colcon.colcon_core.package_identification:Package 'src/ur5e_waypoint_mover' with type 'ros.ament_cmake' and name 'ur5e_waypoint_mover'
[0.363s] Level 1:colcon.colcon_core.package_discovery:discover_packages(recursive) using defaults
[0.363s] Level 1:colcon.colcon_core.package_discovery:discover_packages(ignore) discover
[0.363s] Level 1:colcon.colcon_core.package_discovery:discover_packages(ignore) using defaults
[0.363s] Level 1:colcon.colcon_core.package_discovery:discover_packages(path) discover
[0.363s] Level 1:colcon.colcon_core.package_discovery:discover_packages(path) using defaults
[0.394s] INFO:colcon.colcon_core.package_selection:Skipping not selected package 'ur5e_description' in 'src/UR5e_3DP/src/ur5e_description'
[0.394s] INFO:colcon.colcon_core.package_selection:Skipping not selected package 'ur_cell_config' in 'src/UR5e_3DP/src/ur_cell_config'
[0.395s] Level 1:colcon.colcon_core.package_discovery:discover_packages(prefix_path) check parameters
[0.395s] Level 1:colcon.colcon_core.package_discovery:discover_packages(prefix_path) discover
[0.399s] DEBUG:colcon.colcon_installed_package_information.package_discovery:Found 390 installed packages in /opt/ros/jazzy
[0.401s] Level 1:colcon.colcon_core.package_discovery:discover_packages(prefix_path) using defaults
[0.457s] Level 5:colcon.colcon_core.verb:set package 'ur5e_waypoint_mover' build argument 'cmake_args' from command line to 'None'
[0.457s] Level 5:colcon.colcon_core.verb:set package 'ur5e_waypoint_mover' build argument 'cmake_target' from command line to 'None'
[0.457s] Level 5:colcon.colcon_core.verb:set package 'ur5e_waypoint_mover' build argument 'cmake_target_skip_unavailable' from command line to 'False'
[0.457s] Level 5:colcon.colcon_core.verb:set package 'ur5e_waypoint_mover' build argument 'cmake_clean_cache' from command line to 'False'
[0.457s] Level 5:colcon.colcon_core.verb:set package 'ur5e_waypoint_mover' build argument 'cmake_clean_first' from command line to 'False'
[0.457s] Level 5:colcon.colcon_core.verb:set package 'ur5e_waypoint_mover' build argument 'cmake_force_configure' from command line to 'False'
[0.457s] Level 5:colcon.colcon_core.verb:set package 'ur5e_waypoint_mover' build argument 'ament_cmake_args' from command line to 'None'
[0.457s] Level 5:colcon.colcon_core.verb:set package 'ur5e_waypoint_mover' build argument 'catkin_cmake_args' from command line to 'None'
[0.457s] Level 5:colcon.colcon_core.verb:set package 'ur5e_waypoint_mover' build argument 'catkin_skip_building_tests' from command line to 'False'
[0.457s] DEBUG:colcon.colcon_core.verb:Building package 'ur5e_waypoint_mover' with the following arguments: {'ament_cmake_args': None, 'build_base': '/home/ianclark54/ur5e_ws/build/ur5e_waypoint_mover', 'catkin_cmake_args': None, 'catkin_skip_building_tests': False, 'cmake_args': None, 'cmake_clean_cache': False, 'cmake_clean_first': False, 'cmake_force_configure': False, 'cmake_target': None, 'cmake_target_skip_unavailable': False, 'install_base': '/home/ianclark54/ur5e_ws/install/ur5e_waypoint_mover', 'merge_install': False, 'path': '/home/ianclark54/ur5e_ws/src/ur5e_waypoint_mover', 'symlink_install': False, 'test_result_base': None}
[0.458s] INFO:colcon.colcon_core.executor:Executing jobs using 'parallel' executor
[0.459s] DEBUG:colcon.colcon_parallel_executor.executor.parallel:run_until_complete
[0.459s] INFO:colcon.colcon_ros.task.ament_cmake.build:Building ROS package in '/home/ianclark54/ur5e_ws/src/ur5e_waypoint_mover' with build type 'ament_cmake'
[0.459s] INFO:colcon.colcon_cmake.task.cmake.build:Building CMake package in '/home/ianclark54/ur5e_ws/src/ur5e_waypoint_mover'
[0.465s] INFO:colcon.colcon_core.plugin_system:Skipping extension 'colcon_core.shell.bat': Not used on non-Windows systems
[0.465s] INFO:colcon.colcon_core.shell:Skip shell extension 'powershell' for command environment: Not usable outside of PowerShell
[0.465s] DEBUG:colcon.colcon_core.shell:Skip shell extension 'dsv' for command environment
[0.476s] DEBUG:colcon.colcon_core.event_handler.log_command:Invoking command in '/home/ianclark54/ur5e_ws/build/ur5e_waypoint_mover': CMAKE_PREFIX_PATH=${CMAKE_PREFIX_PATH}:/opt/ros/jazzy /usr/bin/cmake /home/ianclark54/ur5e_ws/src/ur5e_waypoint_mover -DCMAKE_INSTALL_PREFIX=/home/ianclark54/ur5e_ws/install/ur5e_waypoint_mover
[5.936s] DEBUG:colcon.colcon_core.event_handler.log_command:Invoked command in '/home/ianclark54/ur5e_ws/build/ur5e_waypoint_mover' returned '0': CMAKE_PREFIX_PATH=${CMAKE_PREFIX_PATH}:/opt/ros/jazzy /usr/bin/cmake /home/ianclark54/ur5e_ws/src/ur5e_waypoint_mover -DCMAKE_INSTALL_PREFIX=/home/ianclark54/ur5e_ws/install/ur5e_waypoint_mover
[5.937s] DEBUG:colcon.colcon_core.event_handler.log_command:Invoking command in '/home/ianclark54/ur5e_ws/build/ur5e_waypoint_mover': CMAKE_PREFIX_PATH=${CMAKE_PREFIX_PATH}:/opt/ros/jazzy /usr/bin/cmake --build /home/ianclark54/ur5e_ws/build/ur5e_waypoint_mover -- -j16 -l16
[9.476s] DEBUG:colcon.colcon_core.event_handler.log_command:Invoked command in '/home/ianclark54/ur5e_ws/build/ur5e_waypoint_mover' returned '0': CMAKE_PREFIX_PATH=${CMAKE_PREFIX_PATH}:/opt/ros/jazzy /usr/bin/cmake --build /home/ianclark54/ur5e_ws/build/ur5e_waypoint_mover -- -j16 -l16
[9.496s] DEBUG:colcon.colcon_core.event_handler.log_command:Invoking command in '/home/ianclark54/ur5e_ws/build/ur5e_waypoint_mover': CMAKE_PREFIX_PATH=${CMAKE_PREFIX_PATH}:/opt/ros/jazzy /usr/bin/cmake --install /home/ianclark54/ur5e_ws/build/ur5e_waypoint_mover
[9.618s] Level 1:colcon.colcon_core.environment:create_environment_scripts_only(ur5e_waypoint_mover)
[9.618s] DEBUG:colcon.colcon_core.event_handler.log_command:Invoked command in '/home/ianclark54/ur5e_ws/build/ur5e_waypoint_mover' returned '0': CMAKE_PREFIX_PATH=${CMAKE_PREFIX_PATH}:/opt/ros/jazzy /usr/bin/cmake --install /home/ianclark54/ur5e_ws/build/ur5e_waypoint_mover
[9.625s] Level 1:colcon.colcon_core.environment:checking '/home/ianclark54/ur5e_ws/install/ur5e_waypoint_mover' for CMake module files
[9.626s] Level 1:colcon.colcon_core.environment:checking '/home/ianclark54/ur5e_ws/install/ur5e_waypoint_mover' for CMake config files
[9.626s] Level 1:colcon.colcon_core.shell:create_environment_hook('ur5e_waypoint_mover', 'cmake_prefix_path')
[9.626s] INFO:colcon.colcon_core.shell:Creating environment hook '/home/ianclark54/ur5e_ws/install/ur5e_waypoint_mover/share/ur5e_waypoint_mover/hook/cmake_prefix_path.ps1'
[9.628s] INFO:colcon.colcon_core.shell:Creating environment descriptor '/home/ianclark54/ur5e_ws/install/ur5e_waypoint_mover/share/ur5e_waypoint_mover/hook/cmake_prefix_path.dsv'
[9.628s] INFO:colcon.colcon_core.shell:Creating environment hook '/home/ianclark54/ur5e_ws/install/ur5e_waypoint_mover/share/ur5e_waypoint_mover/hook/cmake_prefix_path.sh'
[9.629s] Level 1:colcon.colcon_core.environment:checking '/home/ianclark54/ur5e_ws/install/ur5e_waypoint_mover/lib'
[9.629s] Level 1:colcon.colcon_core.shell:create_environment_hook('ur5e_waypoint_mover', 'ld_library_path_lib')
[9.630s] INFO:colcon.colcon_core.shell:Creating environment hook '/home/ianclark54/ur5e_ws/install/ur5e_waypoint_mover/share/ur5e_waypoint_mover/hook/ld_library_path_lib.ps1'
[9.630s] INFO:colcon.colcon_core.shell:Creating environment descriptor '/home/ianclark54/ur5e_ws/install/ur5e_waypoint_mover/share/ur5e_waypoint_mover/hook/ld_library_path_lib.dsv'
[9.630s] INFO:colcon.colcon_core.shell:Creating environment hook '/home/ianclark54/ur5e_ws/install/ur5e_waypoint_mover/share/ur5e_waypoint_mover/hook/ld_library_path_lib.sh'
[9.630s] Level 1:colcon.colcon_core.environment:checking '/home/ianclark54/ur5e_ws/install/ur5e_waypoint_mover/bin'
[9.630s] Level 1:colcon.colcon_core.environment:checking '/home/ianclark54/ur5e_ws/install/ur5e_waypoint_mover/lib/pkgconfig/ur5e_waypoint_mover.pc'
[9.631s] Level 1:colcon.colcon_core.environment:checking '/home/ianclark54/ur5e_ws/install/ur5e_waypoint_mover/lib/python3.12/site-packages'
[9.631s] Level 1:colcon.colcon_core.shell:create_environment_hook('ur5e_waypoint_mover', 'pythonpath')
[9.631s] INFO:colcon.colcon_core.shell:Creating environment hook '/home/ianclark54/ur5e_ws/install/ur5e_waypoint_mover/share/ur5e_waypoint_mover/hook/pythonpath.ps1'
[9.631s] INFO:colcon.colcon_core.shell:Creating environment descriptor '/home/ianclark54/ur5e_ws/install/ur5e_waypoint_mover/share/ur5e_waypoint_mover/hook/pythonpath.dsv'
[9.632s] INFO:colcon.colcon_core.shell:Creating environment hook '/home/ianclark54/ur5e_ws/install/ur5e_waypoint_mover/share/ur5e_waypoint_mover/hook/pythonpath.sh'
[9.632s] Level 1:colcon.colcon_core.environment:checking '/home/ianclark54/ur5e_ws/install/ur5e_waypoint_mover/bin'
[9.632s] INFO:colcon.colcon_core.shell:Creating package script '/home/ianclark54/ur5e_ws/install/ur5e_waypoint_mover/share/ur5e_waypoint_mover/package.ps1'
[9.634s] INFO:colcon.colcon_core.shell:Creating package descriptor '/home/ianclark54/ur5e_ws/install/ur5e_waypoint_mover/share/ur5e_waypoint_mover/package.dsv'
[9.634s] INFO:colcon.colcon_core.shell:Creating package script '/home/ianclark54/ur5e_ws/install/ur5e_waypoint_mover/share/ur5e_waypoint_mover/package.sh'
[9.635s] INFO:colcon.colcon_core.shell:Creating package script '/home/ianclark54/ur5e_ws/install/ur5e_waypoint_mover/share/ur5e_waypoint_mover/package.bash'
[9.636s] INFO:colcon.colcon_core.shell:Creating package script '/home/ianclark54/ur5e_ws/install/ur5e_waypoint_mover/share/ur5e_waypoint_mover/package.zsh'
[9.637s] Level 1:colcon.colcon_core.environment:create_file_with_runtime_dependencies(/home/ianclark54/ur5e_ws/install/ur5e_waypoint_mover/share/colcon-core/packages/ur5e_waypoint_mover)
[9.638s] Level 1:colcon.colcon_core.environment:create_environment_scripts_only(ur5e_waypoint_mover)
[9.638s] Level 1:colcon.colcon_core.environment:checking '/home/ianclark54/ur5e_ws/install/ur5e_waypoint_mover' for CMake module files
[9.639s] Level 1:colcon.colcon_core.environment:checking '/home/ianclark54/ur5e_ws/install/ur5e_waypoint_mover' for CMake config files
[9.639s] Level 1:colcon.colcon_core.shell:create_environment_hook('ur5e_waypoint_mover', 'cmake_prefix_path')
[9.639s] INFO:colcon.colcon_core.shell:Creating environment hook '/home/ianclark54/ur5e_ws/install/ur5e_waypoint_mover/share/ur5e_waypoint_mover/hook/cmake_prefix_path.ps1'
[9.640s] INFO:colcon.colcon_core.shell:Creating environment descriptor '/home/ianclark54/ur5e_ws/install/ur5e_waypoint_mover/share/ur5e_waypoint_mover/hook/cmake_prefix_path.dsv'
[9.640s] INFO:colcon.colcon_core.shell:Creating environment hook '/home/ianclark54/ur5e_ws/install/ur5e_waypoint_mover/share/ur5e_waypoint_mover/hook/cmake_prefix_path.sh'
[9.640s] Level 1:colcon.colcon_core.environment:checking '/home/ianclark54/ur5e_ws/install/ur5e_waypoint_mover/lib'
[9.640s] Level 1:colcon.colcon_core.shell:create_environment_hook('ur5e_waypoint_mover', 'ld_library_path_lib')
[9.641s] INFO:colcon.colcon_core.shell:Creating environment hook '/home/ianclark54/ur5e_ws/install/ur5e_waypoint_mover/share/ur5e_waypoint_mover/hook/ld_library_path_lib.ps1'
[9.641s] INFO:colcon.colcon_core.shell:Creating environment descriptor '/home/ianclark54/ur5e_ws/install/ur5e_waypoint_mover/share/ur5e_waypoint_mover/hook/ld_library_path_lib.dsv'
[9.641s] INFO:colcon.colcon_core.shell:Creating environment hook '/home/ianclark54/ur5e_ws/install/ur5e_waypoint_mover/share/ur5e_waypoint_mover/hook/ld_library_path_lib.sh'
[9.641s] Level 1:colcon.colcon_core.environment:checking '/home/ianclark54/ur5e_ws/install/ur5e_waypoint_mover/bin'
[9.642s] Level 1:colcon.colcon_core.environment:checking '/home/ianclark54/ur5e_ws/install/ur5e_waypoint_mover/lib/pkgconfig/ur5e_waypoint_mover.pc'
[9.642s] Level 1:colcon.colcon_core.environment:checking '/home/ianclark54/ur5e_ws/install/ur5e_waypoint_mover/lib/python3.12/site-packages'
[9.642s] Level 1:colcon.colcon_core.shell:create_environment_hook('ur5e_waypoint_mover', 'pythonpath')
[9.642s] INFO:colcon.colcon_core.shell:Creating environment hook '/home/ianclark54/ur5e_ws/install/ur5e_waypoint_mover/share/ur5e_waypoint_mover/hook/pythonpath.ps1'
[9.642s] INFO:colcon.colcon_core.shell:Creating environment descriptor '/home/ianclark54/ur5e_ws/install/ur5e_waypoint_mover/share/ur5e_waypoint_mover/hook/pythonpath.dsv'
[9.642s] INFO:colcon.colcon_core.shell:Creating environment hook '/home/ianclark54/ur5e_ws/install/ur5e_waypoint_mover/share/ur5e_waypoint_mover/hook/pythonpath.sh'
[9.643s] Level 1:colcon.colcon_core.environment:checking '/home/ianclark54/ur5e_ws/install/ur5e_waypoint_mover/bin'
[9.643s] INFO:colcon.colcon_core.shell:Creating package script '/home/ianclark54/ur5e_ws/install/ur5e_waypoint_mover/share/ur5e_waypoint_mover/package.ps1'
[9.643s] INFO:colcon.colcon_core.shell:Creating package descriptor '/home/ianclark54/ur5e_ws/install/ur5e_waypoint_mover/share/ur5e_waypoint_mover/package.dsv'
[9.644s] INFO:colcon.colcon_core.shell:Creating package script '/home/ianclark54/ur5e_ws/install/ur5e_waypoint_mover/share/ur5e_waypoint_mover/package.sh'
[9.644s] INFO:colcon.colcon_core.shell:Creating package script '/home/ianclark54/ur5e_ws/install/ur5e_waypoint_mover/share/ur5e_waypoint_mover/package.bash'
[9.644s] INFO:colcon.colcon_core.shell:Creating package script '/home/ianclark54/ur5e_ws/install/ur5e_waypoint_mover/share/ur5e_waypoint_mover/package.zsh'
[9.645s] Level 1:colcon.colcon_core.environment:create_file_with_runtime_dependencies(/home/ianclark54/ur5e_ws/install/ur5e_waypoint_mover/share/colcon-core/packages/ur5e_waypoint_mover)
[9.645s] DEBUG:colcon.colcon_parallel_executor.executor.parallel:closing loop
[9.645s] DEBUG:colcon.colcon_parallel_executor.executor.parallel:loop closed
[9.645s] DEBUG:colcon.colcon_parallel_executor.executor.parallel:run_until_complete finished with '0'
[9.645s] DEBUG:colcon.colcon_core.event_reactor:joining thread
[9.697s] INFO:colcon.colcon_core.plugin_system:Skipping extension 'colcon_notification.desktop_notification.notify_send': Could not find 'notify-send'
[9.697s] INFO:colcon.colcon_core.plugin_system:Skipping extension 'colcon_notification.desktop_notification.terminal_notifier': Not used on non-Darwin systems
[9.697s] INFO:colcon.colcon_core.plugin_system:Skipping extension 'colcon_notification.desktop_notification.win32': Not used on non-Windows systems
[9.698s] INFO:colcon.colcon_notification.desktop_notification:Sending desktop notification using 'notify2'
[9.699s] DEBUG:colcon.colcon_notification.desktop_notification.notify2:Failed to initialize notify2: org.freedesktop.DBus.Error.ServiceUnknown: The name org.freedesktop.Notifications was not provided by any .service files
[9.699s] DEBUG:colcon.colcon_core.event_reactor:joined thread
[9.699s] INFO:colcon.colcon_core.shell:Creating prefix script '/home/ianclark54/ur5e_ws/install/local_setup.ps1'
[9.700s] INFO:colcon.colcon_core.shell:Creating prefix util module '/home/ianclark54/ur5e_ws/install/_local_setup_util_ps1.py'
[9.701s] INFO:colcon.colcon_core.shell:Creating prefix chain script '/home/ianclark54/ur5e_ws/install/setup.ps1'
[9.702s] INFO:colcon.colcon_core.shell:Creating prefix script '/home/ianclark54/ur5e_ws/install/local_setup.sh'
[9.702s] INFO:colcon.colcon_core.shell:Creating prefix util module '/home/ianclark54/ur5e_ws/install/_local_setup_util_sh.py'
[9.703s] INFO:colcon.colcon_core.shell:Creating prefix chain script '/home/ianclark54/ur5e_ws/install/setup.sh'
[9.703s] INFO:colcon.colcon_core.shell:Creating prefix script '/home/ianclark54/ur5e_ws/install/local_setup.bash'
[9.704s] INFO:colcon.colcon_core.shell:Creating prefix chain script '/home/ianclark54/ur5e_ws/install/setup.bash'
[9.704s] INFO:colcon.colcon_core.shell:Creating prefix script '/home/ianclark54/ur5e_ws/install/local_setup.zsh'
[9.705s] INFO:colcon.colcon_core.shell:Creating prefix chain script '/home/ianclark54/ur5e_ws/install/setup.zsh'
