[0.329s] DEBUG:colcon:Command line arguments: ['/usr/bin/colcon', 'build', '--packages-select', 'ur_cell_config']
[0.329s] DEBUG:colcon:Parsed command line arguments: Namespace(log_base=None, log_level=None, verb_name='build', build_base='build', install_base='install', merge_install=False, symlink_install=False, test_result_base=None, continue_on_error=False, executor='parallel', parallel_workers=16, event_handlers=None, ignore_user_meta=False, metas=['./colcon.meta'], base_paths=['.'], packages_ignore=None, packages_ignore_regex=None, paths=None, packages_up_to=None, packages_up_to_regex=None, packages_above=None, packages_above_and_dependencies=None, packages_above_depth=None, packages_select_by_dep=None, packages_skip_by_dep=None, packages_skip_up_to=None, packages_select_build_failed=False, packages_skip_build_finished=False, packages_select_test_failures=False, packages_skip_test_passed=False, packages_select=['ur_cell_config'], packages_skip=None, packages_select_regex=None, packages_skip_regex=None, packages_start=None, packages_end=None, allow_overriding=[], cmake_args=None, cmake_target=None, cmake_target_skip_unavailable=False, cmake_clean_cache=False, cmake_clean_first=False, cmake_force_configure=False, ament_cmake_args=None, catkin_cmake_args=None, catkin_skip_building_tests=False, mixin_files=None, mixin=None, verb_parser=<colcon_mixin.mixin.mixin_argument.MixinArgumentDecorator object at 0x751dc39722d0>, verb_extension=<colcon_core.verb.build.BuildVerb object at 0x751dc3aa62d0>, main=<bound method BuildVerb.main of <colcon_core.verb.build.BuildVerb object at 0x751dc3aa62d0>>, mixin_verb=('build',))
[0.423s] Level 1:colcon.colcon_core.package_discovery:discover_packages(colcon_meta) check parameters
[0.423s] Level 1:colcon.colcon_core.package_discovery:discover_packages(recursive) check parameters
[0.423s] Level 1:colcon.colcon_core.package_discovery:discover_packages(ignore) check parameters
[0.423s] Level 1:colcon.colcon_core.package_discovery:discover_packages(path) check parameters
[0.423s] Level 1:colcon.colcon_core.package_discovery:discover_packages(colcon_meta) discover
[0.423s] Level 1:colcon.colcon_core.package_discovery:discover_packages(recursive) discover
[0.423s] INFO:colcon.colcon_core.package_discovery:Crawling recursively for packages in '/home/ianclark54/ur5e_ws'
[0.423s] Level 1:colcon.colcon_core.package_identification:_identify(.) by extensions ['ignore', 'ignore_ament_install']
[0.423s] Level 1:colcon.colcon_core.package_identification:_identify(.) by extension 'ignore'
[0.423s] Level 1:colcon.colcon_core.package_identification:_identify(.) by extension 'ignore_ament_install'
[0.423s] Level 1:colcon.colcon_core.package_identification:_identify(.) by extensions ['colcon_pkg']
[0.423s] Level 1:colcon.colcon_core.package_identification:_identify(.) by extension 'colcon_pkg'
[0.423s] Level 1:colcon.colcon_core.package_identification:_identify(.) by extensions ['colcon_meta']
[0.423s] Level 1:colcon.colcon_core.package_identification:_identify(.) by extension 'colcon_meta'
[0.423s] Level 1:colcon.colcon_core.package_identification:_identify(.) by extensions ['ros']
[0.423s] Level 1:colcon.colcon_core.package_identification:_identify(.) by extension 'ros'
[0.474s] Level 1:colcon.colcon_core.package_identification:_identify(.) by extensions ['cmake', 'python']
[0.474s] Level 1:colcon.colcon_core.package_identification:_identify(.) by extension 'cmake'
[0.474s] Level 1:colcon.colcon_core.package_identification:_identify(.) by extension 'python'
[0.474s] Level 1:colcon.colcon_core.package_identification:_identify(.) by extensions ['python_setup_py']
[0.474s] Level 1:colcon.colcon_core.package_identification:_identify(.) by extension 'python_setup_py'
[0.474s] Level 1:colcon.colcon_core.package_identification:_identify(build) by extensions ['ignore', 'ignore_ament_install']
[0.475s] Level 1:colcon.colcon_core.package_identification:_identify(build) by extension 'ignore'
[0.475s] Level 1:colcon.colcon_core.package_identification:_identify(build) ignored
[0.475s] Level 1:colcon.colcon_core.package_identification:_identify(install) by extensions ['ignore', 'ignore_ament_install']
[0.475s] Level 1:colcon.colcon_core.package_identification:_identify(install) by extension 'ignore'
[0.475s] Level 1:colcon.colcon_core.package_identification:_identify(install) ignored
[0.475s] Level 1:colcon.colcon_core.package_identification:_identify(log) by extensions ['ignore', 'ignore_ament_install']
[0.475s] Level 1:colcon.colcon_core.package_identification:_identify(log) by extension 'ignore'
[0.475s] Level 1:colcon.colcon_core.package_identification:_identify(log) ignored
[0.475s] Level 1:colcon.colcon_core.package_identification:_identify(src) by extensions ['ignore', 'ignore_ament_install']
[0.475s] Level 1:colcon.colcon_core.package_identification:_identify(src) by extension 'ignore'
[0.475s] Level 1:colcon.colcon_core.package_identification:_identify(src) by extension 'ignore_ament_install'
[0.475s] Level 1:colcon.colcon_core.package_identification:_identify(src) by extensions ['colcon_pkg']
[0.475s] Level 1:colcon.colcon_core.package_identification:_identify(src) by extension 'colcon_pkg'
[0.475s] Level 1:colcon.colcon_core.package_identification:_identify(src) by extensions ['colcon_meta']
[0.475s] Level 1:colcon.colcon_core.package_identification:_identify(src) by extension 'colcon_meta'
[0.475s] Level 1:colcon.colcon_core.package_identification:_identify(src) by extensions ['ros']
[0.475s] Level 1:colcon.colcon_core.package_identification:_identify(src) by extension 'ros'
[0.475s] Level 1:colcon.colcon_core.package_identification:_identify(src) by extensions ['cmake', 'python']
[0.475s] Level 1:colcon.colcon_core.package_identification:_identify(src) by extension 'cmake'
[0.475s] Level 1:colcon.colcon_core.package_identification:_identify(src) by extension 'python'
[0.475s] Level 1:colcon.colcon_core.package_identification:_identify(src) by extensions ['python_setup_py']
[0.475s] Level 1:colcon.colcon_core.package_identification:_identify(src) by extension 'python_setup_py'
[0.475s] Level 1:colcon.colcon_core.package_identification:_identify(src/UR5e_3DP) by extensions ['ignore', 'ignore_ament_install']
[0.475s] Level 1:colcon.colcon_core.package_identification:_identify(src/UR5e_3DP) by extension 'ignore'
[0.475s] Level 1:colcon.colcon_core.package_identification:_identify(src/UR5e_3DP) by extension 'ignore_ament_install'
[0.475s] Level 1:colcon.colcon_core.package_identification:_identify(src/UR5e_3DP) by extensions ['colcon_pkg']
[0.475s] Level 1:colcon.colcon_core.package_identification:_identify(src/UR5e_3DP) by extension 'colcon_pkg'
[0.475s] Level 1:colcon.colcon_core.package_identification:_identify(src/UR5e_3DP) by extensions ['colcon_meta']
[0.475s] Level 1:colcon.colcon_core.package_identification:_identify(src/UR5e_3DP) by extension 'colcon_meta'
[0.475s] Level 1:colcon.colcon_core.package_identification:_identify(src/UR5e_3DP) by extensions ['ros']
[0.475s] Level 1:colcon.colcon_core.package_identification:_identify(src/UR5e_3DP) by extension 'ros'
[0.476s] Level 1:colcon.colcon_core.package_identification:_identify(src/UR5e_3DP) by extensions ['cmake', 'python']
[0.476s] Level 1:colcon.colcon_core.package_identification:_identify(src/UR5e_3DP) by extension 'cmake'
[0.476s] Level 1:colcon.colcon_core.package_identification:_identify(src/UR5e_3DP) by extension 'python'
[0.476s] Level 1:colcon.colcon_core.package_identification:_identify(src/UR5e_3DP) by extensions ['python_setup_py']
[0.476s] Level 1:colcon.colcon_core.package_identification:_identify(src/UR5e_3DP) by extension 'python_setup_py'
[0.476s] Level 1:colcon.colcon_core.package_identification:_identify(src/UR5e_3DP/Ian) by extensions ['ignore', 'ignore_ament_install']
[0.476s] Level 1:colcon.colcon_core.package_identification:_identify(src/UR5e_3DP/Ian) by extension 'ignore'
[0.476s] Level 1:colcon.colcon_core.package_identification:_identify(src/UR5e_3DP/Ian) by extension 'ignore_ament_install'
[0.476s] Level 1:colcon.colcon_core.package_identification:_identify(src/UR5e_3DP/Ian) by extensions ['colcon_pkg']
[0.476s] Level 1:colcon.colcon_core.package_identification:_identify(src/UR5e_3DP/Ian) by extension 'colcon_pkg'
[0.476s] Level 1:colcon.colcon_core.package_identification:_identify(src/UR5e_3DP/Ian) by extensions ['colcon_meta']
[0.476s] Level 1:colcon.colcon_core.package_identification:_identify(src/UR5e_3DP/Ian) by extension 'colcon_meta'
[0.476s] Level 1:colcon.colcon_core.package_identification:_identify(src/UR5e_3DP/Ian) by extensions ['ros']
[0.476s] Level 1:colcon.colcon_core.package_identification:_identify(src/UR5e_3DP/Ian) by extension 'ros'
[0.476s] Level 1:colcon.colcon_core.package_identification:_identify(src/UR5e_3DP/Ian) by extensions ['cmake', 'python']
[0.476s] Level 1:colcon.colcon_core.package_identification:_identify(src/UR5e_3DP/Ian) by extension 'cmake'
[0.476s] Level 1:colcon.colcon_core.package_identification:_identify(src/UR5e_3DP/Ian) by extension 'python'
[0.476s] Level 1:colcon.colcon_core.package_identification:_identify(src/UR5e_3DP/Ian) by extensions ['python_setup_py']
[0.476s] Level 1:colcon.colcon_core.package_identification:_identify(src/UR5e_3DP/Ian) by extension 'python_setup_py'
[0.476s] Level 1:colcon.colcon_core.package_identification:_identify(src/UR5e_3DP/Ian/UR5e-Dev) by extensions ['ignore', 'ignore_ament_install']
[0.476s] Level 1:colcon.colcon_core.package_identification:_identify(src/UR5e_3DP/Ian/UR5e-Dev) by extension 'ignore'
[0.476s] Level 1:colcon.colcon_core.package_identification:_identify(src/UR5e_3DP/Ian/UR5e-Dev) by extension 'ignore_ament_install'
[0.476s] Level 1:colcon.colcon_core.package_identification:_identify(src/UR5e_3DP/Ian/UR5e-Dev) by extensions ['colcon_pkg']
[0.476s] Level 1:colcon.colcon_core.package_identification:_identify(src/UR5e_3DP/Ian/UR5e-Dev) by extension 'colcon_pkg'
[0.476s] Level 1:colcon.colcon_core.package_identification:_identify(src/UR5e_3DP/Ian/UR5e-Dev) by extensions ['colcon_meta']
[0.476s] Level 1:colcon.colcon_core.package_identification:_identify(src/UR5e_3DP/Ian/UR5e-Dev) by extension 'colcon_meta'
[0.476s] Level 1:colcon.colcon_core.package_identification:_identify(src/UR5e_3DP/Ian/UR5e-Dev) by extensions ['ros']
[0.476s] Level 1:colcon.colcon_core.package_identification:_identify(src/UR5e_3DP/Ian/UR5e-Dev) by extension 'ros'
[0.476s] Level 1:colcon.colcon_core.package_identification:_identify(src/UR5e_3DP/Ian/UR5e-Dev) by extensions ['cmake', 'python']
[0.476s] Level 1:colcon.colcon_core.package_identification:_identify(src/UR5e_3DP/Ian/UR5e-Dev) by extension 'cmake'
[0.476s] Level 1:colcon.colcon_core.package_identification:_identify(src/UR5e_3DP/Ian/UR5e-Dev) by extension 'python'
[0.476s] Level 1:colcon.colcon_core.package_identification:_identify(src/UR5e_3DP/Ian/UR5e-Dev) by extensions ['python_setup_py']
[0.476s] Level 1:colcon.colcon_core.package_identification:_identify(src/UR5e_3DP/Ian/UR5e-Dev) by extension 'python_setup_py'
[0.476s] Level 1:colcon.colcon_core.package_identification:_identify(src/UR5e_3DP/__pycache__) by extensions ['ignore', 'ignore_ament_install']
[0.477s] Level 1:colcon.colcon_core.package_identification:_identify(src/UR5e_3DP/__pycache__) by extension 'ignore'
[0.477s] Level 1:colcon.colcon_core.package_identification:_identify(src/UR5e_3DP/__pycache__) by extension 'ignore_ament_install'
[0.477s] Level 1:colcon.colcon_core.package_identification:_identify(src/UR5e_3DP/__pycache__) by extensions ['colcon_pkg']
[0.477s] Level 1:colcon.colcon_core.package_identification:_identify(src/UR5e_3DP/__pycache__) by extension 'colcon_pkg'
[0.477s] Level 1:colcon.colcon_core.package_identification:_identify(src/UR5e_3DP/__pycache__) by extensions ['colcon_meta']
[0.477s] Level 1:colcon.colcon_core.package_identification:_identify(src/UR5e_3DP/__pycache__) by extension 'colcon_meta'
[0.477s] Level 1:colcon.colcon_core.package_identification:_identify(src/UR5e_3DP/__pycache__) by extensions ['ros']
[0.477s] Level 1:colcon.colcon_core.package_identification:_identify(src/UR5e_3DP/__pycache__) by extension 'ros'
[0.477s] Level 1:colcon.colcon_core.package_identification:_identify(src/UR5e_3DP/__pycache__) by extensions ['cmake', 'python']
[0.477s] Level 1:colcon.colcon_core.package_identification:_identify(src/UR5e_3DP/__pycache__) by extension 'cmake'
[0.477s] Level 1:colcon.colcon_core.package_identification:_identify(src/UR5e_3DP/__pycache__) by extension 'python'
[0.477s] Level 1:colcon.colcon_core.package_identification:_identify(src/UR5e_3DP/__pycache__) by extensions ['python_setup_py']
[0.477s] Level 1:colcon.colcon_core.package_identification:_identify(src/UR5e_3DP/__pycache__) by extension 'python_setup_py'
[0.477s] Level 1:colcon.colcon_core.package_identification:_identify(src/UR5e_3DP/build) by extensions ['ignore', 'ignore_ament_install']
[0.477s] Level 1:colcon.colcon_core.package_identification:_identify(src/UR5e_3DP/build) by extension 'ignore'
[0.477s] Level 1:colcon.colcon_core.package_identification:_identify(src/UR5e_3DP/build) ignored
[0.477s] Level 1:colcon.colcon_core.package_identification:_identify(src/UR5e_3DP/install) by extensions ['ignore', 'ignore_ament_install']
[0.477s] Level 1:colcon.colcon_core.package_identification:_identify(src/UR5e_3DP/install) by extension 'ignore'
[0.477s] Level 1:colcon.colcon_core.package_identification:_identify(src/UR5e_3DP/install) ignored
[0.477s] Level 1:colcon.colcon_core.package_identification:_identify(src/UR5e_3DP/log) by extensions ['ignore', 'ignore_ament_install']
[0.477s] Level 1:colcon.colcon_core.package_identification:_identify(src/UR5e_3DP/log) by extension 'ignore'
[0.477s] Level 1:colcon.colcon_core.package_identification:_identify(src/UR5e_3DP/log) ignored
[0.477s] Level 1:colcon.colcon_core.package_identification:_identify(src/UR5e_3DP/src) by extensions ['ignore', 'ignore_ament_install']
[0.477s] Level 1:colcon.colcon_core.package_identification:_identify(src/UR5e_3DP/src) by extension 'ignore'
[0.477s] Level 1:colcon.colcon_core.package_identification:_identify(src/UR5e_3DP/src) by extension 'ignore_ament_install'
[0.477s] Level 1:colcon.colcon_core.package_identification:_identify(src/UR5e_3DP/src) by extensions ['colcon_pkg']
[0.477s] Level 1:colcon.colcon_core.package_identification:_identify(src/UR5e_3DP/src) by extension 'colcon_pkg'
[0.477s] Level 1:colcon.colcon_core.package_identification:_identify(src/UR5e_3DP/src) by extensions ['colcon_meta']
[0.477s] Level 1:colcon.colcon_core.package_identification:_identify(src/UR5e_3DP/src) by extension 'colcon_meta'
[0.478s] Level 1:colcon.colcon_core.package_identification:_identify(src/UR5e_3DP/src) by extensions ['ros']
[0.478s] Level 1:colcon.colcon_core.package_identification:_identify(src/UR5e_3DP/src) by extension 'ros'
[0.478s] Level 1:colcon.colcon_core.package_identification:_identify(src/UR5e_3DP/src) by extensions ['cmake', 'python']
[0.478s] Level 1:colcon.colcon_core.package_identification:_identify(src/UR5e_3DP/src) by extension 'cmake'
[0.478s] Level 1:colcon.colcon_core.package_identification:_identify(src/UR5e_3DP/src) by extension 'python'
[0.478s] Level 1:colcon.colcon_core.package_identification:_identify(src/UR5e_3DP/src) by extensions ['python_setup_py']
[0.478s] Level 1:colcon.colcon_core.package_identification:_identify(src/UR5e_3DP/src) by extension 'python_setup_py'
[0.478s] Level 1:colcon.colcon_core.package_identification:_identify(src/UR5e_3DP/src/ur5e_description) by extensions ['ignore', 'ignore_ament_install']
[0.478s] Level 1:colcon.colcon_core.package_identification:_identify(src/UR5e_3DP/src/ur5e_description) by extension 'ignore'
[0.478s] Level 1:colcon.colcon_core.package_identification:_identify(src/UR5e_3DP/src/ur5e_description) by extension 'ignore_ament_install'
[0.478s] Level 1:colcon.colcon_core.package_identification:_identify(src/UR5e_3DP/src/ur5e_description) by extensions ['colcon_pkg']
[0.478s] Level 1:colcon.colcon_core.package_identification:_identify(src/UR5e_3DP/src/ur5e_description) by extension 'colcon_pkg'
[0.478s] Level 1:colcon.colcon_core.package_identification:_identify(src/UR5e_3DP/src/ur5e_description) by extensions ['colcon_meta']
[0.478s] Level 1:colcon.colcon_core.package_identification:_identify(src/UR5e_3DP/src/ur5e_description) by extension 'colcon_meta'
[0.478s] Level 1:colcon.colcon_core.package_identification:_identify(src/UR5e_3DP/src/ur5e_description) by extensions ['ros']
[0.478s] Level 1:colcon.colcon_core.package_identification:_identify(src/UR5e_3DP/src/ur5e_description) by extension 'ros'
[0.482s] DEBUG:colcon.colcon_core.package_identification:Package 'src/UR5e_3DP/src/ur5e_description' with type 'ros.ament_cmake' and name 'ur5e_description'
[0.482s] Level 1:colcon.colcon_core.package_identification:_identify(src/UR5e_3DP/src/ur_cell_config) by extensions ['ignore', 'ignore_ament_install']
[0.482s] Level 1:colcon.colcon_core.package_identification:_identify(src/UR5e_3DP/src/ur_cell_config) by extension 'ignore'
[0.482s] Level 1:colcon.colcon_core.package_identification:_identify(src/UR5e_3DP/src/ur_cell_config) by extension 'ignore_ament_install'
[0.482s] Level 1:colcon.colcon_core.package_identification:_identify(src/UR5e_3DP/src/ur_cell_config) by extensions ['colcon_pkg']
[0.482s] Level 1:colcon.colcon_core.package_identification:_identify(src/UR5e_3DP/src/ur_cell_config) by extension 'colcon_pkg'
[0.482s] Level 1:colcon.colcon_core.package_identification:_identify(src/UR5e_3DP/src/ur_cell_config) by extensions ['colcon_meta']
[0.482s] Level 1:colcon.colcon_core.package_identification:_identify(src/UR5e_3DP/src/ur_cell_config) by extension 'colcon_meta'
[0.482s] Level 1:colcon.colcon_core.package_identification:_identify(src/UR5e_3DP/src/ur_cell_config) by extensions ['ros']
[0.482s] Level 1:colcon.colcon_core.package_identification:_identify(src/UR5e_3DP/src/ur_cell_config) by extension 'ros'
[0.484s] DEBUG:colcon.colcon_core.package_identification:Package 'src/UR5e_3DP/src/ur_cell_config' with type 'ros.ament_cmake' and name 'ur_cell_config'
[0.484s] Level 1:colcon.colcon_core.package_discovery:discover_packages(recursive) using defaults
[0.484s] Level 1:colcon.colcon_core.package_discovery:discover_packages(ignore) discover
[0.484s] Level 1:colcon.colcon_core.package_discovery:discover_packages(ignore) using defaults
[0.484s] Level 1:colcon.colcon_core.package_discovery:discover_packages(path) discover
[0.484s] Level 1:colcon.colcon_core.package_discovery:discover_packages(path) using defaults
[0.522s] INFO:colcon.colcon_core.package_selection:Skipping not selected package 'ur5e_description' in 'src/UR5e_3DP/src/ur5e_description'
[0.523s] Level 1:colcon.colcon_core.package_discovery:discover_packages(prefix_path) check parameters
[0.523s] Level 1:colcon.colcon_core.package_discovery:discover_packages(prefix_path) discover
[0.529s] DEBUG:colcon.colcon_installed_package_information.package_discovery:Found 3 installed packages in /home/ianclark54/ur5e_ws/install
[0.530s] DEBUG:colcon.colcon_installed_package_information.package_discovery:Found 391 installed packages in /opt/ros/jazzy
[0.532s] Level 1:colcon.colcon_core.package_discovery:discover_packages(prefix_path) using defaults
[0.601s] Level 5:colcon.colcon_core.verb:set package 'ur_cell_config' build argument 'cmake_args' from command line to 'None'
[0.601s] Level 5:colcon.colcon_core.verb:set package 'ur_cell_config' build argument 'cmake_target' from command line to 'None'
[0.601s] Level 5:colcon.colcon_core.verb:set package 'ur_cell_config' build argument 'cmake_target_skip_unavailable' from command line to 'False'
[0.601s] Level 5:colcon.colcon_core.verb:set package 'ur_cell_config' build argument 'cmake_clean_cache' from command line to 'False'
[0.601s] Level 5:colcon.colcon_core.verb:set package 'ur_cell_config' build argument 'cmake_clean_first' from command line to 'False'
[0.601s] Level 5:colcon.colcon_core.verb:set package 'ur_cell_config' build argument 'cmake_force_configure' from command line to 'False'
[0.601s] Level 5:colcon.colcon_core.verb:set package 'ur_cell_config' build argument 'ament_cmake_args' from command line to 'None'
[0.601s] Level 5:colcon.colcon_core.verb:set package 'ur_cell_config' build argument 'catkin_cmake_args' from command line to 'None'
[0.601s] Level 5:colcon.colcon_core.verb:set package 'ur_cell_config' build argument 'catkin_skip_building_tests' from command line to 'False'
[0.601s] DEBUG:colcon.colcon_core.verb:Building package 'ur_cell_config' with the following arguments: {'ament_cmake_args': None, 'build_base': '/home/ianclark54/ur5e_ws/build/ur_cell_config', 'catkin_cmake_args': None, 'catkin_skip_building_tests': False, 'cmake_args': None, 'cmake_clean_cache': False, 'cmake_clean_first': False, 'cmake_force_configure': False, 'cmake_target': None, 'cmake_target_skip_unavailable': False, 'install_base': '/home/ianclark54/ur5e_ws/install/ur_cell_config', 'merge_install': False, 'path': '/home/ianclark54/ur5e_ws/src/UR5e_3DP/src/ur_cell_config', 'symlink_install': False, 'test_result_base': None}
[0.601s] INFO:colcon.colcon_core.executor:Executing jobs using 'parallel' executor
[0.602s] DEBUG:colcon.colcon_parallel_executor.executor.parallel:run_until_complete
[0.603s] INFO:colcon.colcon_ros.task.ament_cmake.build:Building ROS package in '/home/ianclark54/ur5e_ws/src/UR5e_3DP/src/ur_cell_config' with build type 'ament_cmake'
[0.603s] INFO:colcon.colcon_cmake.task.cmake.build:Building CMake package in '/home/ianclark54/ur5e_ws/src/UR5e_3DP/src/ur_cell_config'
[0.610s] INFO:colcon.colcon_core.plugin_system:Skipping extension 'colcon_core.shell.bat': Not used on non-Windows systems
[0.610s] INFO:colcon.colcon_core.shell:Skip shell extension 'powershell' for command environment: Not usable outside of PowerShell
[0.610s] DEBUG:colcon.colcon_core.shell:Skip shell extension 'dsv' for command environment
[0.659s] DEBUG:colcon.colcon_core.event_handler.log_command:Invoking command in '/home/ianclark54/ur5e_ws/build/ur_cell_config': CMAKE_PREFIX_PATH=/home/ianclark54/ur5e_ws/install/ur5e_description:/home/ianclark54/ur5e_ws/install/ur_cell_config:/home/ianclark54/ur5e_ws/install/ur5e_waypoint_mover:/opt/ros/jazzy/opt/sdformat_vendor:/opt/ros/jazzy/opt/gz_math_vendor:/opt/ros/jazzy/opt/gz_utils_vendor:/opt/ros/jazzy/opt/gz_tools_vendor:/opt/ros/jazzy/opt/gz_cmake_vendor:/opt/ros/jazzy /usr/bin/cmake --build /home/ianclark54/ur5e_ws/build/ur_cell_config -- -j16 -l16
[0.788s] DEBUG:colcon.colcon_core.event_handler.log_command:Invoked command in '/home/ianclark54/ur5e_ws/build/ur_cell_config' returned '0': CMAKE_PREFIX_PATH=/home/ianclark54/ur5e_ws/install/ur5e_description:/home/ianclark54/ur5e_ws/install/ur_cell_config:/home/ianclark54/ur5e_ws/install/ur5e_waypoint_mover:/opt/ros/jazzy/opt/sdformat_vendor:/opt/ros/jazzy/opt/gz_math_vendor:/opt/ros/jazzy/opt/gz_utils_vendor:/opt/ros/jazzy/opt/gz_tools_vendor:/opt/ros/jazzy/opt/gz_cmake_vendor:/opt/ros/jazzy /usr/bin/cmake --build /home/ianclark54/ur5e_ws/build/ur_cell_config -- -j16 -l16
[0.800s] DEBUG:colcon.colcon_core.event_handler.log_command:Invoking command in '/home/ianclark54/ur5e_ws/build/ur_cell_config': CMAKE_PREFIX_PATH=/home/ianclark54/ur5e_ws/install/ur5e_description:/home/ianclark54/ur5e_ws/install/ur_cell_config:/home/ianclark54/ur5e_ws/install/ur5e_waypoint_mover:/opt/ros/jazzy/opt/sdformat_vendor:/opt/ros/jazzy/opt/gz_math_vendor:/opt/ros/jazzy/opt/gz_utils_vendor:/opt/ros/jazzy/opt/gz_tools_vendor:/opt/ros/jazzy/opt/gz_cmake_vendor:/opt/ros/jazzy /usr/bin/cmake --install /home/ianclark54/ur5e_ws/build/ur_cell_config
[0.819s] Level 1:colcon.colcon_core.environment:create_environment_scripts_only(ur_cell_config)
[0.819s] DEBUG:colcon.colcon_core.event_handler.log_command:Invoked command in '/home/ianclark54/ur5e_ws/build/ur_cell_config' returned '0': CMAKE_PREFIX_PATH=/home/ianclark54/ur5e_ws/install/ur5e_description:/home/ianclark54/ur5e_ws/install/ur_cell_config:/home/ianclark54/ur5e_ws/install/ur5e_waypoint_mover:/opt/ros/jazzy/opt/sdformat_vendor:/opt/ros/jazzy/opt/gz_math_vendor:/opt/ros/jazzy/opt/gz_utils_vendor:/opt/ros/jazzy/opt/gz_tools_vendor:/opt/ros/jazzy/opt/gz_cmake_vendor:/opt/ros/jazzy /usr/bin/cmake --install /home/ianclark54/ur5e_ws/build/ur_cell_config
[0.830s] Level 1:colcon.colcon_core.environment:checking '/home/ianclark54/ur5e_ws/install/ur_cell_config' for CMake module files
[0.831s] Level 1:colcon.colcon_core.environment:checking '/home/ianclark54/ur5e_ws/install/ur_cell_config' for CMake config files
[0.832s] Level 1:colcon.colcon_core.shell:create_environment_hook('ur_cell_config', 'cmake_prefix_path')
[0.833s] INFO:colcon.colcon_core.shell:Creating environment hook '/home/ianclark54/ur5e_ws/install/ur_cell_config/share/ur_cell_config/hook/cmake_prefix_path.ps1'
[0.835s] INFO:colcon.colcon_core.shell:Creating environment descriptor '/home/ianclark54/ur5e_ws/install/ur_cell_config/share/ur_cell_config/hook/cmake_prefix_path.dsv'
[0.836s] INFO:colcon.colcon_core.shell:Creating environment hook '/home/ianclark54/ur5e_ws/install/ur_cell_config/share/ur_cell_config/hook/cmake_prefix_path.sh'
[0.837s] Level 1:colcon.colcon_core.environment:checking '/home/ianclark54/ur5e_ws/install/ur_cell_config/bin'
[0.837s] Level 1:colcon.colcon_core.environment:checking '/home/ianclark54/ur5e_ws/install/ur_cell_config/lib/pkgconfig/ur_cell_config.pc'
[0.837s] Level 1:colcon.colcon_core.environment:checking '/home/ianclark54/ur5e_ws/install/ur_cell_config/lib/python3.12/site-packages'
[0.838s] Level 1:colcon.colcon_core.environment:checking '/home/ianclark54/ur5e_ws/install/ur_cell_config/bin'
[0.838s] INFO:colcon.colcon_core.shell:Creating package script '/home/ianclark54/ur5e_ws/install/ur_cell_config/share/ur_cell_config/package.ps1'
[0.839s] INFO:colcon.colcon_core.shell:Creating package descriptor '/home/ianclark54/ur5e_ws/install/ur_cell_config/share/ur_cell_config/package.dsv'
[0.839s] INFO:colcon.colcon_core.shell:Creating package script '/home/ianclark54/ur5e_ws/install/ur_cell_config/share/ur_cell_config/package.sh'
[0.840s] INFO:colcon.colcon_core.shell:Creating package script '/home/ianclark54/ur5e_ws/install/ur_cell_config/share/ur_cell_config/package.bash'
[0.841s] INFO:colcon.colcon_core.shell:Creating package script '/home/ianclark54/ur5e_ws/install/ur_cell_config/share/ur_cell_config/package.zsh'
[0.842s] Level 1:colcon.colcon_core.environment:create_file_with_runtime_dependencies(/home/ianclark54/ur5e_ws/install/ur_cell_config/share/colcon-core/packages/ur_cell_config)
[0.843s] Level 1:colcon.colcon_core.environment:create_environment_scripts_only(ur_cell_config)
[0.843s] Level 1:colcon.colcon_core.environment:checking '/home/ianclark54/ur5e_ws/install/ur_cell_config' for CMake module files
[0.843s] Level 1:colcon.colcon_core.environment:checking '/home/ianclark54/ur5e_ws/install/ur_cell_config' for CMake config files
[0.843s] Level 1:colcon.colcon_core.shell:create_environment_hook('ur_cell_config', 'cmake_prefix_path')
[0.843s] INFO:colcon.colcon_core.shell:Creating environment hook '/home/ianclark54/ur5e_ws/install/ur_cell_config/share/ur_cell_config/hook/cmake_prefix_path.ps1'
[0.844s] INFO:colcon.colcon_core.shell:Creating environment descriptor '/home/ianclark54/ur5e_ws/install/ur_cell_config/share/ur_cell_config/hook/cmake_prefix_path.dsv'
[0.844s] INFO:colcon.colcon_core.shell:Creating environment hook '/home/ianclark54/ur5e_ws/install/ur_cell_config/share/ur_cell_config/hook/cmake_prefix_path.sh'
[0.844s] Level 1:colcon.colcon_core.environment:checking '/home/ianclark54/ur5e_ws/install/ur_cell_config/bin'
[0.845s] Level 1:colcon.colcon_core.environment:checking '/home/ianclark54/ur5e_ws/install/ur_cell_config/lib/pkgconfig/ur_cell_config.pc'
[0.845s] Level 1:colcon.colcon_core.environment:checking '/home/ianclark54/ur5e_ws/install/ur_cell_config/lib/python3.12/site-packages'
[0.845s] Level 1:colcon.colcon_core.environment:checking '/home/ianclark54/ur5e_ws/install/ur_cell_config/bin'
[0.845s] INFO:colcon.colcon_core.shell:Creating package script '/home/ianclark54/ur5e_ws/install/ur_cell_config/share/ur_cell_config/package.ps1'
[0.846s] INFO:colcon.colcon_core.shell:Creating package descriptor '/home/ianclark54/ur5e_ws/install/ur_cell_config/share/ur_cell_config/package.dsv'
[0.846s] INFO:colcon.colcon_core.shell:Creating package script '/home/ianclark54/ur5e_ws/install/ur_cell_config/share/ur_cell_config/package.sh'
[0.846s] INFO:colcon.colcon_core.shell:Creating package script '/home/ianclark54/ur5e_ws/install/ur_cell_config/share/ur_cell_config/package.bash'
[0.847s] INFO:colcon.colcon_core.shell:Creating package script '/home/ianclark54/ur5e_ws/install/ur_cell_config/share/ur_cell_config/package.zsh'
[0.847s] Level 1:colcon.colcon_core.environment:create_file_with_runtime_dependencies(/home/ianclark54/ur5e_ws/install/ur_cell_config/share/colcon-core/packages/ur_cell_config)
[0.847s] DEBUG:colcon.colcon_parallel_executor.executor.parallel:closing loop
[0.848s] DEBUG:colcon.colcon_parallel_executor.executor.parallel:loop closed
[0.848s] DEBUG:colcon.colcon_parallel_executor.executor.parallel:run_until_complete finished with '0'
[0.848s] DEBUG:colcon.colcon_core.event_reactor:joining thread
[0.902s] INFO:colcon.colcon_core.plugin_system:Skipping extension 'colcon_notification.desktop_notification.notify_send': Could not find 'notify-send'
[0.902s] INFO:colcon.colcon_core.plugin_system:Skipping extension 'colcon_notification.desktop_notification.terminal_notifier': Not used on non-Darwin systems
[0.902s] INFO:colcon.colcon_core.plugin_system:Skipping extension 'colcon_notification.desktop_notification.win32': Not used on non-Windows systems
[0.902s] INFO:colcon.colcon_notification.desktop_notification:Sending desktop notification using 'notify2'
[0.903s] DEBUG:colcon.colcon_notification.desktop_notification.notify2:Failed to initialize notify2: org.freedesktop.DBus.Error.ServiceUnknown: The name org.freedesktop.Notifications was not provided by any .service files
[0.904s] DEBUG:colcon.colcon_core.event_reactor:joined thread
[0.904s] INFO:colcon.colcon_core.shell:Creating prefix script '/home/ianclark54/ur5e_ws/install/local_setup.ps1'
[0.905s] INFO:colcon.colcon_core.shell:Creating prefix util module '/home/ianclark54/ur5e_ws/install/_local_setup_util_ps1.py'
[0.906s] INFO:colcon.colcon_core.shell:Creating prefix chain script '/home/ianclark54/ur5e_ws/install/setup.ps1'
[0.907s] INFO:colcon.colcon_core.shell:Creating prefix script '/home/ianclark54/ur5e_ws/install/local_setup.sh'
[0.907s] INFO:colcon.colcon_core.shell:Creating prefix util module '/home/ianclark54/ur5e_ws/install/_local_setup_util_sh.py'
[0.908s] INFO:colcon.colcon_core.shell:Creating prefix chain script '/home/ianclark54/ur5e_ws/install/setup.sh'
[0.909s] INFO:colcon.colcon_core.shell:Creating prefix script '/home/ianclark54/ur5e_ws/install/local_setup.bash'
[0.909s] INFO:colcon.colcon_core.shell:Creating prefix chain script '/home/ianclark54/ur5e_ws/install/setup.bash'
[0.910s] INFO:colcon.colcon_core.shell:Creating prefix script '/home/ianclark54/ur5e_ws/install/local_setup.zsh'
[0.911s] INFO:colcon.colcon_core.shell:Creating prefix chain script '/home/ianclark54/ur5e_ws/install/setup.zsh'
